
Task 174

>>>>> 2020-07-09 01:27:49.406
OPTIONS https://almightylinuxgod%40mac.com@p66-contacts.icloud.com/47120252/principal/
User-Agent: iOS/14.0 (18A5301v) dataaccessd/1.0
X-Apple-I-Client-Time: 2020-07-09T08:27:49Z
X-Apple-I-Locale: en_US
X-Apple-I-MD: AAAABQAAABCOnOFHAJ50mkG2llwvJihAAAAAAw==
X-Apple-I-MD-M: s/0ezDhy3jm5cFKeijPnXm91I2rnYJlw5k2ufGhHnXzmDrv4+fWPI/7doHhvjoxEQbOduN7ZeKejdNho
X-Apple-I-MD-RINFO: 17106176
X-Apple-I-TimeZone: PDT
X-MMe-Client-Info: <iPhone12,5> <iPhone OS;14.0;18A5301v> <com.apple.AuthKit/1 (com.apple.dataaccess.dataaccessd/1.0)>


>>>>>

Task 175

>>>>> 2020-07-09 01:27:49.414
OPTIONS https://richardkmark%40gmail.com@google.com/carddav/v1/principals/richardkmark%40gmail.com/
Authorization: <Redacted>
User-Agent: iOS/14.0 (18A5301v) dataaccessd/1.0


>>>>>

Task 175

<<<<< 2020-07-09 01:27:49.855
HTTP/1.1 200 (OK)

Allow: UNLOCK,MKCOL,PROPFIND,LOCK,PROPPATCH,OPTIONS,ACL,PUT,GET,REPORT,POST
Alt-Svc: h3-29=":443"; ma=2592000,h3-27=":443"; ma=2592000,h3-25=":443"; ma=2592000,h3-T050=":443"; ma=2592000,h3-Q050=":443"; ma=2592000,h3-Q046=":443"; ma=2592000,h3-Q043=":443"; ma=2592000,quic=":443"; ma=2592000; v="46,43"
Cache-Control: no-cache, no-store, max-age=0, must-revalidate
Content-Disposition: attachment
Content-Length: 0
Content-Type: text/plain; charset=UTF-8
Date: Thu, 09 Jul 2020 08:27:49 GMT
DAV: 1, 2, 3, addressbook, access-control
Expires: Mon, 01 Jan 1990 00:00:00 GMT
Pragma: no-cache
Server: ESF
Vary: Origin, X-Origin, Referer
X-Content-Type-Options: nosniff
X-Frame-Options: SAMEORIGIN
X-XSS-Protection: 1; mode=block


Task 177

>>>>> 2020-07-09 01:27:49.869
PROPFIND https://richardkmark%40gmail.com@google.com/carddav/v1/principals/richardkmark%40gmail.com/
Authorization: <Redacted>
Brief: t
Content-Length: 439
Content-Type: text/xml
Depth: 0
Prefer: return=minimal
User-Agent: iOS/14.0 (18A5301v) dataaccessd/1.0

<?xml version="1.0" encoding="UTF-8"?>
<A:propfind xmlns:A="DAV:">
  <A:prop>
    <D:addressbook-home-set xmlns:D="urn:ietf:params:xml:ns:carddav"/>
    <D:directory-gateway xmlns:D="urn:ietf:params:xml:ns:carddav"/>
    <A:displayname/>
    <C:email-address-set xmlns:C="http://calendarserver.org/ns/"/>
    <A:principal-collection-set/>
    <A:principal-URL/>
    <A:resource-id/>
    <A:supported-report-set/>
  </A:prop>
</A:propfind>

>>>>>

Task 174

<<<<< 2020-07-09 01:27:49.923
HTTP/1.1 200 (OK)

access-control-expose-headers: X-Apple-Request-UUID,Via
Allow: OPTIONS, GET, HEAD, POST, PUT, DELETE, MKCOL, MOVE, REPORT, PROPFIND, PROPPATCH
Apple-Originating-System: UnknownOriginatingSystem
apple-seq: 0
apple-tk: false
Connection: keep-alive
Content-Length: 0
Content-Type: text/plain; charset=UTF-8
Date: Thu, 09 Jul 2020 08:27:49 GMT
DAV: 1, 2, access-control, addressbook, addressbook-proxy, extended-mkcol, sync-collection
Server: AppleHttpServer/ac9d40131a4d
Strict-Transport-Security: max-age=31536000; includeSubDomains;
Via: xrail:mr90p00ic-zteu08151101.me.com:8301:19C518:grp23,631194250daa17e24277dea86cf30319:aa19c0275c6704897b40eb2aed01df0f:San Jose
X-Accept-Client-Encoding: gzip
X-Apple-Jingle-Correlation-Key: TWZM7FYLBBBGLI4TZ4QSIHQHV4
X-Apple-Request-UUID: 9db2cf97-0b08-4265-a393-cf21241e07af
X-Responding-Instance: carddav:36600201:mr30p66ic-tyfb03081601:8501:2012B508:aba996e2df1a


Task 177

<<<<< 2020-07-09 01:27:50.007
HTTP/1.1 207 (Multi-Status)

Alt-Svc: h3-29=":443"; ma=2592000,h3-27=":443"; ma=2592000,h3-25=":443"; ma=2592000,h3-T050=":443"; ma=2592000,h3-Q050=":443"; ma=2592000,h3-Q046=":443"; ma=2592000,h3-Q043=":443"; ma=2592000,quic=":443"; ma=2592000; v="46,43"
Cache-Control: no-cache, no-store, max-age=0, must-revalidate
Content-Length: 958
Content-Type: text/xml; charset=UTF-8
Date: Thu, 09 Jul 2020 08:27:49 GMT
DAV: 1, 2, 3, addressbook, access-control
Expires: Mon, 01 Jan 1990 00:00:00 GMT
Pragma: no-cache
Server: ESF
Vary: Origin, X-Origin, Referer
X-Content-Type-Options: nosniff
X-Frame-Options: SAMEORIGIN
X-XSS-Protection: 1; mode=block

<?xml version="1.0" encoding="UTF-8"?>
<d:multistatus xmlns:cal="urn:ietf:params:xml:ns:caldav" xmlns:card="urn:ietf:params:xml:ns:carddav" xmlns:cs="http://calendarserver.org/ns/" xmlns:d="DAV:" xmlns:ical="http://apple.com/ns/ical/">
 <d:response>
  <d:href>/carddav/v1/principals/richardkmark@gmail.com/</d:href>
  <d:propstat>
   <d:status>HTTP/1.1 200 OK</d:status>
   <d:prop>
    <d:displayname>Principal</d:displayname>
    <card:addressbook-home-set>
     <d:href>/carddav/v1/principals/richardkmark@gmail.com/lists/</d:href>
    </card:addressbook-home-set>
    <d:principal-URL>
     <d:href>/carddav/v1/principals/richardkmark@gmail.com/</d:href>
    </d:principal-URL>
    <d:principal-collection-set/>
   </d:prop>
  </d:propstat>
  <d:propstat>
   <d:status>HTTP/1.1 404 Not Found</d:status>
   <d:prop>
    <card:directory-gateway/>
    <cs:email-address-set/>
    <d:resource-id/>
   </d:prop>
  </d:propstat>
 </d:response>
</d:multistatus>
<<<<<

Task 179

>>>>> 2020-07-09 01:27:50.012
PROPFIND https://richardkmark%40gmail.com@google.com/carddav/v1/principals/richardkmark%40gmail.com/lists/
Authorization: <Redacted>
Brief: t
Content-Length: 782
Content-Type: text/xml
Depth: 1
Prefer: return=minimal
User-Agent: iOS/14.0 (18A5301v) dataaccessd/1.0

<?xml version="1.0" encoding="UTF-8"?>
<A:propfind xmlns:A="DAV:">
  <A:prop>
    <A:add-member/>
    <E:bulk-requests xmlns:E="http://me.com/_namespace/"/>
    <A:current-user-privilege-set/>
    <A:displayname/>
    <E:guardian-restricted xmlns:E="http://me.com/_namespace/"/>
    <D:max-image-size xmlns:D="urn:ietf:params:xml:ns:carddav"/>
    <D:max-resource-size xmlns:D="urn:ietf:params:xml:ns:carddav"/>
    <C:me-card xmlns:C="http://calendarserver.org/ns/"/>
    <A:owner/>
    <C:push-transports xmlns:C="http://calendarserver.org/ns/"/>
    <C:pushkey xmlns:C="http://calendarserver.org/ns/"/>
    <A:quota-available-bytes/>
    <A:quota-used-bytes/>
    <A:resource-id/>
    <A:resourcetype/>
    <A:supported-report-set/>
    <A:sync-token/>
  </A:prop>
</A:propfind>

>>>>>

Task 179

<<<<< 2020-07-09 01:27:50.104
HTTP/1.1 207 (Multi-Status)

Alt-Svc: h3-29=":443"; ma=2592000,h3-27=":443"; ma=2592000,h3-25=":443"; ma=2592000,h3-T050=":443"; ma=2592000,h3-Q050=":443"; ma=2592000,h3-Q046=":443"; ma=2592000,h3-Q043=":443"; ma=2592000,quic=":443"; ma=2592000; v="46,43"
Cache-Control: no-cache, no-store, max-age=0, must-revalidate
Content-Length: 4902
Content-Type: text/xml; charset=UTF-8
Date: Thu, 09 Jul 2020 08:27:50 GMT
Expires: Mon, 01 Jan 1990 00:00:00 GMT
Pragma: no-cache
Server: ESF
Vary: Origin, X-Origin, Referer
X-Content-Type-Options: nosniff
X-Frame-Options: SAMEORIGIN
X-XSS-Protection: 1; mode=block

<?xml version="1.0" encoding="UTF-8"?>
<d:multistatus xmlns:cal="urn:ietf:params:xml:ns:caldav" xmlns:card="urn:ietf:params:xml:ns:carddav" xmlns:cs="http://calendarserver.org/ns/" xmlns:d="DAV:" xmlns:ical="http://apple.com/ns/ical/">
 <d:response>
  <d:href>/carddav/v1/principals/richardkmark@gmail.com/lists/</d:href>
  <d:propstat>
   <d:status>HTTP/1.1 200 OK</d:status>
   <d:prop>
    <d:displayname>Homeset</d:displayname>
    <d:current-user-privilege-set>
     <d:privilege>
      <d:read/>
     </d:privilege>
     <d:privilege>
      <d:read-acl/>
     </d:privilege>
     <d:privilege>
      <d:read-current-user-privilege-set/>
     </d:privilege>
     <d:privilege>
      <d:unlock/>
     </d:privilege>
     <d:privilege>
      <d:write/>
     </d:privilege>
     <d:privilege>
      <d:write-acl/>
     </d:privilege>
    </d:current-user-privilege-set>
    <d:add-member>
     <d:href>/carddav/v1/principals/richardkmark@gmail.com/lists/default/</d:href>
    </d:add-member>
    <d:supported-report-set>
     <d:supported-report>
      <d:report>
       <d:principal-search-property-set/>
      </d:report>
     </d:supported-report>
     <d:supported-report>
      <d:report>
       <card:addressbook-query/>
      </d:report>
     </d:supported-report>
     <d:supported-report>
      <d:report>
       <d:expand-property/>
      </d:report>
     </d:supported-report>
     <d:supported-report>
      <d:report>
       <d:principal-property-search/>
      </d:report>
     </d:supported-report>
     <d:supported-report>
      <d:report>
       <d:acl-principal-prop-set/>
      </d:report>
     </d:supported-report>
     <d:supported-report>
      <d:report>
       <card:addressbook-multiget/>
      </d:report>
     </d:supported-report>
     <d:supported-report>
      <d:report>
       <d:principal-match/>
      </d:report>
     </d:supported-report>
    </d:supported-report-set>
    <d:resourcetype>
     <d:collection/>
    </d:resourcetype>
   </d:prop>
  </d:propstat>
  <d:propstat>
   <d:status>HTTP/1.1 404 Not Found</d:status>
   <d:prop>
    <ns1:bulk-requests xmlns:ns1="http://me.com/_namespace/"/>
    <ns2:guardian-restricted xmlns:ns2="http://me.com/_namespace/"/>
    <card:max-image-size/>
    <card:max-resource-size/>
    <cs:me-card/>
    <d:owner/>
    <cs:push-transports/>
    <cs:pushkey/>
    <d:quota-available-bytes/>
    <d:quota-used-bytes/>
    <d:resource-id/>
    <d:sync-token/>
   </d:prop>
  </d:propstat>
 </d:response>
 <d:response>
  <d:href>/carddav/v1/principals/richardkmark@gmail.com/lists/default/</d:href>
  <d:propstat>
   <d:status>HTTP/1.1 200 OK</d:status>
   <d:prop>
    <d:displayname>Address Book</d:displayname>
    <d:current-user-privilege-set>
     <d:privilege>
      <d:read/>
     </d:privilege>
     <d:privilege>
      <d:read-acl/>
     </d:privilege>
     <d:privilege>
      <d:read-current-user-privilege-set/>
     </d:privilege>
     <d:privilege>
      <d:unlock/>
     </d:privilege>
     <d:privilege>
      <d:write/>
     </d:privilege>
     <d:privilege>
      <d:write-acl/>
     </d:privilege>
    </d:current-user-privilege-set>
    <d:add-member>
     <d:href>/carddav/v1/principals/richardkmark@gmail.com/lists/default/</d:href>
    </d:add-member>
    <d:supported-report-set>
     <d:supported-report>
      <d:report>
       <d:principal-search-property-set/>
      </d:report>
     </d:supported-report>
     <d:supported-report>
      <d:report>
       <card:addressbook-query/>
      </d:report>
     </d:supported-report>
     <d:supported-report>
      <d:report>
       <d:expand-property/>
      </d:report>
     </d:supported-report>
     <d:supported-report>
      <d:report>
       <d:principal-property-search/>
      </d:report>
     </d:supported-report>
     <d:supported-report>
      <d:report>
       <d:acl-principal-prop-set/>
      </d:report>
     </d:supported-report>
     <d:supported-report>
      <d:report>
       <card:addressbook-multiget/>
      </d:report>
     </d:supported-report>
     <d:supported-report>
      <d:report>
       <d:principal-match/>
      </d:report>
     </d:supported-report>
     <d:supported-report>
      <d:report>
       <d:sync-collection/>
      </d:report>
     </d:supported-report>
    </d:supported-report-set>
    <d:resourcetype>
     <d:collection/>
     <card:addressbook/>
    </d:resourcetype>
   </d:prop>
  </d:propstat>
  <d:propstat>
   <d:status>HTTP/1.1 404 Not Found</d:status>
   <d:prop>
    <ns3:bulk-requests xmlns:ns3="http://me.com/_namespace/"/>
    <ns4:guardian-restricted xmlns:ns4="http://me.com/_namespace/"/>
    <card:max-image-size/>
    <card:max-resource-size/>
    <cs:me-card/>
    <d:owner/>
    <cs:push-transports/>
    <cs:pushkey/>
    <d:quota-available-bytes/>
    <d:quota-used-bytes/>
    <d:resource-id/>
    <d:sync-token/>
   </d:prop>
  </d:propstat>
 </d:response>
</d:multistatus>
<<<<<

Task 181

>>>>> 2020-07-09 01:27:50.180
PROPFIND https://almightylinuxgod%40mac.com@p66-contacts.icloud.com/47120252/principal/
Brief: t
Cache-Control: no-transform
Content-Encoding: gzip
Content-Length: 260
Content-Type: text/xml
Depth: 0
Prefer: return=minimal
User-Agent: iOS/14.0 (18A5301v) dataaccessd/1.0
X-Apple-Client-Info: <iPhone12,5> <iPhone OS;14.0;18A5301v> <com.apple.coredav/1.0.1 (com.apple.dataaccess.dataaccessd/1.0)>
X-Apple-I-Client-Time: 2020-07-09T08:27:50Z
X-Apple-I-Locale: en_US
X-Apple-I-MD: AAAABQAAABCOnOFHAJ50mkG2llwvJihAAAAAAw==
X-Apple-I-MD-M: s/0ezDhy3jm5cFKeijPnXm91I2rnYJlw5k2ufGhHnXzmDrv4+fWPI/7doHhvjoxEQbOduN7ZeKejdNho
X-Apple-I-MD-RINFO: 17106176
X-Apple-I-TimeZone: PDT
X-MMe-Client-Info: <iPhone12,5> <iPhone OS;14.0;18A5301v> <com.apple.AuthKit/1 (com.apple.dataaccess.dataaccessd/1.0)>

[compression: gzip]
<?xml version="1.0" encoding="UTF-8"?>
<A:propfind xmlns:A="DAV:">
  <A:prop>
    <D:addressbook-home-set xmlns:D="urn:ietf:params:xml:ns:carddav"/>
    <D:directory-gateway xmlns:D="urn:ietf:params:xml:ns:carddav"/>
    <A:displayname/>
    <C:email-address-set xmlns:C="http://calendarserver.org/ns/"/>
    <A:principal-collection-set/>
    <A:principal-URL/>
    <A:resource-id/>
    <A:supported-report-set/>
  </A:prop>
</A:propfind>

>>>>>

Task 181

<<<<< 2020-07-09 01:27:50.322
HTTP/1.1 207 (Multi-Status)

access-control-expose-headers: X-Apple-Request-UUID,Via
Apple-Originating-System: UnknownOriginatingSystem
apple-seq: 0
apple-tk: false
Connection: keep-alive
Content-Encoding: gzip
Content-Type: application/xml; charset=UTF-8
Date: Thu, 09 Jul 2020 08:27:50 GMT
Server: AppleHttpServer/ac9d40131a4d
Strict-Transport-Security: max-age=31536000; includeSubDomains;
Transfer-Encoding: Identity
Via: xrail:mr90p00ic-zteu08120201.me.com:8301:19C518:grp23,631194250daa17e24277dea86cf30319:aa19c0275c6704897b40eb2aed01df0f:San Jose
X-Apple-Jingle-Correlation-Key: GDICJONJCNEA5MTEOSNR6R6OZY
X-Apple-Request-UUID: 30d024b9-a913-480e-b264-749b1f47cece
X-Responding-Instance: carddav:36600601:mr30p66ic-tyfb03030201:8501:2012B508:aba996e2df1a

<?xml version="1.0" encoding="UTF-8"?>
<multistatus xmlns="DAV:">

	<response>
		<href>/47120252/principal/</href>
		
		<propstat>
			<prop>
			
			<principal-URL>
			    <href>/47120252/principal/</href>
			</principal-URL>
			
            
			
			
			
			
            
            
            
            
            

            
            
            
            
            
			
			
            
            
            
            
            
            
            
            
				<supported-report-set>
					<supported-report>
						<report>
							<sync-collection/>
						</report>
					</supported-report>
					<supported-report>
						<report>
							<addressbook-multiget xmlns="urn:ietf:params:xml:ns:carddav"/>
						</report>
					</supported-report>
				</supported-report-set>
			
            
            
             
             
             
             
             
             
             
                <addressbook-home-set xmlns="urn:ietf:params:xml:ns:carddav">
                    <href xmlns="DAV:">https://p66-contacts.icloud.com:443/47120252/carddavhome/</href>
                </addressbook-home-set>
             
             
                <displayname>Rick Mark</displayname>
             
             
             
             
             
             
             
             
             
             
             
             
             
			</prop>
			<status>HTTP/1.1 200 OK</status>
		</propstat>
		
		
		<propstat>
			<prop>
				<resource-id/>
<principal-collection-set/>
<email-address-set xmlns="http://calendarserver.org/ns/"/>
<directory-gateway xmlns="urn:ietf:params:xml:ns:carddav"/>

			</prop>
			<status>HTTP/1.1 404 Not Found</status>
		</propstat>
        
	</response>

</multistatus>

<<<<<

Task 183

>>>>> 2020-07-09 01:27:50.336
PROPFIND https://almightylinuxgod%40mac.com@p66-contacts.icloud.com/47120252/carddavhome/
Brief: t
Cache-Control: no-transform
Content-Encoding: gzip
Content-Length: 350
Content-Type: text/xml
Depth: 1
Prefer: return=minimal
User-Agent: iOS/14.0 (18A5301v) dataaccessd/1.0
X-Apple-Client-Info: <iPhone12,5> <iPhone OS;14.0;18A5301v> <com.apple.coredav/1.0.1 (com.apple.dataaccess.dataaccessd/1.0)>
X-Apple-I-Client-Time: 2020-07-09T08:27:50Z
X-Apple-I-Locale: en_US
X-Apple-I-MD: AAAABQAAABCOnOFHAJ50mkG2llwvJihAAAAAAw==
X-Apple-I-MD-M: s/0ezDhy3jm5cFKeijPnXm91I2rnYJlw5k2ufGhHnXzmDrv4+fWPI/7doHhvjoxEQbOduN7ZeKejdNho
X-Apple-I-MD-RINFO: 17106176
X-Apple-I-TimeZone: PDT
X-MMe-Client-Info: <iPhone12,5> <iPhone OS;14.0;18A5301v> <com.apple.AuthKit/1 (com.apple.dataaccess.dataaccessd/1.0)>

[compression: gzip]
<?xml version="1.0" encoding="UTF-8"?>
<A:propfind xmlns:A="DAV:">
  <A:prop>
    <A:add-member/>
    <E:bulk-requests xmlns:E="http://me.com/_namespace/"/>
    <A:current-user-privilege-set/>
    <A:displayname/>
    <E:guardian-restricted xmlns:E="http://me.com/_namespace/"/>
    <D:max-image-size xmlns:D="urn:ietf:params:xml:ns:carddav"/>
    <D:max-resource-size xmlns:D="urn:ietf:params:xml:ns:carddav"/>
    <C:me-card xmlns:C="http://calendarserver.org/ns/"/>
    <A:owner/>
    <C:push-transports xmlns:C="http://calendarserver.org/ns/"/>
    <C:pushkey xmlns:C="http://calendarserver.org/ns/"/>
    <A:quota-available-bytes/>
    <A:quota-used-bytes/>
    <A:resource-id/>
    <A:resourcetype/>
    <A:supported-report-set/>
    <A:sync-token/>
  </A:prop>
</A:propfind>

>>>>>

Task 183

<<<<< 2020-07-09 01:27:50.601
HTTP/1.1 207 (Multi-Status)

access-control-expose-headers: X-Apple-Request-UUID,Via
Apple-Originating-System: UnknownOriginatingSystem
apple-seq: 0
apple-tk: false
Connection: keep-alive
Content-Encoding: gzip
Content-Type: application/xml; charset=UTF-8
Date: Thu, 09 Jul 2020 08:27:50 GMT
Server: AppleHttpServer/ac9d40131a4d
Strict-Transport-Security: max-age=31536000; includeSubDomains;
Transfer-Encoding: Identity
Via: xrail:mr90p00ic-zteu08120401.me.com:8301:19C518:grp23,631194250daa17e24277dea86cf30319:aa19c0275c6704897b40eb2aed01df0f:San Jose
X-Apple-Jingle-Correlation-Key: WEAO2XVDABCNRABCABZIYOWXJE
X-Apple-Request-UUID: b100ed5e-a300-44d8-8022-00728c3ad749
X-Responding-Instance: carddav:36600401:mr30p66ic-tyfb04021301:8501:2012B508:aba996e2df1a

<?xml version="1.0" encoding="UTF-8"?>
<multistatus xmlns="DAV:">

	<response>
		<href>/47120252/carddavhome/</href>
		
		<propstat>
			<prop>
			
			
            
			
			
				<current-user-privilege-set>
					<privilege>
						<read-current-user-privilege-set/>
					</privilege>
					<privilege>
						<read/>
					</privilege>
					<privilege>
						<read-acl/>
					</privilege>
					<privilege>
						<write/>
					</privilege>
					<privilege>
						<bind/>
					</privilege>
				</current-user-privilege-set>
			
			
				<me-card xmlns="http://calendarserver.org/ns/">
					<href xmlns="DAV:">/47120252/carddavhome/card/Y2YzYTJmOTgtM2FhYS00NzE4LWJmNTMtMjJhZjg4OWIxYmJk.vcf</href>
				</me-card>
			
            
            
            
            

            
				<push-transports xmlns="http://calendarserver.org/ns/">
					<transport type="APSD">
						<subscription-url>
							<href xmlns="DAV:">/47120252/mm/push/register</href>
						</subscription-url>
						<apsbundleid>com.me.contacts</apsbundleid>
						<env xmlns="urn:mobileme:davservices">PRODUCTION</env>
						<refresh-interval>120000</refresh-interval>
					</transport>
				</push-transports>
			
            
				<quota-available-bytes>49231422</quota-available-bytes>
			
            
				<quota-used-bytes>1100226</quota-used-bytes>
			
			
            
            
            
            
            
            
				<resourcetype>
					<collection/>

				</resourcetype>
			
            
				<supported-report-set>
					<supported-report>
						<report>
							<sync-collection/>
						</report>
					</supported-report>
					<supported-report>
						<report>
							<addressbook-multiget xmlns="urn:ietf:params:xml:ns:carddav"/>
						</report>
					</supported-report>
				</supported-report-set>
			
            
            
             
             
             
             
             
             
             
             
             
             
             
             
             
             
             
			    <sync-token>HwoQEgwAADxDuQgu8gAAAAAYARgAIhUIy4GtqLDDwLg5ENL0rum6/OLvswEoAA==</sync-token>
			 
             
             
             
             
             
             
			</prop>
			<status>HTTP/1.1 200 OK</status>
		</propstat>
		
		
		<propstat>
			<prop>
				<resource-id/>
<pushkey xmlns="http://calendarserver.org/ns/"/>
<owner/>
<max-resource-size xmlns="urn:ietf:params:xml:ns:carddav"/>
<max-image-size xmlns="urn:ietf:params:xml:ns:carddav"/>
<guardian-restricted xmlns="http://me.com/_namespace/"/>
<displayname/>
<bulk-requests xmlns="http://me.com/_namespace/"/>
<add-member/>

			</prop>
			<status>HTTP/1.1 404 Not Found</status>
		</propstat>
        
	</response>

	<response>
		<href>/47120252/carddavhome/card/</href>
		
		<propstat>
			<prop>
			
			
            
			
			
				<current-user-privilege-set>
					<privilege>
						<read-current-user-privilege-set/>
					</privilege>
					<privilege>
						<read/>
					</privilege>
					<privilege>
						<read-acl/>
					</privilege>
					<privilege>
						<write/>
					</privilege>
					<privilege>
						<bind/>
					</privilege>
				</current-user-privilege-set>
			
			
            
            
            
            
				<guardian-restricted xmlns="http://me.com/_namespace/">false</guardian-restricted>
			

            
            
            
				<quota-available-bytes>49231422</quota-available-bytes>
			
            
				<quota-used-bytes>1100226</quota-used-bytes>
			
			
            
            
            
            
            
            
				<resourcetype>
					<collection/>
<addressbook xmlns="urn:ietf:params:xml:ns:carddav"/>

				</resourcetype>
			
            
				<supported-report-set>
					<supported-report>
						<report>
							<sync-collection/>
						</report>
					</supported-report>
					<supported-report>
						<report>
							<addressbook-multiget xmlns="urn:ietf:params:xml:ns:carddav"/>
						</report>
					</supported-report>
				</supported-report-set>
			
            
            <bulk-requests xmlns="http://me.com/_namespace/">
                <simple>
                <max-resources>25</max-resources>
                <max-size>10485760</max-size>
                <supported>
                    <insert/>
                </supported>
                </simple>
                <crud>
                <max-resources>25</max-resources>
                <max-size>10485760</max-size>
                <supported>
                    <insert/>
                    <update/>
                    <delete/>
                </supported>
                </crud>
            </bulk-requests>
            
             
                <max-image-size xmlns="urn:ietf:params:xml:ns:carddav">229376</max-image-size>
             
             
                 <max-resource-size xmlns="urn:ietf:params:xml:ns:carddav">563200</max-resource-size>
             
             
                <pushkey xmlns="http://calendarserver.org/ns/">47120252</pushkey>
             
             
             
             
             
             
             
             
             
             
			    <sync-token>HwoQEgwAAAjSn7DWswAAAAIYAhgAIhUI/ojBs7H7rf1/EIWfw5GvmdP9mQEoAA==</sync-token>
			 
             
             
             
             
             
             
			</prop>
			<status>HTTP/1.1 200 OK</status>
		</propstat>
		
		
		<propstat>
			<prop>
				<resource-id/>
<push-transports xmlns="http://calendarserver.org/ns/"/>
<owner/>
<me-card xmlns="http://calendarserver.org/ns/"/>
<displayname/>
<add-member/>

			</prop>
			<status>HTTP/1.1 404 Not Found</status>
		</propstat>
        
	</response>

</multistatus>

<<<<<

Task 184

>>>>> 2020-07-09 01:27:50.690
REPORT https://richardkmark%40gmail.com@google.com/carddav/v1/principals/richardkmark%40gmail.com/lists/default/
Authorization: <Redacted>
Brief: t
Content-Length: 274
Content-Type: text/xml
Depth: 1
Prefer: return=minimal
User-Agent: iOS/14.0 (18A5301v) dataaccessd/1.0

<?xml version="1.0" encoding="UTF-8"?>
<A:sync-collection xmlns:A="DAV:">
  <A:sync-token>https://www.googleapis.com/carddav/v1/synctoken/0801100118F0B7C7ABD6BFEA02</A:sync-token>
  <A:sync-level>1</A:sync-level>
  <A:prop>
    <A:getetag/>
  </A:prop>
</A:sync-collection>

>>>>>

Task 184

<<<<< 2020-07-09 01:27:51.031
HTTP/1.1 207 (Multi-Status)

Alt-Svc: h3-29=":443"; ma=2592000,h3-27=":443"; ma=2592000,h3-25=":443"; ma=2592000,h3-T050=":443"; ma=2592000,h3-Q050=":443"; ma=2592000,h3-Q046=":443"; ma=2592000,h3-Q043=":443"; ma=2592000,quic=":443"; ma=2592000; v="46,43"
Cache-Control: no-cache, no-store, max-age=0, must-revalidate
Content-Length: 357
Content-Type: text/xml; charset=UTF-8
Date: Thu, 09 Jul 2020 08:27:50 GMT
Expires: Mon, 01 Jan 1990 00:00:00 GMT
Pragma: no-cache
Server: ESF
Vary: Origin, X-Origin, Referer
X-Content-Type-Options: nosniff
X-Frame-Options: SAMEORIGIN
X-XSS-Protection: 1; mode=block

<?xml version="1.0" encoding="UTF-8"?>
<d:multistatus xmlns:cal="urn:ietf:params:xml:ns:caldav" xmlns:card="urn:ietf:params:xml:ns:carddav" xmlns:cs="http://calendarserver.org/ns/" xmlns:d="DAV:" xmlns:ical="http://apple.com/ns/ical/">
 <d:sync-token>https://www.googleapis.com/carddav/v1/synctoken/0801100118B0E6FEC3DBBFEA02</d:sync-token>
</d:multistatus>
<<<<<

Task 187

>>>>> 2020-07-09 01:27:51.311
REPORT https://almightylinuxgod%40mac.com@p66-contacts.icloud.com/47120252/carddavhome/card/
Brief: t
Cache-Control: no-transform
Content-Encoding: gzip
Content-Length: 200
Content-Type: text/xml
Depth: 1
Prefer: return=minimal
User-Agent: iOS/14.0 (18A5301v) dataaccessd/1.0
X-Apple-Client-Info: <iPhone12,5> <iPhone OS;14.0;18A5301v> <com.apple.coredav/1.0.1 (com.apple.dataaccess.dataaccessd/1.0)>
X-Apple-I-Client-Time: 2020-07-09T08:27:51Z
X-Apple-I-Locale: en_US
X-Apple-I-MD: AAAABQAAABCOnOFHAJ50mkG2llwvJihAAAAAAw==
X-Apple-I-MD-M: s/0ezDhy3jm5cFKeijPnXm91I2rnYJlw5k2ufGhHnXzmDrv4+fWPI/7doHhvjoxEQbOduN7ZeKejdNho
X-Apple-I-MD-RINFO: 17106176
X-Apple-I-TimeZone: PDT
X-MMe-Client-Info: <iPhone12,5> <iPhone OS;14.0;18A5301v> <com.apple.AuthKit/1 (com.apple.dataaccess.dataaccessd/1.0)>

[compression: gzip]
<?xml version="1.0" encoding="UTF-8"?>
<A:sync-collection xmlns:A="DAV:">
  <A:sync-token>HwoQEgwAAAjSn7DWswAAAAIYAhgAIhUI/ojBs7H7rf1/EIWfw5GvmdP9mQEoAA==</A:sync-token>
  <A:sync-level>1</A:sync-level>
  <A:prop>
    <A:getetag/>
  </A:prop>
</A:sync-collection>

>>>>>

Task 187

<<<<< 2020-07-09 01:27:51.511
HTTP/1.1 207 (Multi-Status)

access-control-expose-headers: X-Apple-Request-UUID,Via
Apple-Originating-System: UnknownOriginatingSystem
apple-seq: 0
apple-tk: false
Connection: keep-alive
Content-Encoding: gzip
Content-Length: 169
Content-Type: application/xml; charset=UTF-8
Date: Thu, 09 Jul 2020 08:27:51 GMT
Server: AppleHttpServer/ac9d40131a4d
Strict-Transport-Security: max-age=31536000; includeSubDomains;
Via: xrail:mr90p00ic-zteu08130201.me.com:8301:19C518:grp23,631194250daa17e24277dea86cf30319:aa19c0275c6704897b40eb2aed01df0f:San Jose
X-Apple-Jingle-Correlation-Key: BR42SNOC6BDZ3P5IEMFB6F6UQY
X-Apple-Request-UUID: 0c79a935-c2f0-479d-bfa8-230a1f17d486
X-Responding-Instance: carddav:36600401:mr30p66ic-tyfb04021301:8501:2012B508:aba996e2df1a

<?xml version="1.0" encoding="UTF-8"?>

<multistatus xmlns="DAV:">




<sync-token>HwoQEgwAAAjSn7DWswAAAAIYAhgAIhUI/ojBs7H7rf1/EIWfw5GvmdP9mQEoAA==</sync-token>
</multistatus>



<<<<<

Task 189

>>>>> 2020-07-09 01:45:40.074
OPTIONS https://almightylinuxgod%40mac.com@p66-contacts.icloud.com/47120252/principal/
User-Agent: iOS/14.0 (18A5301v) dataaccessd/1.0
X-Apple-I-Client-Time: 2020-07-09T08:45:40Z
X-Apple-I-Locale: en_US
X-Apple-I-MD: AAAABQAAABDWjZWGKgHGgpf2qhDPmUE/AAAAAw==
X-Apple-I-MD-M: s/0ezDhy3jm5cFKeijPnXm91I2rnYJlw5k2ufGhHnXzmDrv4+fWPI/7doHhvjoxEQbOduN7ZeKejdNho
X-Apple-I-MD-RINFO: 17106176
X-Apple-I-TimeZone: PDT
X-MMe-Client-Info: <iPhone12,5> <iPhone OS;14.0;18A5301v> <com.apple.AuthKit/1 (com.apple.dataaccess.dataaccessd/1.0)>


>>>>>

Task 190

>>>>> 2020-07-09 01:45:40.076
OPTIONS https://richardkmark%40gmail.com@google.com/carddav/v1/principals/richardkmark%40gmail.com/
Authorization: <Redacted>
User-Agent: iOS/14.0 (18A5301v) dataaccessd/1.0


>>>>>

Task 190

<<<<< 2020-07-09 01:45:40.331
HTTP/1.1 200 (OK)

Allow: UNLOCK,MKCOL,PROPFIND,LOCK,PROPPATCH,OPTIONS,ACL,PUT,GET,REPORT,POST
Alt-Svc: h3-29=":443"; ma=2592000,h3-27=":443"; ma=2592000,h3-T050=":443"; ma=2592000,h3-Q050=":443"; ma=2592000,h3-Q046=":443"; ma=2592000,h3-Q043=":443"; ma=2592000,quic=":443"; ma=2592000; v="46,43"
Cache-Control: no-cache, no-store, max-age=0, must-revalidate
Content-Disposition: attachment
Content-Length: 0
Content-Type: text/plain; charset=UTF-8
Date: Thu, 09 Jul 2020 08:45:40 GMT
DAV: 1, 2, 3, addressbook, access-control
Expires: Mon, 01 Jan 1990 00:00:00 GMT
Pragma: no-cache
Server: ESF
Vary: Origin, X-Origin, Referer
X-Content-Type-Options: nosniff
X-Frame-Options: SAMEORIGIN
X-XSS-Protection: 1; mode=block


Task 191

>>>>> 2020-07-09 01:45:40.337
PROPFIND https://richardkmark%40gmail.com@google.com/carddav/v1/principals/richardkmark%40gmail.com/
Authorization: <Redacted>
Brief: t
Content-Length: 439
Content-Type: text/xml
Depth: 0
Prefer: return=minimal
User-Agent: iOS/14.0 (18A5301v) dataaccessd/1.0

<?xml version="1.0" encoding="UTF-8"?>
<A:propfind xmlns:A="DAV:">
  <A:prop>
    <D:addressbook-home-set xmlns:D="urn:ietf:params:xml:ns:carddav"/>
    <D:directory-gateway xmlns:D="urn:ietf:params:xml:ns:carddav"/>
    <A:displayname/>
    <C:email-address-set xmlns:C="http://calendarserver.org/ns/"/>
    <A:principal-collection-set/>
    <A:principal-URL/>
    <A:resource-id/>
    <A:supported-report-set/>
  </A:prop>
</A:propfind>

>>>>>

Task 189

<<<<< 2020-07-09 01:45:40.358
HTTP/1.1 200 (OK)

access-control-expose-headers: X-Apple-Request-UUID,Via
Allow: OPTIONS, GET, HEAD, POST, PUT, DELETE, MKCOL, MOVE, REPORT, PROPFIND, PROPPATCH
Apple-Originating-System: UnknownOriginatingSystem
apple-seq: 0
apple-tk: false
Connection: keep-alive
Content-Length: 0
Content-Type: text/plain; charset=UTF-8
Date: Thu, 09 Jul 2020 08:45:40 GMT
DAV: 1, 2, access-control, addressbook, addressbook-proxy, extended-mkcol, sync-collection
Server: AppleHttpServer/ac9d40131a4d
Strict-Transport-Security: max-age=31536000; includeSubDomains;
Via: xrail:mr90p00ic-zteu08131701.me.com:8301:19C518:grp23,631194250daa17e24277dea86cf30319:403877f97aeebaf206ef6ee80d9d09c2:San Jose
X-Accept-Client-Encoding: gzip
X-Apple-Jingle-Correlation-Key: YSAMZ7UNKJB4ZOC4JI3APQFHWU
X-Apple-Request-UUID: c480ccfe-8d52-43cc-b85c-4a3607c0a7b5
X-Responding-Instance: carddav:36600401:mr30p66ic-tyfb04021301:8501:2012B508:aba996e2df1a


Task 191

<<<<< 2020-07-09 01:45:40.555
HTTP/1.1 207 (Multi-Status)

Alt-Svc: h3-29=":443"; ma=2592000,h3-27=":443"; ma=2592000,h3-25=":443"; ma=2592000,h3-T050=":443"; ma=2592000,h3-Q050=":443"; ma=2592000,h3-Q046=":443"; ma=2592000,h3-Q043=":443"; ma=2592000,quic=":443"; ma=2592000; v="46,43"
Cache-Control: no-cache, no-store, max-age=0, must-revalidate
Content-Length: 958
Content-Type: text/xml; charset=UTF-8
Date: Thu, 09 Jul 2020 08:45:40 GMT
DAV: 1, 2, 3, addressbook, access-control
Expires: Mon, 01 Jan 1990 00:00:00 GMT
Pragma: no-cache
Server: ESF
Vary: Origin, X-Origin, Referer
X-Content-Type-Options: nosniff
X-Frame-Options: SAMEORIGIN
X-XSS-Protection: 1; mode=block

<?xml version="1.0" encoding="UTF-8"?>
<d:multistatus xmlns:cal="urn:ietf:params:xml:ns:caldav" xmlns:card="urn:ietf:params:xml:ns:carddav" xmlns:cs="http://calendarserver.org/ns/" xmlns:d="DAV:" xmlns:ical="http://apple.com/ns/ical/">
 <d:response>
  <d:href>/carddav/v1/principals/richardkmark@gmail.com/</d:href>
  <d:propstat>
   <d:status>HTTP/1.1 200 OK</d:status>
   <d:prop>
    <d:displayname>Principal</d:displayname>
    <card:addressbook-home-set>
     <d:href>/carddav/v1/principals/richardkmark@gmail.com/lists/</d:href>
    </card:addressbook-home-set>
    <d:principal-URL>
     <d:href>/carddav/v1/principals/richardkmark@gmail.com/</d:href>
    </d:principal-URL>
    <d:principal-collection-set/>
   </d:prop>
  </d:propstat>
  <d:propstat>
   <d:status>HTTP/1.1 404 Not Found</d:status>
   <d:prop>
    <card:directory-gateway/>
    <cs:email-address-set/>
    <d:resource-id/>
   </d:prop>
  </d:propstat>
 </d:response>
</d:multistatus>
<<<<<

Task 192

>>>>> 2020-07-09 01:45:40.561
PROPFIND https://richardkmark%40gmail.com@google.com/carddav/v1/principals/richardkmark%40gmail.com/lists/
Authorization: <Redacted>
Brief: t
Content-Length: 782
Content-Type: text/xml
Depth: 1
Prefer: return=minimal
User-Agent: iOS/14.0 (18A5301v) dataaccessd/1.0

<?xml version="1.0" encoding="UTF-8"?>
<A:propfind xmlns:A="DAV:">
  <A:prop>
    <A:add-member/>
    <E:bulk-requests xmlns:E="http://me.com/_namespace/"/>
    <A:current-user-privilege-set/>
    <A:displayname/>
    <E:guardian-restricted xmlns:E="http://me.com/_namespace/"/>
    <D:max-image-size xmlns:D="urn:ietf:params:xml:ns:carddav"/>
    <D:max-resource-size xmlns:D="urn:ietf:params:xml:ns:carddav"/>
    <C:me-card xmlns:C="http://calendarserver.org/ns/"/>
    <A:owner/>
    <C:push-transports xmlns:C="http://calendarserver.org/ns/"/>
    <C:pushkey xmlns:C="http://calendarserver.org/ns/"/>
    <A:quota-available-bytes/>
    <A:quota-used-bytes/>
    <A:resource-id/>
    <A:resourcetype/>
    <A:supported-report-set/>
    <A:sync-token/>
  </A:prop>
</A:propfind>

>>>>>

Task 192

<<<<< 2020-07-09 01:45:40.638
HTTP/1.1 207 (Multi-Status)

Alt-Svc: h3-29=":443"; ma=2592000,h3-27=":443"; ma=2592000,h3-25=":443"; ma=2592000,h3-T050=":443"; ma=2592000,h3-Q050=":443"; ma=2592000,h3-Q046=":443"; ma=2592000,h3-Q043=":443"; ma=2592000,quic=":443"; ma=2592000; v="46,43"
Cache-Control: no-cache, no-store, max-age=0, must-revalidate
Content-Length: 4902
Content-Type: text/xml; charset=UTF-8
Date: Thu, 09 Jul 2020 08:45:40 GMT
Expires: Mon, 01 Jan 1990 00:00:00 GMT
Pragma: no-cache
Server: ESF
Vary: Origin, X-Origin, Referer
X-Content-Type-Options: nosniff
X-Frame-Options: SAMEORIGIN
X-XSS-Protection: 1; mode=block

<?xml version="1.0" encoding="UTF-8"?>
<d:multistatus xmlns:cal="urn:ietf:params:xml:ns:caldav" xmlns:card="urn:ietf:params:xml:ns:carddav" xmlns:cs="http://calendarserver.org/ns/" xmlns:d="DAV:" xmlns:ical="http://apple.com/ns/ical/">
 <d:response>
  <d:href>/carddav/v1/principals/richardkmark@gmail.com/lists/</d:href>
  <d:propstat>
   <d:status>HTTP/1.1 200 OK</d:status>
   <d:prop>
    <d:displayname>Homeset</d:displayname>
    <d:current-user-privilege-set>
     <d:privilege>
      <d:read/>
     </d:privilege>
     <d:privilege>
      <d:read-acl/>
     </d:privilege>
     <d:privilege>
      <d:read-current-user-privilege-set/>
     </d:privilege>
     <d:privilege>
      <d:unlock/>
     </d:privilege>
     <d:privilege>
      <d:write/>
     </d:privilege>
     <d:privilege>
      <d:write-acl/>
     </d:privilege>
    </d:current-user-privilege-set>
    <d:add-member>
     <d:href>/carddav/v1/principals/richardkmark@gmail.com/lists/default/</d:href>
    </d:add-member>
    <d:supported-report-set>
     <d:supported-report>
      <d:report>
       <d:principal-search-property-set/>
      </d:report>
     </d:supported-report>
     <d:supported-report>
      <d:report>
       <card:addressbook-query/>
      </d:report>
     </d:supported-report>
     <d:supported-report>
      <d:report>
       <d:expand-property/>
      </d:report>
     </d:supported-report>
     <d:supported-report>
      <d:report>
       <d:principal-property-search/>
      </d:report>
     </d:supported-report>
     <d:supported-report>
      <d:report>
       <d:acl-principal-prop-set/>
      </d:report>
     </d:supported-report>
     <d:supported-report>
      <d:report>
       <card:addressbook-multiget/>
      </d:report>
     </d:supported-report>
     <d:supported-report>
      <d:report>
       <d:principal-match/>
      </d:report>
     </d:supported-report>
    </d:supported-report-set>
    <d:resourcetype>
     <d:collection/>
    </d:resourcetype>
   </d:prop>
  </d:propstat>
  <d:propstat>
   <d:status>HTTP/1.1 404 Not Found</d:status>
   <d:prop>
    <ns1:bulk-requests xmlns:ns1="http://me.com/_namespace/"/>
    <ns2:guardian-restricted xmlns:ns2="http://me.com/_namespace/"/>
    <card:max-image-size/>
    <card:max-resource-size/>
    <cs:me-card/>
    <d:owner/>
    <cs:push-transports/>
    <cs:pushkey/>
    <d:quota-available-bytes/>
    <d:quota-used-bytes/>
    <d:resource-id/>
    <d:sync-token/>
   </d:prop>
  </d:propstat>
 </d:response>
 <d:response>
  <d:href>/carddav/v1/principals/richardkmark@gmail.com/lists/default/</d:href>
  <d:propstat>
   <d:status>HTTP/1.1 200 OK</d:status>
   <d:prop>
    <d:displayname>Address Book</d:displayname>
    <d:current-user-privilege-set>
     <d:privilege>
      <d:read/>
     </d:privilege>
     <d:privilege>
      <d:read-acl/>
     </d:privilege>
     <d:privilege>
      <d:read-current-user-privilege-set/>
     </d:privilege>
     <d:privilege>
      <d:unlock/>
     </d:privilege>
     <d:privilege>
      <d:write/>
     </d:privilege>
     <d:privilege>
      <d:write-acl/>
     </d:privilege>
    </d:current-user-privilege-set>
    <d:add-member>
     <d:href>/carddav/v1/principals/richardkmark@gmail.com/lists/default/</d:href>
    </d:add-member>
    <d:supported-report-set>
     <d:supported-report>
      <d:report>
       <d:principal-search-property-set/>
      </d:report>
     </d:supported-report>
     <d:supported-report>
      <d:report>
       <card:addressbook-query/>
      </d:report>
     </d:supported-report>
     <d:supported-report>
      <d:report>
       <d:expand-property/>
      </d:report>
     </d:supported-report>
     <d:supported-report>
      <d:report>
       <d:principal-property-search/>
      </d:report>
     </d:supported-report>
     <d:supported-report>
      <d:report>
       <d:acl-principal-prop-set/>
      </d:report>
     </d:supported-report>
     <d:supported-report>
      <d:report>
       <card:addressbook-multiget/>
      </d:report>
     </d:supported-report>
     <d:supported-report>
      <d:report>
       <d:principal-match/>
      </d:report>
     </d:supported-report>
     <d:supported-report>
      <d:report>
       <d:sync-collection/>
      </d:report>
     </d:supported-report>
    </d:supported-report-set>
    <d:resourcetype>
     <d:collection/>
     <card:addressbook/>
    </d:resourcetype>
   </d:prop>
  </d:propstat>
  <d:propstat>
   <d:status>HTTP/1.1 404 Not Found</d:status>
   <d:prop>
    <ns3:bulk-requests xmlns:ns3="http://me.com/_namespace/"/>
    <ns4:guardian-restricted xmlns:ns4="http://me.com/_namespace/"/>
    <card:max-image-size/>
    <card:max-resource-size/>
    <cs:me-card/>
    <d:owner/>
    <cs:push-transports/>
    <cs:pushkey/>
    <d:quota-available-bytes/>
    <d:quota-used-bytes/>
    <d:resource-id/>
    <d:sync-token/>
   </d:prop>
  </d:propstat>
 </d:response>
</d:multistatus>
<<<<<

Task 193

>>>>> 2020-07-09 01:45:40.661
PROPFIND https://almightylinuxgod%40mac.com@p66-contacts.icloud.com/47120252/principal/
Brief: t
Cache-Control: no-transform
Content-Encoding: gzip
Content-Length: 260
Content-Type: text/xml
Depth: 0
Prefer: return=minimal
User-Agent: iOS/14.0 (18A5301v) dataaccessd/1.0
X-Apple-Client-Info: <iPhone12,5> <iPhone OS;14.0;18A5301v> <com.apple.coredav/1.0.1 (com.apple.dataaccess.dataaccessd/1.0)>
X-Apple-I-Client-Time: 2020-07-09T08:45:40Z
X-Apple-I-Locale: en_US
X-Apple-I-MD: AAAABQAAABDWjZWGKgHGgpf2qhDPmUE/AAAAAw==
X-Apple-I-MD-M: s/0ezDhy3jm5cFKeijPnXm91I2rnYJlw5k2ufGhHnXzmDrv4+fWPI/7doHhvjoxEQbOduN7ZeKejdNho
X-Apple-I-MD-RINFO: 17106176
X-Apple-I-TimeZone: PDT
X-MMe-Client-Info: <iPhone12,5> <iPhone OS;14.0;18A5301v> <com.apple.AuthKit/1 (com.apple.dataaccess.dataaccessd/1.0)>

[compression: gzip]
<?xml version="1.0" encoding="UTF-8"?>
<A:propfind xmlns:A="DAV:">
  <A:prop>
    <D:addressbook-home-set xmlns:D="urn:ietf:params:xml:ns:carddav"/>
    <D:directory-gateway xmlns:D="urn:ietf:params:xml:ns:carddav"/>
    <A:displayname/>
    <C:email-address-set xmlns:C="http://calendarserver.org/ns/"/>
    <A:principal-collection-set/>
    <A:principal-URL/>
    <A:resource-id/>
    <A:supported-report-set/>
  </A:prop>
</A:propfind>

>>>>>

Task 193

<<<<< 2020-07-09 01:45:40.888
HTTP/1.1 207 (Multi-Status)

access-control-expose-headers: X-Apple-Request-UUID,Via
Apple-Originating-System: UnknownOriginatingSystem
apple-seq: 0
apple-tk: false
Connection: keep-alive
Content-Encoding: gzip
Content-Type: application/xml; charset=UTF-8
Date: Thu, 09 Jul 2020 08:45:40 GMT
Server: AppleHttpServer/ac9d40131a4d
Strict-Transport-Security: max-age=31536000; includeSubDomains;
Transfer-Encoding: Identity
Via: xrail:mr35p00ic-qugw03180301.me.com:8301:19C518:grp23,631194250daa17e24277dea86cf30319:403877f97aeebaf206ef6ee80d9d09c2:San Jose
X-Apple-Jingle-Correlation-Key: JENLMVETO5E7TBGCMG6LV7TTA4
X-Apple-Request-UUID: 491ab654-9377-49f9-84c2-61bcbafe7307
X-Responding-Instance: carddav:36600401:mr30p66ic-tyfb04021301:8501:2012B508:aba996e2df1a

<?xml version="1.0" encoding="UTF-8"?>
<multistatus xmlns="DAV:">

	<response>
		<href>/47120252/principal/</href>
		
		<propstat>
			<prop>
			
			<principal-URL>
			    <href>/47120252/principal/</href>
			</principal-URL>
			
            
			
			
			
			
            
            
            
            
            

            
            
            
            
            
			
			
            
            
            
            
            
            
            
            
				<supported-report-set>
					<supported-report>
						<report>
							<sync-collection/>
						</report>
					</supported-report>
					<supported-report>
						<report>
							<addressbook-multiget xmlns="urn:ietf:params:xml:ns:carddav"/>
						</report>
					</supported-report>
				</supported-report-set>
			
            
            
             
             
             
             
             
             
             
                <addressbook-home-set xmlns="urn:ietf:params:xml:ns:carddav">
                    <href xmlns="DAV:">https://p66-contacts.icloud.com:443/47120252/carddavhome/</href>
                </addressbook-home-set>
             
             
                <displayname>Rick Mark</displayname>
             
             
             
             
             
             
             
             
             
             
             
             
             
			</prop>
			<status>HTTP/1.1 200 OK</status>
		</propstat>
		
		
		<propstat>
			<prop>
				<resource-id/>
<principal-collection-set/>
<email-address-set xmlns="http://calendarserver.org/ns/"/>
<directory-gateway xmlns="urn:ietf:params:xml:ns:carddav"/>

			</prop>
			<status>HTTP/1.1 404 Not Found</status>
		</propstat>
        
	</response>

</multistatus>

<<<<<

Task 194

>>>>> 2020-07-09 01:45:40.896
PROPFIND https://almightylinuxgod%40mac.com@p66-contacts.icloud.com/47120252/carddavhome/
Brief: t
Cache-Control: no-transform
Content-Encoding: gzip
Content-Length: 350
Content-Type: text/xml
Depth: 1
Prefer: return=minimal
User-Agent: iOS/14.0 (18A5301v) dataaccessd/1.0
X-Apple-Client-Info: <iPhone12,5> <iPhone OS;14.0;18A5301v> <com.apple.coredav/1.0.1 (com.apple.dataaccess.dataaccessd/1.0)>
X-Apple-I-Client-Time: 2020-07-09T08:45:40Z
X-Apple-I-Locale: en_US
X-Apple-I-MD: AAAABQAAABDWjZWGKgHGgpf2qhDPmUE/AAAAAw==
X-Apple-I-MD-M: s/0ezDhy3jm5cFKeijPnXm91I2rnYJlw5k2ufGhHnXzmDrv4+fWPI/7doHhvjoxEQbOduN7ZeKejdNho
X-Apple-I-MD-RINFO: 17106176
X-Apple-I-TimeZone: PDT
X-MMe-Client-Info: <iPhone12,5> <iPhone OS;14.0;18A5301v> <com.apple.AuthKit/1 (com.apple.dataaccess.dataaccessd/1.0)>

[compression: gzip]
<?xml version="1.0" encoding="UTF-8"?>
<A:propfind xmlns:A="DAV:">
  <A:prop>
    <A:add-member/>
    <E:bulk-requests xmlns:E="http://me.com/_namespace/"/>
    <A:current-user-privilege-set/>
    <A:displayname/>
    <E:guardian-restricted xmlns:E="http://me.com/_namespace/"/>
    <D:max-image-size xmlns:D="urn:ietf:params:xml:ns:carddav"/>
    <D:max-resource-size xmlns:D="urn:ietf:params:xml:ns:carddav"/>
    <C:me-card xmlns:C="http://calendarserver.org/ns/"/>
    <A:owner/>
    <C:push-transports xmlns:C="http://calendarserver.org/ns/"/>
    <C:pushkey xmlns:C="http://calendarserver.org/ns/"/>
    <A:quota-available-bytes/>
    <A:quota-used-bytes/>
    <A:resource-id/>
    <A:resourcetype/>
    <A:supported-report-set/>
    <A:sync-token/>
  </A:prop>
</A:propfind>

>>>>>

Task 196

>>>>> 2020-07-09 01:45:40.996
OPTIONS https://richardkmark%40gmail.com@google.com/carddav/v1/principals/richardkmark%40gmail.com/
Authorization: <Redacted>
User-Agent: iOS/14.0 (18A5301v) dataaccessd/1.0


>>>>>

Task 196

<<<<< 2020-07-09 01:45:41.064
HTTP/1.1 200 (OK)

Allow: UNLOCK,MKCOL,PROPFIND,LOCK,PROPPATCH,OPTIONS,ACL,PUT,GET,REPORT,POST
Alt-Svc: h3-29=":443"; ma=2592000,h3-27=":443"; ma=2592000,h3-25=":443"; ma=2592000,h3-T050=":443"; ma=2592000,h3-Q050=":443"; ma=2592000,h3-Q046=":443"; ma=2592000,h3-Q043=":443"; ma=2592000,quic=":443"; ma=2592000; v="46,43"
Cache-Control: no-cache, no-store, max-age=0, must-revalidate
Content-Disposition: attachment
Content-Length: 0
Content-Type: text/plain; charset=UTF-8
Date: Thu, 09 Jul 2020 08:45:41 GMT
DAV: 1, 2, 3, addressbook, access-control
Expires: Mon, 01 Jan 1990 00:00:00 GMT
Pragma: no-cache
Server: ESF
Vary: Origin, X-Origin, Referer
X-Content-Type-Options: nosniff
X-Frame-Options: SAMEORIGIN
X-XSS-Protection: 1; mode=block


Task 194

<<<<< 2020-07-09 01:45:41.228
HTTP/1.1 207 (Multi-Status)

access-control-expose-headers: X-Apple-Request-UUID,Via
Apple-Originating-System: UnknownOriginatingSystem
apple-seq: 0
apple-tk: false
Connection: keep-alive
Content-Encoding: gzip
Content-Type: application/xml; charset=UTF-8
Date: Thu, 09 Jul 2020 08:45:41 GMT
Server: AppleHttpServer/ac9d40131a4d
Strict-Transport-Security: max-age=31536000; includeSubDomains;
Transfer-Encoding: Identity
Via: xrail:mr90p00ic-zteu08120401.me.com:8301:19C518:grp23,631194250daa17e24277dea86cf30319:403877f97aeebaf206ef6ee80d9d09c2:San Jose
X-Apple-Jingle-Correlation-Key: VDLICY4SVRGGHHDSAOXB3JJMVU
X-Apple-Request-UUID: a8d68163-92ac-4c63-9c72-03ae1da52cad
X-Responding-Instance: carddav:36600101:mr30p66ic-tyfb03051301:8501:2012B508:aba996e2df1a

<?xml version="1.0" encoding="UTF-8"?>
<multistatus xmlns="DAV:">

	<response>
		<href>/47120252/carddavhome/</href>
		
		<propstat>
			<prop>
			
			
            
			
			
				<current-user-privilege-set>
					<privilege>
						<read-current-user-privilege-set/>
					</privilege>
					<privilege>
						<read/>
					</privilege>
					<privilege>
						<read-acl/>
					</privilege>
					<privilege>
						<write/>
					</privilege>
					<privilege>
						<bind/>
					</privilege>
				</current-user-privilege-set>
			
			
				<me-card xmlns="http://calendarserver.org/ns/">
					<href xmlns="DAV:">/47120252/carddavhome/card/Y2YzYTJmOTgtM2FhYS00NzE4LWJmNTMtMjJhZjg4OWIxYmJk.vcf</href>
				</me-card>
			
            
            
            
            

            
				<push-transports xmlns="http://calendarserver.org/ns/">
					<transport type="APSD">
						<subscription-url>
							<href xmlns="DAV:">/47120252/mm/push/register</href>
						</subscription-url>
						<apsbundleid>com.me.contacts</apsbundleid>
						<env xmlns="urn:mobileme:davservices">PRODUCTION</env>
						<refresh-interval>120000</refresh-interval>
					</transport>
				</push-transports>
			
            
				<quota-available-bytes>49231422</quota-available-bytes>
			
            
				<quota-used-bytes>1100226</quota-used-bytes>
			
			
            
            
            
            
            
            
				<resourcetype>
					<collection/>

				</resourcetype>
			
            
				<supported-report-set>
					<supported-report>
						<report>
							<sync-collection/>
						</report>
					</supported-report>
					<supported-report>
						<report>
							<addressbook-multiget xmlns="urn:ietf:params:xml:ns:carddav"/>
						</report>
					</supported-report>
				</supported-report-set>
			
            
            
             
             
             
             
             
             
             
             
             
             
             
             
             
             
             
			    <sync-token>HwoQEgwAADxDuQgu8gAAAAAYARgAIhUIy4GtqLDDwLg5ENL0rum6/OLvswEoAA==</sync-token>
			 
             
             
             
             
             
             
			</prop>
			<status>HTTP/1.1 200 OK</status>
		</propstat>
		
		
		<propstat>
			<prop>
				<resource-id/>
<pushkey xmlns="http://calendarserver.org/ns/"/>
<owner/>
<max-resource-size xmlns="urn:ietf:params:xml:ns:carddav"/>
<max-image-size xmlns="urn:ietf:params:xml:ns:carddav"/>
<guardian-restricted xmlns="http://me.com/_namespace/"/>
<displayname/>
<bulk-requests xmlns="http://me.com/_namespace/"/>
<add-member/>

			</prop>
			<status>HTTP/1.1 404 Not Found</status>
		</propstat>
        
	</response>

	<response>
		<href>/47120252/carddavhome/card/</href>
		
		<propstat>
			<prop>
			
			
            
			
			
				<current-user-privilege-set>
					<privilege>
						<read-current-user-privilege-set/>
					</privilege>
					<privilege>
						<read/>
					</privilege>
					<privilege>
						<read-acl/>
					</privilege>
					<privilege>
						<write/>
					</privilege>
					<privilege>
						<bind/>
					</privilege>
				</current-user-privilege-set>
			
			
            
            
            
            
				<guardian-restricted xmlns="http://me.com/_namespace/">false</guardian-restricted>
			

            
            
            
				<quota-available-bytes>49231422</quota-available-bytes>
			
            
				<quota-used-bytes>1100226</quota-used-bytes>
			
			
            
            
            
            
            
            
				<resourcetype>
					<collection/>
<addressbook xmlns="urn:ietf:params:xml:ns:carddav"/>

				</resourcetype>
			
            
				<supported-report-set>
					<supported-report>
						<report>
							<sync-collection/>
						</report>
					</supported-report>
					<supported-report>
						<report>
							<addressbook-multiget xmlns="urn:ietf:params:xml:ns:carddav"/>
						</report>
					</supported-report>
				</supported-report-set>
			
            
            <bulk-requests xmlns="http://me.com/_namespace/">
                <simple>
                <max-resources>25</max-resources>
                <max-size>10485760</max-size>
                <supported>
                    <insert/>
                </supported>
                </simple>
                <crud>
                <max-resources>25</max-resources>
                <max-size>10485760</max-size>
                <supported>
                    <insert/>
                    <update/>
                    <delete/>
                </supported>
                </crud>
            </bulk-requests>
            
             
                <max-image-size xmlns="urn:ietf:params:xml:ns:carddav">229376</max-image-size>
             
             
                 <max-resource-size xmlns="urn:ietf:params:xml:ns:carddav">563200</max-resource-size>
             
             
                <pushkey xmlns="http://calendarserver.org/ns/">47120252</pushkey>
             
             
             
             
             
             
             
             
             
             
			    <sync-token>HwoQEgwAAAjSn7DWswAAAAIYAhgAIhUI/ojBs7H7rf1/EIWfw5GvmdP9mQEoAA==</sync-token>
			 
             
             
             
             
             
             
			</prop>
			<status>HTTP/1.1 200 OK</status>
		</propstat>
		
		
		<propstat>
			<prop>
				<resource-id/>
<push-transports xmlns="http://calendarserver.org/ns/"/>
<owner/>
<me-card xmlns="http://calendarserver.org/ns/"/>
<displayname/>
<add-member/>

			</prop>
			<status>HTTP/1.1 404 Not Found</status>
		</propstat>
        
	</response>

</multistatus>

<<<<<

Task 195

>>>>> 2020-07-09 01:45:41.269
OPTIONS https://almightylinuxgod%40mac.com@p66-contacts.icloud.com/47120252/principal/
User-Agent: iOS/14.0 (18A5301v) dataaccessd/1.0
X-Apple-I-Client-Time: 2020-07-09T08:45:41Z
X-Apple-I-Locale: en_US
X-Apple-I-MD: AAAABQAAABDWjZWGKgHGgpf2qhDPmUE/AAAAAw==
X-Apple-I-MD-M: s/0ezDhy3jm5cFKeijPnXm91I2rnYJlw5k2ufGhHnXzmDrv4+fWPI/7doHhvjoxEQbOduN7ZeKejdNho
X-Apple-I-MD-RINFO: 17106176
X-Apple-I-TimeZone: PDT
X-MMe-Client-Info: <iPhone12,5> <iPhone OS;14.0;18A5301v> <com.apple.AuthKit/1 (com.apple.dataaccess.dataaccessd/1.0)>


>>>>>

Task 197

>>>>> 2020-07-09 01:45:41.271
REPORT https://richardkmark%40gmail.com@google.com/carddav/v1/principals/richardkmark%40gmail.com/lists/default/
Authorization: <Redacted>
Brief: t
Content-Length: 274
Content-Type: text/xml
Depth: 1
Prefer: return=minimal
User-Agent: iOS/14.0 (18A5301v) dataaccessd/1.0

<?xml version="1.0" encoding="UTF-8"?>
<A:sync-collection xmlns:A="DAV:">
  <A:sync-token>https://www.googleapis.com/carddav/v1/synctoken/0801100118B0E6FEC3DBBFEA02</A:sync-token>
  <A:sync-level>1</A:sync-level>
  <A:prop>
    <A:getetag/>
  </A:prop>
</A:sync-collection>

>>>>>

Task 195

<<<<< 2020-07-09 01:45:41.346
HTTP/1.1 200 (OK)

access-control-expose-headers: X-Apple-Request-UUID,Via
Allow: OPTIONS, GET, HEAD, POST, PUT, DELETE, MKCOL, MOVE, REPORT, PROPFIND, PROPPATCH
Apple-Originating-System: UnknownOriginatingSystem
apple-seq: 0
apple-tk: false
Connection: keep-alive
Content-Length: 0
Content-Type: text/plain; charset=UTF-8
Date: Thu, 09 Jul 2020 08:45:41 GMT
DAV: 1, 2, access-control, addressbook, addressbook-proxy, extended-mkcol, sync-collection
Server: AppleHttpServer/ac9d40131a4d
Strict-Transport-Security: max-age=31536000; includeSubDomains;
Via: xrail:mr90p00ic-zteu08121301.me.com:8301:19C518:grp23,631194250daa17e24277dea86cf30319:403877f97aeebaf206ef6ee80d9d09c2:San Jose
X-Accept-Client-Encoding: gzip
X-Apple-Jingle-Correlation-Key: OZYQQXD3NVEBZJV5ERCHRVLRGE
X-Apple-Request-UUID: 7671085c-7b6d-481c-a6bd-244478d57131
X-Responding-Instance: carddav:36600501:mr30p66ic-tyfb04011501:8501:2012B508:aba996e2df1a


Task 197

<<<<< 2020-07-09 01:45:41.409
HTTP/1.1 207 (Multi-Status)

Alt-Svc: h3-29=":443"; ma=2592000,h3-27=":443"; ma=2592000,h3-25=":443"; ma=2592000,h3-T050=":443"; ma=2592000,h3-Q050=":443"; ma=2592000,h3-Q046=":443"; ma=2592000,h3-Q043=":443"; ma=2592000,quic=":443"; ma=2592000; v="46,43"
Cache-Control: no-cache, no-store, max-age=0, must-revalidate
Content-Length: 357
Content-Type: text/xml; charset=UTF-8
Date: Thu, 09 Jul 2020 08:45:41 GMT
Expires: Mon, 01 Jan 1990 00:00:00 GMT
Pragma: no-cache
Server: ESF
Vary: Origin, X-Origin, Referer
X-Content-Type-Options: nosniff
X-Frame-Options: SAMEORIGIN
X-XSS-Protection: 1; mode=block

<?xml version="1.0" encoding="UTF-8"?>
<d:multistatus xmlns:cal="urn:ietf:params:xml:ns:caldav" xmlns:card="urn:ietf:params:xml:ns:carddav" xmlns:cs="http://calendarserver.org/ns/" xmlns:d="DAV:" xmlns:ical="http://apple.com/ns/ical/">
 <d:sync-token>https://www.googleapis.com/carddav/v1/synctoken/0801100118C8C1BDC2DFBFEA02</d:sync-token>
</d:multistatus>
<<<<<

Task 198

>>>>> 2020-07-09 01:45:41.441
PROPFIND https://richardkmark%40gmail.com@google.com/carddav/v1/principals/richardkmark%40gmail.com/
Authorization: <Redacted>
Brief: t
Content-Length: 439
Content-Type: text/xml
Depth: 0
Prefer: return=minimal
User-Agent: iOS/14.0 (18A5301v) dataaccessd/1.0

<?xml version="1.0" encoding="UTF-8"?>
<A:propfind xmlns:A="DAV:">
  <A:prop>
    <D:addressbook-home-set xmlns:D="urn:ietf:params:xml:ns:carddav"/>
    <D:directory-gateway xmlns:D="urn:ietf:params:xml:ns:carddav"/>
    <A:displayname/>
    <C:email-address-set xmlns:C="http://calendarserver.org/ns/"/>
    <A:principal-collection-set/>
    <A:principal-URL/>
    <A:resource-id/>
    <A:supported-report-set/>
  </A:prop>
</A:propfind>

>>>>>

Task 198

<<<<< 2020-07-09 01:45:41.519
HTTP/1.1 207 (Multi-Status)

Alt-Svc: h3-29=":443"; ma=2592000,h3-27=":443"; ma=2592000,h3-25=":443"; ma=2592000,h3-T050=":443"; ma=2592000,h3-Q050=":443"; ma=2592000,h3-Q046=":443"; ma=2592000,h3-Q043=":443"; ma=2592000,quic=":443"; ma=2592000; v="46,43"
Cache-Control: no-cache, no-store, max-age=0, must-revalidate
Content-Length: 958
Content-Type: text/xml; charset=UTF-8
Date: Thu, 09 Jul 2020 08:45:41 GMT
DAV: 1, 2, 3, addressbook, access-control
Expires: Mon, 01 Jan 1990 00:00:00 GMT
Pragma: no-cache
Server: ESF
Vary: Origin, X-Origin, Referer
X-Content-Type-Options: nosniff
X-Frame-Options: SAMEORIGIN
X-XSS-Protection: 1; mode=block

<?xml version="1.0" encoding="UTF-8"?>
<d:multistatus xmlns:cal="urn:ietf:params:xml:ns:caldav" xmlns:card="urn:ietf:params:xml:ns:carddav" xmlns:cs="http://calendarserver.org/ns/" xmlns:d="DAV:" xmlns:ical="http://apple.com/ns/ical/">
 <d:response>
  <d:href>/carddav/v1/principals/richardkmark@gmail.com/</d:href>
  <d:propstat>
   <d:status>HTTP/1.1 200 OK</d:status>
   <d:prop>
    <d:displayname>Principal</d:displayname>
    <card:addressbook-home-set>
     <d:href>/carddav/v1/principals/richardkmark@gmail.com/lists/</d:href>
    </card:addressbook-home-set>
    <d:principal-URL>
     <d:href>/carddav/v1/principals/richardkmark@gmail.com/</d:href>
    </d:principal-URL>
    <d:principal-collection-set/>
   </d:prop>
  </d:propstat>
  <d:propstat>
   <d:status>HTTP/1.1 404 Not Found</d:status>
   <d:prop>
    <card:directory-gateway/>
    <cs:email-address-set/>
    <d:resource-id/>
   </d:prop>
  </d:propstat>
 </d:response>
</d:multistatus>
<<<<<

Task 199

>>>>> 2020-07-09 01:45:41.535
PROPFIND https://richardkmark%40gmail.com@google.com/carddav/v1/principals/richardkmark%40gmail.com/lists/
Authorization: <Redacted>
Brief: t
Content-Length: 782
Content-Type: text/xml
Depth: 1
Prefer: return=minimal
User-Agent: iOS/14.0 (18A5301v) dataaccessd/1.0

<?xml version="1.0" encoding="UTF-8"?>
<A:propfind xmlns:A="DAV:">
  <A:prop>
    <A:add-member/>
    <E:bulk-requests xmlns:E="http://me.com/_namespace/"/>
    <A:current-user-privilege-set/>
    <A:displayname/>
    <E:guardian-restricted xmlns:E="http://me.com/_namespace/"/>
    <D:max-image-size xmlns:D="urn:ietf:params:xml:ns:carddav"/>
    <D:max-resource-size xmlns:D="urn:ietf:params:xml:ns:carddav"/>
    <C:me-card xmlns:C="http://calendarserver.org/ns/"/>
    <A:owner/>
    <C:push-transports xmlns:C="http://calendarserver.org/ns/"/>
    <C:pushkey xmlns:C="http://calendarserver.org/ns/"/>
    <A:quota-available-bytes/>
    <A:quota-used-bytes/>
    <A:resource-id/>
    <A:resourcetype/>
    <A:supported-report-set/>
    <A:sync-token/>
  </A:prop>
</A:propfind>

>>>>>

Task 199

<<<<< 2020-07-09 01:45:41.617
HTTP/1.1 207 (Multi-Status)

Alt-Svc: h3-29=":443"; ma=2592000,h3-27=":443"; ma=2592000,h3-25=":443"; ma=2592000,h3-T050=":443"; ma=2592000,h3-Q050=":443"; ma=2592000,h3-Q046=":443"; ma=2592000,h3-Q043=":443"; ma=2592000,quic=":443"; ma=2592000; v="46,43"
Cache-Control: no-cache, no-store, max-age=0, must-revalidate
Content-Length: 4902
Content-Type: text/xml; charset=UTF-8
Date: Thu, 09 Jul 2020 08:45:41 GMT
Expires: Mon, 01 Jan 1990 00:00:00 GMT
Pragma: no-cache
Server: ESF
Vary: Origin, X-Origin, Referer
X-Content-Type-Options: nosniff
X-Frame-Options: SAMEORIGIN
X-XSS-Protection: 1; mode=block

<?xml version="1.0" encoding="UTF-8"?>
<d:multistatus xmlns:cal="urn:ietf:params:xml:ns:caldav" xmlns:card="urn:ietf:params:xml:ns:carddav" xmlns:cs="http://calendarserver.org/ns/" xmlns:d="DAV:" xmlns:ical="http://apple.com/ns/ical/">
 <d:response>
  <d:href>/carddav/v1/principals/richardkmark@gmail.com/lists/</d:href>
  <d:propstat>
   <d:status>HTTP/1.1 200 OK</d:status>
   <d:prop>
    <d:displayname>Homeset</d:displayname>
    <d:current-user-privilege-set>
     <d:privilege>
      <d:read/>
     </d:privilege>
     <d:privilege>
      <d:read-acl/>
     </d:privilege>
     <d:privilege>
      <d:read-current-user-privilege-set/>
     </d:privilege>
     <d:privilege>
      <d:unlock/>
     </d:privilege>
     <d:privilege>
      <d:write/>
     </d:privilege>
     <d:privilege>
      <d:write-acl/>
     </d:privilege>
    </d:current-user-privilege-set>
    <d:add-member>
     <d:href>/carddav/v1/principals/richardkmark@gmail.com/lists/default/</d:href>
    </d:add-member>
    <d:supported-report-set>
     <d:supported-report>
      <d:report>
       <d:principal-search-property-set/>
      </d:report>
     </d:supported-report>
     <d:supported-report>
      <d:report>
       <card:addressbook-query/>
      </d:report>
     </d:supported-report>
     <d:supported-report>
      <d:report>
       <d:expand-property/>
      </d:report>
     </d:supported-report>
     <d:supported-report>
      <d:report>
       <d:principal-property-search/>
      </d:report>
     </d:supported-report>
     <d:supported-report>
      <d:report>
       <d:acl-principal-prop-set/>
      </d:report>
     </d:supported-report>
     <d:supported-report>
      <d:report>
       <card:addressbook-multiget/>
      </d:report>
     </d:supported-report>
     <d:supported-report>
      <d:report>
       <d:principal-match/>
      </d:report>
     </d:supported-report>
    </d:supported-report-set>
    <d:resourcetype>
     <d:collection/>
    </d:resourcetype>
   </d:prop>
  </d:propstat>
  <d:propstat>
   <d:status>HTTP/1.1 404 Not Found</d:status>
   <d:prop>
    <ns1:bulk-requests xmlns:ns1="http://me.com/_namespace/"/>
    <ns2:guardian-restricted xmlns:ns2="http://me.com/_namespace/"/>
    <card:max-image-size/>
    <card:max-resource-size/>
    <cs:me-card/>
    <d:owner/>
    <cs:push-transports/>
    <cs:pushkey/>
    <d:quota-available-bytes/>
    <d:quota-used-bytes/>
    <d:resource-id/>
    <d:sync-token/>
   </d:prop>
  </d:propstat>
 </d:response>
 <d:response>
  <d:href>/carddav/v1/principals/richardkmark@gmail.com/lists/default/</d:href>
  <d:propstat>
   <d:status>HTTP/1.1 200 OK</d:status>
   <d:prop>
    <d:displayname>Address Book</d:displayname>
    <d:current-user-privilege-set>
     <d:privilege>
      <d:read/>
     </d:privilege>
     <d:privilege>
      <d:read-acl/>
     </d:privilege>
     <d:privilege>
      <d:read-current-user-privilege-set/>
     </d:privilege>
     <d:privilege>
      <d:unlock/>
     </d:privilege>
     <d:privilege>
      <d:write/>
     </d:privilege>
     <d:privilege>
      <d:write-acl/>
     </d:privilege>
    </d:current-user-privilege-set>
    <d:add-member>
     <d:href>/carddav/v1/principals/richardkmark@gmail.com/lists/default/</d:href>
    </d:add-member>
    <d:supported-report-set>
     <d:supported-report>
      <d:report>
       <d:principal-search-property-set/>
      </d:report>
     </d:supported-report>
     <d:supported-report>
      <d:report>
       <card:addressbook-query/>
      </d:report>
     </d:supported-report>
     <d:supported-report>
      <d:report>
       <d:expand-property/>
      </d:report>
     </d:supported-report>
     <d:supported-report>
      <d:report>
       <d:principal-property-search/>
      </d:report>
     </d:supported-report>
     <d:supported-report>
      <d:report>
       <d:acl-principal-prop-set/>
      </d:report>
     </d:supported-report>
     <d:supported-report>
      <d:report>
       <card:addressbook-multiget/>
      </d:report>
     </d:supported-report>
     <d:supported-report>
      <d:report>
       <d:principal-match/>
      </d:report>
     </d:supported-report>
     <d:supported-report>
      <d:report>
       <d:sync-collection/>
      </d:report>
     </d:supported-report>
    </d:supported-report-set>
    <d:resourcetype>
     <d:collection/>
     <card:addressbook/>
    </d:resourcetype>
   </d:prop>
  </d:propstat>
  <d:propstat>
   <d:status>HTTP/1.1 404 Not Found</d:status>
   <d:prop>
    <ns3:bulk-requests xmlns:ns3="http://me.com/_namespace/"/>
    <ns4:guardian-restricted xmlns:ns4="http://me.com/_namespace/"/>
    <card:max-image-size/>
    <card:max-resource-size/>
    <cs:me-card/>
    <d:owner/>
    <cs:push-transports/>
    <cs:pushkey/>
    <d:quota-available-bytes/>
    <d:quota-used-bytes/>
    <d:resource-id/>
    <d:sync-token/>
   </d:prop>
  </d:propstat>
 </d:response>
</d:multistatus>
<<<<<

Task 200

>>>>> 2020-07-09 01:45:41.671
REPORT https://almightylinuxgod%40mac.com@p66-contacts.icloud.com/47120252/carddavhome/card/
Brief: t
Cache-Control: no-transform
Content-Encoding: gzip
Content-Length: 200
Content-Type: text/xml
Depth: 1
Prefer: return=minimal
User-Agent: iOS/14.0 (18A5301v) dataaccessd/1.0
X-Apple-Client-Info: <iPhone12,5> <iPhone OS;14.0;18A5301v> <com.apple.coredav/1.0.1 (com.apple.dataaccess.dataaccessd/1.0)>
X-Apple-I-Client-Time: 2020-07-09T08:45:41Z
X-Apple-I-Locale: en_US
X-Apple-I-MD: AAAABQAAABDWjZWGKgHGgpf2qhDPmUE/AAAAAw==
X-Apple-I-MD-M: s/0ezDhy3jm5cFKeijPnXm91I2rnYJlw5k2ufGhHnXzmDrv4+fWPI/7doHhvjoxEQbOduN7ZeKejdNho
X-Apple-I-MD-RINFO: 17106176
X-Apple-I-TimeZone: PDT
X-MMe-Client-Info: <iPhone12,5> <iPhone OS;14.0;18A5301v> <com.apple.AuthKit/1 (com.apple.dataaccess.dataaccessd/1.0)>

[compression: gzip]
<?xml version="1.0" encoding="UTF-8"?>
<A:sync-collection xmlns:A="DAV:">
  <A:sync-token>HwoQEgwAAAjSn7DWswAAAAIYAhgAIhUI/ojBs7H7rf1/EIWfw5GvmdP9mQEoAA==</A:sync-token>
  <A:sync-level>1</A:sync-level>
  <A:prop>
    <A:getetag/>
  </A:prop>
</A:sync-collection>

>>>>>

Task 200

<<<<< 2020-07-09 01:45:41.809
HTTP/1.1 207 (Multi-Status)

access-control-expose-headers: X-Apple-Request-UUID,Via
Apple-Originating-System: UnknownOriginatingSystem
apple-seq: 0
apple-tk: false
Connection: keep-alive
Content-Encoding: gzip
Content-Length: 169
Content-Type: application/xml; charset=UTF-8
Date: Thu, 09 Jul 2020 08:45:41 GMT
Server: AppleHttpServer/ac9d40131a4d
Strict-Transport-Security: max-age=31536000; includeSubDomains;
Via: xrail:mr90p00ic-zteu08120401.me.com:8301:19C518:grp23,631194250daa17e24277dea86cf30319:403877f97aeebaf206ef6ee80d9d09c2:San Jose
X-Apple-Jingle-Correlation-Key: RGLJUSVZ2RFUNANNBL264TZLP4
X-Apple-Request-UUID: 89969a4a-b9d4-4b46-81ad-0af5ee4f2b7f
X-Responding-Instance: carddav:36600601:mr30p66ic-tyfb03030201:8501:2012B508:aba996e2df1a

<?xml version="1.0" encoding="UTF-8"?>

<multistatus xmlns="DAV:">




<sync-token>HwoQEgwAAAjSn7DWswAAAAIYAhgAIhUI/ojBs7H7rf1/EIWfw5GvmdP9mQEoAA==</sync-token>
</multistatus>



<<<<<

Task 201

>>>>> 2020-07-09 01:45:41.828
PROPFIND https://almightylinuxgod%40mac.com@p66-contacts.icloud.com/47120252/principal/
Brief: t
Cache-Control: no-transform
Content-Encoding: gzip
Content-Length: 260
Content-Type: text/xml
Depth: 0
Prefer: return=minimal
User-Agent: iOS/14.0 (18A5301v) dataaccessd/1.0
X-Apple-Client-Info: <iPhone12,5> <iPhone OS;14.0;18A5301v> <com.apple.coredav/1.0.1 (com.apple.dataaccess.dataaccessd/1.0)>
X-Apple-I-Client-Time: 2020-07-09T08:45:41Z
X-Apple-I-Locale: en_US
X-Apple-I-MD: AAAABQAAABDWjZWGKgHGgpf2qhDPmUE/AAAAAw==
X-Apple-I-MD-M: s/0ezDhy3jm5cFKeijPnXm91I2rnYJlw5k2ufGhHnXzmDrv4+fWPI/7doHhvjoxEQbOduN7ZeKejdNho
X-Apple-I-MD-RINFO: 17106176
X-Apple-I-TimeZone: PDT
X-MMe-Client-Info: <iPhone12,5> <iPhone OS;14.0;18A5301v> <com.apple.AuthKit/1 (com.apple.dataaccess.dataaccessd/1.0)>

[compression: gzip]
<?xml version="1.0" encoding="UTF-8"?>
<A:propfind xmlns:A="DAV:">
  <A:prop>
    <D:addressbook-home-set xmlns:D="urn:ietf:params:xml:ns:carddav"/>
    <D:directory-gateway xmlns:D="urn:ietf:params:xml:ns:carddav"/>
    <A:displayname/>
    <C:email-address-set xmlns:C="http://calendarserver.org/ns/"/>
    <A:principal-collection-set/>
    <A:principal-URL/>
    <A:resource-id/>
    <A:supported-report-set/>
  </A:prop>
</A:propfind>

>>>>>

Task 201

<<<<< 2020-07-09 01:45:41.906
HTTP/1.1 207 (Multi-Status)

access-control-expose-headers: X-Apple-Request-UUID,Via
Apple-Originating-System: UnknownOriginatingSystem
apple-seq: 0
apple-tk: false
Connection: keep-alive
Content-Encoding: gzip
Content-Type: application/xml; charset=UTF-8
Date: Thu, 09 Jul 2020 08:45:41 GMT
Server: AppleHttpServer/ac9d40131a4d
Strict-Transport-Security: max-age=31536000; includeSubDomains;
Transfer-Encoding: Identity
Via: xrail:mr90p00ic-zteu08120801.me.com:8301:19C518:grp23,631194250daa17e24277dea86cf30319:403877f97aeebaf206ef6ee80d9d09c2:San Jose
X-Apple-Jingle-Correlation-Key: EDG2HYR3TVERPMCBO3AWBUUEAA
X-Apple-Request-UUID: 20cda3e2-3b9d-4917-b041-76c160d28400
X-Responding-Instance: carddav:36600501:mr30p66ic-tyfb04011501:8501:2012B508:aba996e2df1a

<?xml version="1.0" encoding="UTF-8"?>
<multistatus xmlns="DAV:">

	<response>
		<href>/47120252/principal/</href>
		
		<propstat>
			<prop>
			
			<principal-URL>
			    <href>/47120252/principal/</href>
			</principal-URL>
			
            
			
			
			
			
            
            
            
            
            

            
            
            
            
            
			
			
            
            
            
            
            
            
            
            
				<supported-report-set>
					<supported-report>
						<report>
							<sync-collection/>
						</report>
					</supported-report>
					<supported-report>
						<report>
							<addressbook-multiget xmlns="urn:ietf:params:xml:ns:carddav"/>
						</report>
					</supported-report>
				</supported-report-set>
			
            
            
             
             
             
             
             
             
             
                <addressbook-home-set xmlns="urn:ietf:params:xml:ns:carddav">
                    <href xmlns="DAV:">https://p66-contacts.icloud.com:443/47120252/carddavhome/</href>
                </addressbook-home-set>
             
             
                <displayname>Rick Mark</displayname>
             
             
             
             
             
             
             
             
             
             
             
             
             
			</prop>
			<status>HTTP/1.1 200 OK</status>
		</propstat>
		
		
		<propstat>
			<prop>
				<resource-id/>
<principal-collection-set/>
<email-address-set xmlns="http://calendarserver.org/ns/"/>
<directory-gateway xmlns="urn:ietf:params:xml:ns:carddav"/>

			</prop>
			<status>HTTP/1.1 404 Not Found</status>
		</propstat>
        
	</response>

</multistatus>

<<<<<

Task 202

>>>>> 2020-07-09 01:45:41.922
PROPFIND https://almightylinuxgod%40mac.com@p66-contacts.icloud.com/47120252/carddavhome/
Brief: t
Cache-Control: no-transform
Content-Encoding: gzip
Content-Length: 350
Content-Type: text/xml
Depth: 1
Prefer: return=minimal
User-Agent: iOS/14.0 (18A5301v) dataaccessd/1.0
X-Apple-Client-Info: <iPhone12,5> <iPhone OS;14.0;18A5301v> <com.apple.coredav/1.0.1 (com.apple.dataaccess.dataaccessd/1.0)>
X-Apple-I-Client-Time: 2020-07-09T08:45:41Z
X-Apple-I-Locale: en_US
X-Apple-I-MD: AAAABQAAABDWjZWGKgHGgpf2qhDPmUE/AAAAAw==
X-Apple-I-MD-M: s/0ezDhy3jm5cFKeijPnXm91I2rnYJlw5k2ufGhHnXzmDrv4+fWPI/7doHhvjoxEQbOduN7ZeKejdNho
X-Apple-I-MD-RINFO: 17106176
X-Apple-I-TimeZone: PDT
X-MMe-Client-Info: <iPhone12,5> <iPhone OS;14.0;18A5301v> <com.apple.AuthKit/1 (com.apple.dataaccess.dataaccessd/1.0)>

[compression: gzip]
<?xml version="1.0" encoding="UTF-8"?>
<A:propfind xmlns:A="DAV:">
  <A:prop>
    <A:add-member/>
    <E:bulk-requests xmlns:E="http://me.com/_namespace/"/>
    <A:current-user-privilege-set/>
    <A:displayname/>
    <E:guardian-restricted xmlns:E="http://me.com/_namespace/"/>
    <D:max-image-size xmlns:D="urn:ietf:params:xml:ns:carddav"/>
    <D:max-resource-size xmlns:D="urn:ietf:params:xml:ns:carddav"/>
    <C:me-card xmlns:C="http://calendarserver.org/ns/"/>
    <A:owner/>
    <C:push-transports xmlns:C="http://calendarserver.org/ns/"/>
    <C:pushkey xmlns:C="http://calendarserver.org/ns/"/>
    <A:quota-available-bytes/>
    <A:quota-used-bytes/>
    <A:resource-id/>
    <A:resourcetype/>
    <A:supported-report-set/>
    <A:sync-token/>
  </A:prop>
</A:propfind>

>>>>>

Task 202

<<<<< 2020-07-09 01:45:42.054
HTTP/1.1 207 (Multi-Status)

access-control-expose-headers: X-Apple-Request-UUID,Via
Apple-Originating-System: UnknownOriginatingSystem
apple-seq: 0
apple-tk: false
Connection: keep-alive
Content-Encoding: gzip
Content-Type: application/xml; charset=UTF-8
Date: Thu, 09 Jul 2020 08:45:42 GMT
Server: AppleHttpServer/ac9d40131a4d
Strict-Transport-Security: max-age=31536000; includeSubDomains;
Transfer-Encoding: Identity
Via: xrail:mr90p00ic-zteu08131701.me.com:8301:19C518:grp23,631194250daa17e24277dea86cf30319:403877f97aeebaf206ef6ee80d9d09c2:San Jose
X-Apple-Jingle-Correlation-Key: TVQVEIM3HZDLNKT2UTLUMAPNAA
X-Apple-Request-UUID: 9d615221-9b3e-46b6-aa7a-a4d74601ed00
X-Responding-Instance: carddav:36600201:mr30p66ic-tyfb03081601:8501:2012B508:aba996e2df1a

<?xml version="1.0" encoding="UTF-8"?>
<multistatus xmlns="DAV:">

	<response>
		<href>/47120252/carddavhome/</href>
		
		<propstat>
			<prop>
			
			
            
			
			
				<current-user-privilege-set>
					<privilege>
						<read-current-user-privilege-set/>
					</privilege>
					<privilege>
						<read/>
					</privilege>
					<privilege>
						<read-acl/>
					</privilege>
					<privilege>
						<write/>
					</privilege>
					<privilege>
						<bind/>
					</privilege>
				</current-user-privilege-set>
			
			
				<me-card xmlns="http://calendarserver.org/ns/">
					<href xmlns="DAV:">/47120252/carddavhome/card/Y2YzYTJmOTgtM2FhYS00NzE4LWJmNTMtMjJhZjg4OWIxYmJk.vcf</href>
				</me-card>
			
            
            
            
            

            
				<push-transports xmlns="http://calendarserver.org/ns/">
					<transport type="APSD">
						<subscription-url>
							<href xmlns="DAV:">/47120252/mm/push/register</href>
						</subscription-url>
						<apsbundleid>com.me.contacts</apsbundleid>
						<env xmlns="urn:mobileme:davservices">PRODUCTION</env>
						<refresh-interval>120000</refresh-interval>
					</transport>
				</push-transports>
			
            
				<quota-available-bytes>49231422</quota-available-bytes>
			
            
				<quota-used-bytes>1100226</quota-used-bytes>
			
			
            
            
            
            
            
            
				<resourcetype>
					<collection/>

				</resourcetype>
			
            
				<supported-report-set>
					<supported-report>
						<report>
							<sync-collection/>
						</report>
					</supported-report>
					<supported-report>
						<report>
							<addressbook-multiget xmlns="urn:ietf:params:xml:ns:carddav"/>
						</report>
					</supported-report>
				</supported-report-set>
			
            
            
             
             
             
             
             
             
             
             
             
             
             
             
             
             
             
			    <sync-token>HwoQEgwAADxDuQgu8gAAAAAYARgAIhUIy4GtqLDDwLg5ENL0rum6/OLvswEoAA==</sync-token>
			 
             
             
             
             
             
             
			</prop>
			<status>HTTP/1.1 200 OK</status>
		</propstat>
		
		
		<propstat>
			<prop>
				<resource-id/>
<pushkey xmlns="http://calendarserver.org/ns/"/>
<owner/>
<max-resource-size xmlns="urn:ietf:params:xml:ns:carddav"/>
<max-image-size xmlns="urn:ietf:params:xml:ns:carddav"/>
<guardian-restricted xmlns="http://me.com/_namespace/"/>
<displayname/>
<bulk-requests xmlns="http://me.com/_namespace/"/>
<add-member/>

			</prop>
			<status>HTTP/1.1 404 Not Found</status>
		</propstat>
        
	</response>

	<response>
		<href>/47120252/carddavhome/card/</href>
		
		<propstat>
			<prop>
			
			
            
			
			
				<current-user-privilege-set>
					<privilege>
						<read-current-user-privilege-set/>
					</privilege>
					<privilege>
						<read/>
					</privilege>
					<privilege>
						<read-acl/>
					</privilege>
					<privilege>
						<write/>
					</privilege>
					<privilege>
						<bind/>
					</privilege>
				</current-user-privilege-set>
			
			
            
            
            
            
				<guardian-restricted xmlns="http://me.com/_namespace/">false</guardian-restricted>
			

            
            
            
				<quota-available-bytes>49231422</quota-available-bytes>
			
            
				<quota-used-bytes>1100226</quota-used-bytes>
			
			
            
            
            
            
            
            
				<resourcetype>
					<collection/>
<addressbook xmlns="urn:ietf:params:xml:ns:carddav"/>

				</resourcetype>
			
            
				<supported-report-set>
					<supported-report>
						<report>
							<sync-collection/>
						</report>
					</supported-report>
					<supported-report>
						<report>
							<addressbook-multiget xmlns="urn:ietf:params:xml:ns:carddav"/>
						</report>
					</supported-report>
				</supported-report-set>
			
            
            <bulk-requests xmlns="http://me.com/_namespace/">
                <simple>
                <max-resources>25</max-resources>
                <max-size>10485760</max-size>
                <supported>
                    <insert/>
                </supported>
                </simple>
                <crud>
                <max-resources>25</max-resources>
                <max-size>10485760</max-size>
                <supported>
                    <insert/>
                    <update/>
                    <delete/>
                </supported>
                </crud>
            </bulk-requests>
            
             
                <max-image-size xmlns="urn:ietf:params:xml:ns:carddav">229376</max-image-size>
             
             
                 <max-resource-size xmlns="urn:ietf:params:xml:ns:carddav">563200</max-resource-size>
             
             
                <pushkey xmlns="http://calendarserver.org/ns/">47120252</pushkey>
             
             
             
             
             
             
             
             
             
             
			    <sync-token>HwoQEgwAAAjSn7DWswAAAAIYAhgAIhUI/ojBs7H7rf1/EIWfw5GvmdP9mQEoAA==</sync-token>
			 
             
             
             
             
             
             
			</prop>
			<status>HTTP/1.1 200 OK</status>
		</propstat>
		
		
		<propstat>
			<prop>
				<resource-id/>
<push-transports xmlns="http://calendarserver.org/ns/"/>
<owner/>
<me-card xmlns="http://calendarserver.org/ns/"/>
<displayname/>
<add-member/>

			</prop>
			<status>HTTP/1.1 404 Not Found</status>
		</propstat>
        
	</response>

</multistatus>

<<<<<

Task 203

>>>>> 2020-07-09 01:45:42.091
REPORT https://richardkmark%40gmail.com@google.com/carddav/v1/principals/richardkmark%40gmail.com/lists/default/
Authorization: <Redacted>
Brief: t
Content-Length: 274
Content-Type: text/xml
Depth: 1
Prefer: return=minimal
User-Agent: iOS/14.0 (18A5301v) dataaccessd/1.0

<?xml version="1.0" encoding="UTF-8"?>
<A:sync-collection xmlns:A="DAV:">
  <A:sync-token>https://www.googleapis.com/carddav/v1/synctoken/0801100118C8C1BDC2DFBFEA02</A:sync-token>
  <A:sync-level>1</A:sync-level>
  <A:prop>
    <A:getetag/>
  </A:prop>
</A:sync-collection>

>>>>>

Task 203

<<<<< 2020-07-09 01:45:42.217
HTTP/1.1 207 (Multi-Status)

Alt-Svc: h3-29=":443"; ma=2592000,h3-27=":443"; ma=2592000,h3-25=":443"; ma=2592000,h3-T050=":443"; ma=2592000,h3-Q050=":443"; ma=2592000,h3-Q046=":443"; ma=2592000,h3-Q043=":443"; ma=2592000,quic=":443"; ma=2592000; v="46,43"
Cache-Control: no-cache, no-store, max-age=0, must-revalidate
Content-Length: 357
Content-Type: text/xml; charset=UTF-8
Date: Thu, 09 Jul 2020 08:45:42 GMT
Expires: Mon, 01 Jan 1990 00:00:00 GMT
Pragma: no-cache
Server: ESF
Vary: Origin, X-Origin, Referer
X-Content-Type-Options: nosniff
X-Frame-Options: SAMEORIGIN
X-XSS-Protection: 1; mode=block

<?xml version="1.0" encoding="UTF-8"?>
<d:multistatus xmlns:cal="urn:ietf:params:xml:ns:caldav" xmlns:card="urn:ietf:params:xml:ns:carddav" xmlns:cs="http://calendarserver.org/ns/" xmlns:d="DAV:" xmlns:ical="http://apple.com/ns/ical/">
 <d:sync-token>https://www.googleapis.com/carddav/v1/synctoken/0801100118D8F9EEC2DFBFEA02</d:sync-token>
</d:multistatus>
<<<<<

Task 204

>>>>> 2020-07-09 01:45:42.258
REPORT https://almightylinuxgod%40mac.com@p66-contacts.icloud.com/47120252/carddavhome/card/
Brief: t
Cache-Control: no-transform
Content-Encoding: gzip
Content-Length: 200
Content-Type: text/xml
Depth: 1
Prefer: return=minimal
User-Agent: iOS/14.0 (18A5301v) dataaccessd/1.0
X-Apple-Client-Info: <iPhone12,5> <iPhone OS;14.0;18A5301v> <com.apple.coredav/1.0.1 (com.apple.dataaccess.dataaccessd/1.0)>
X-Apple-I-Client-Time: 2020-07-09T08:45:42Z
X-Apple-I-Locale: en_US
X-Apple-I-MD: AAAABQAAABDWjZWGKgHGgpf2qhDPmUE/AAAAAw==
X-Apple-I-MD-M: s/0ezDhy3jm5cFKeijPnXm91I2rnYJlw5k2ufGhHnXzmDrv4+fWPI/7doHhvjoxEQbOduN7ZeKejdNho
X-Apple-I-MD-RINFO: 17106176
X-Apple-I-TimeZone: PDT
X-MMe-Client-Info: <iPhone12,5> <iPhone OS;14.0;18A5301v> <com.apple.AuthKit/1 (com.apple.dataaccess.dataaccessd/1.0)>

[compression: gzip]
<?xml version="1.0" encoding="UTF-8"?>
<A:sync-collection xmlns:A="DAV:">
  <A:sync-token>HwoQEgwAAAjSn7DWswAAAAIYAhgAIhUI/ojBs7H7rf1/EIWfw5GvmdP9mQEoAA==</A:sync-token>
  <A:sync-level>1</A:sync-level>
  <A:prop>
    <A:getetag/>
  </A:prop>
</A:sync-collection>

>>>>>

Task 204

<<<<< 2020-07-09 01:45:42.386
HTTP/1.1 207 (Multi-Status)

access-control-expose-headers: X-Apple-Request-UUID,Via
Apple-Originating-System: UnknownOriginatingSystem
apple-seq: 0
apple-tk: false
Connection: keep-alive
Content-Encoding: gzip
Content-Length: 169
Content-Type: application/xml; charset=UTF-8
Date: Thu, 09 Jul 2020 08:45:42 GMT
Server: AppleHttpServer/ac9d40131a4d
Strict-Transport-Security: max-age=31536000; includeSubDomains;
Via: xrail:mr90p00ic-zteu08120801.me.com:8301:19C518:grp23,631194250daa17e24277dea86cf30319:403877f97aeebaf206ef6ee80d9d09c2:San Jose
X-Apple-Jingle-Correlation-Key: EFH37KU4RRBQDEFSINA5TXS7E4
X-Apple-Request-UUID: 214fbfaa-9c8c-4301-90b2-4341d9de5f27
X-Responding-Instance: carddav:36600701:mr30p66ic-tyfb03063801:8501:2012B508:aba996e2df1a

<?xml version="1.0" encoding="UTF-8"?>

<multistatus xmlns="DAV:">




<sync-token>HwoQEgwAAAjSn7DWswAAAAIYAhgAIhUI/ojBs7H7rf1/EIWfw5GvmdP9mQEoAA==</sync-token>
</multistatus>



<<<<<
