
>>>>>>START_BLOB
<<2020-07-09 01:41:19.507>>BLOB_CHUNK03016a 00000d45 48033136 39310001 494a4b03 34390001 4c034361 6c656e64 61720001 014a4b03 35300001 4c03436f 6e746163 74730001 014a4b03 34380001 4c034361 6c656e64 61720001 014a4b03 34370001 4c034361 6c656e64 61720001 014a4b03 31323900 014c0354 61736b73 00010101 01
>>>>>>END_BLOBD016177C-133C-4AA3-BCDC-DFF0C0E6BFE5

<<<<<<START_BLOB
<<2020-07-09 01:41:20.358>>
<<<<<<END_BLOBD016177C-133C-4AA3-BCDC-DFF0C0E6BFE5

>>>>>>START_BLOB
<<2020-07-09 01:41:21.751>>
>>>>>>END_BLOBD016177C-133C-4AA3-BCDC-DFF0C0E6BFE5

<<<<<<START_BLOB
<<2020-07-09 01:41:22.063>>
<<<<<<END_BLOBD016177C-133C-4AA3-BCDC-DFF0C0E6BFE5

<<<<<<START_BLOB
<<2020-07-09 01:41:22.193>>
<<<<<<END_BLOBD016177C-133C-4AA3-BCDC-DFF0C0E6BFE5

>>>>>>START_BLOB
<<2020-07-09 01:41:22.207>>BLOB_CHUNK03016a 00000756 52033100 0101
>>>>>>END_BLOBD016177C-133C-4AA3-BCDC-DFF0C0E6BFE5

<<<<<<START_BLOB
<<2020-07-09 01:41:22.658>>BLOB_CHUNK03016a 00000756 4c033100 01520331 00014e57 03300001 0101
<<<<<<END_BLOBD016177C-133C-4AA3-BCDC-DFF0C0E6BFE5

>>>>>>START_BLOB
<<2020-07-09 01:41:22.879>>BLOB_CHUNK03016a 00001245 5d070101
>>>>>>END_BLOBD016177C-133C-4AA3-BCDC-DFF0C0E6BFE5

<<<<<<START_BLOB
<<2020-07-09 01:41:23.198>>BLOB_CHUNK03016a 00001245 46033100 015d4603 31000147 64655e5f 0377616e 6465726e 406f7574 6c6f6f6b 2e636f6d 00016303 7269636b 6d61726b 406f7574 6c6f6f6b 2e636f6d 00010101 01010101
<<<<<<END_BLOBD016177C-133C-4AA3-BCDC-DFF0C0E6BFE5

>>>>>>START_BLOB
<<2020-07-09 01:41:24.824>>BLOB_CHUNK03016a 00000d45 48033136 39310001 494a4b03 34390001 4c034361 6c656e64 61720001 014a4b03 35300001 4c03436f 6e746163 74730001 014a4b03 34380001 4c034361 6c656e64 61720001 014a4b03 34370001 4c034361 6c656e64 61720001 014a4b03 31323900 014c0354 61736b73 00010101 01
>>>>>>END_BLOBD016177C-133C-4AA3-BCDC-DFF0C0E6BFE5
