Aug 15 13:18:36 localhost opendirectoryd[165]: opendirectoryd (build 417.50.4) launched - installer mode
Aug 15 13:18:36 localhost opendirectoryd[165]: Logging level limit changed to 'notice'
Aug 15 13:18:36 localhost opendirectoryd[165]: Initialize trigger support
Aug 15 13:18:37 localhost opendirectoryd[165]: created endpoint for mach service 'com.apple.private.opendirectoryd.rpc'
Aug 15 13:18:37 localhost opendirectoryd[165]: set default handler for RPC 'reset_cache'
Aug 15 13:18:37 localhost opendirectoryd[165]: set default handler for RPC 'reset_statistics'
Aug 15 13:18:37 localhost opendirectoryd[165]: set default handler for RPC 'show'
Aug 15 13:18:37 localhost opendirectoryd[165]: starting endpoint for service 'com.apple.private.opendirectoryd.rpc'
Aug 15 13:18:37 localhost opendirectoryd[165]: no dynamic data found at '/System/Library/OpenDirectory/DynamicData/Configure.plist'
Aug 15 13:18:37 localhost opendirectoryd[165]: Registered node with name '/Configure' as hidden
Aug 15 13:18:37 localhost opendirectoryd[165]: no dynamic data found at '/System/Library/OpenDirectory/DynamicData/Local.plist'
Aug 15 13:18:37 localhost opendirectoryd[165]: Registered node with name '/Local' as hidden
Aug 15 13:18:40 localhost powerd[152]: powerd process is started
Aug 15 13:18:46 localhost Unknown[483]: kern.boottime: { sec = 1502828280, usec = 0 } Tue Aug 15 13:18:00 2017
Aug 15 13:18:46 localhost opendirectoryd[165]: 166.1 - Client: apsd, UID: 0, EUID: 0, GID: 0, EGID: 0
Aug 15 13:18:46 localhost opendirectoryd[165]: 166.1 - ODNodeCreateWithNameAndOptions request, SessionID: 00000000-0000-0000-0000-000000000000, Name: /Search, Options: 0x0
Aug 15 13:18:46 localhost opendirectoryd[165]: 166.1 - ODNodeCreateWithNameAndOptions failed with error 'Unknown node name' (2000)
Aug 15 13:18:47 MacBook-Pro Unknown[493]: Launching the Language Chooser for a custom package
Aug 15 13:18:47 MacBook-Pro launchprogresswindow[491]: ISAP: show progress UI called.
Aug 15 13:19:01 MacBook-Pro opendirectoryd[165]: 166 - Client: 'apsd', exited with 0 session(s), 0 node(s) and 0 active request(s)
Aug 15 13:20:03 MacBook-Pro Installer Progress[159]: IASGetCurrentInstallPhaseList: no install phase array set
Aug 15 13:20:03 MacBook-Pro Installer Progress[159]: IASGetCurrentInstallPhase: no install phase set
Aug 15 13:20:03 MacBook-Pro Installer Progress[159]: Progress App loading...
Aug 15 13:20:03 MacBook-Pro Installer Progress[159]: Progress App is running with no progress set.
Aug 15 13:20:03 MacBook-Pro Installer Progress[159]: Progress App running...
Aug 15 13:20:03 MacBook-Pro Installer Progress[159]: Sending show progress UI to delegate.
Aug 15 13:20:03 MacBook-Pro Installer Progress[159]: IOProgressColorTheme is set to 1
Aug 15 13:20:04 MacBook-Pro Unknown[495]: Aug 15 13:20:04  Language Chooser[494] <Error>: CGColorSpaceCreateWithName failed for kCGColorSpaceITUR_709
Aug 15 13:20:04 MacBook-Pro Unknown[495]: Aug 15 13:20:04  Language Chooser[494] <Error>: CGColorSpaceCreateWithName failed for kCGColorSpaceITUR_2020
Aug 15 13:20:04 MacBook-Pro Unknown[495]: Aug 15 13:20:04  Language Chooser[494] <Error>: CGColorSpaceCreateWithName failed for kCGColorSpaceROMMRGB
Aug 15 13:20:04 MacBook-Pro Installer Progress[159]: Shield windows created.
Aug 15 13:20:04 MacBook-Pro Installer Progress[159]: Shield windows ordered front.
Aug 15 13:20:04 MacBook-Pro Unknown[495]: Setting boot completed.
Aug 15 13:20:04 MacBook-Pro Language Chooser[494]: Set keyboard to id: 0
Aug 15 13:20:04 MacBook-Pro Installer Progress[159]: Started phase named: Language Chooser
Aug 15 13:20:04 MacBook-Pro Language Chooser[494]: Found primary language hint "en"
Aug 15 13:20:04 MacBook-Pro Language Chooser[494]: Launching the Installer using language code "en"
Aug 15 13:20:06 MacBook-Pro Unknown[495]: Aug 15 13:20:06  NetRestore[526] <Error>: CGColorSpaceCreateWithName failed for kCGColorSpaceITUR_709
Aug 15 13:20:06 MacBook-Pro Unknown[495]: Aug 15 13:20:06  NetRestore[526] <Error>: CGColorSpaceCreateWithName failed for kCGColorSpaceITUR_2020
Aug 15 13:20:06 MacBook-Pro Unknown[495]: Aug 15 13:20:06  NetRestore[526] <Error>: CGColorSpaceCreateWithName failed for kCGColorSpaceROMMRGB
Aug 15 13:20:06 MacBook-Pro storagekitd[528]: Starting SKDaemon...
Aug 15 13:20:06 MacBook-Pro storagekitd[528]: Client entitled for information
Aug 15 13:20:06 MacBook-Pro storagekitd[528]: Adding client connection <NSXPCConnection: 0x7fcdc0c01450> connection from pid 526
Aug 15 13:20:06 MacBook-Pro storagekitd[528]: CSLV has no PVs?
Aug 15 13:20:07 MacBook-Pro Language Chooser[494]: Not hiding Language Chooser in window counter
Aug 15 13:20:07 MacBook-Pro storagekitd[528]: CSLV has no PVs?
Aug 15 13:20:08 MacBook-Pro NetRestore[526]: Connected to daemon. Language set to: English
Aug 15 13:20:08 --- last message repeated 1 time ---
Aug 15 13:20:08 MacBook-Pro Unknown[495]: 2017-08-15 13:20:08.215 NetRestore[526:25098] Connected to daemon. Language set to: English
Aug 15 13:20:09 --- last message repeated 1 time ---
Aug 15 13:20:09 MacBook-Pro Language Chooser[494]: ISAP: Done with phase "Language Chooser"
Aug 15 13:20:09 MacBook-Pro Installer Progress[159]: Ending progress UI via 100% progress.
Aug 15 13:20:09 MacBook-Pro Installer Progress[159]: End progress UI called...
Aug 15 13:20:17 MacBook-Pro powerd[152]: Assertion Created. Type:UserIsActive Name:'com.apple.iohideventsystem.queue.tickle.4294968253.11' Id:0x900008001 Process:hidd [System: DeclUser kDisp]
Aug 15 13:20:22 MacBook-Pro Unknown[495]: 2017-08-15 13:20:22.377 Disk Utility[531:26222] NSColorList could not parse color list file /System/Library/Colors/System.clr
Aug 15 13:20:22 MacBook-Pro storagekitd[528]: Client entitled for destructive operations
Aug 15 13:20:22 MacBook-Pro storagekitd[528]: Adding client connection <NSXPCConnection: 0x7fcdc0c1a700> connection from pid 531
Aug 15 13:20:22 MacBook-Pro Unknown[495]: Aug 15 13:20:22  Disk Utility[531] <Error>: CGColorSpaceCreateWithName failed for kCGColorSpaceITUR_709
Aug 15 13:20:22 MacBook-Pro Unknown[495]: Aug 15 13:20:22  Disk Utility[531] <Error>: CGColorSpaceCreateWithName failed for kCGColorSpaceITUR_2020
Aug 15 13:20:22 MacBook-Pro Unknown[495]: Aug 15 13:20:22  Disk Utility[531] <Error>: CGColorSpaceCreateWithName failed for kCGColorSpaceROMMRGB
Aug 15 13:20:22 MacBook-Pro Disk Utility[531]: Connected to daemon. Language set to: English
Aug 15 13:20:22 --- last message repeated 1 time ---
Aug 15 13:20:22 MacBook-Pro Unknown[495]: 2017-08-15 13:20:22.779 Disk Utility[531:26767] Connected to daemon. Language set to: English
Aug 15 13:20:22 --- last message repeated 1 time ---
Aug 15 13:20:22 MacBook-Pro Unknown[495]: 2017-08-15 13:20:22.804 Disk Utility[531:26222] Failed to get physical whole disk: SKDisk { BSD Name: disk19 Mount point: /private/var/tmp/InstallerCookies Role: kSKDiskRoleLegacyMacData Type: kSKDiskTypeHFS }
Aug 15 13:20:22 MacBook-Pro Unknown[495]: 2017-08-15 13:20:22.804 Disk Utility[531:26222] Failed to get physical whole disk: SKDisk { BSD Name: disk14 Mount point: /private/var/root/Library/Containers Role: kSKDiskRoleLegacyMacData Type: kSKDiskTypeHFS }
Aug 15 13:20:22 MacBook-Pro Unknown[495]: 2017-08-15 13:20:22.804 Disk Utility[531:26222] Failed to get physical whole disk: SKDisk { BSD Name: disk8 Mount point: /private/tmp Role: kSKDiskRoleLegacyMacData Type: kSKDiskTypeHFS }
Aug 15 13:20:22 MacBook-Pro Unknown[495]: 2017-08-15 13:20:22.804 Disk Utility[531:26222] Failed to get physical whole disk: SKDisk { BSD Name: disk16 Mount point: /Library/Preferences/SystemConfiguration Role: kSKDiskRoleLegacyMacData Type: kSKDiskTypeHFS }
Aug 15 13:20:22 MacBook-Pro Unknown[495]: 2017-08-15 13:20:22.804 Disk Utility[531:26222] Failed to get physical whole disk: SKDisk { BSD Name: disk11 Mount point: /private/var/folders Role: kSKDiskRoleLegacyMacData Type: kSKDiskTypeHFS }
Aug 15 13:20:22 MacBook-Pro Unknown[495]: 2017-08-15 13:20:22.805 Disk Utility[531:26222] Failed to get physical whole disk: SKDisk { BSD Name: disk18 Mount point: /private/var/tmp/RecoveryTemp Role: kSKDiskRoleLegacyMacData Type: kSKDiskTypeHFS }
Aug 15 13:20:22 MacBook-Pro Unknown[495]: 2017-08-15 13:20:22.805 Disk Utility[531:26222] Failed to get physical whole disk: SKDisk { BSD Name: disk7 Mount point: /private/var/run Role: kSKDiskRoleLegacyMacData Type: kSKDiskTypeHFS }
Aug 15 13:20:22 MacBook-Pro Unknown[495]: 2017-08-15 13:20:22.805 Disk Utility[531:26222] Failed to get physical whole disk: SKDisk { BSD Name: disk13 Mount point: Not Mounted Role: kSKDiskRoleLegacyMacData Type: kSKDiskTypeHFS }
Aug 15 13:20:22 MacBook-Pro Unknown[495]: 2017-08-15 13:20:22.805 Disk Utility[531:26222] Failed to get physical whole disk: SKDisk { BSD Name: disk6 Mount point: /private/var/tmp Role: kSKDiskRoleLegacyMacData Type: kSKDiskTypeHFS }
Aug 15 13:20:22 MacBook-Pro Unknown[495]: 2017-08-15 13:20:22.806 Disk Utility[531:26222] Failed to get physical whole disk: SKDisk { BSD Name: disk15 Mount point: /Library/Preferences Role: kSKDiskRoleLegacyMacData Type: kSKDiskTypeHFS }
Aug 15 13:20:22 MacBook-Pro Unknown[495]: 2017-08-15 13:20:22.806 Disk Utility[531:26222] Failed to get physical whole disk: SKDisk { BSD Name: disk10 Mount point: /private/var/db Role: kSKDiskRoleLegacyMacData Type: kSKDiskTypeHFS }
Aug 15 13:20:22 MacBook-Pro Unknown[495]: 2017-08-15 13:20:22.806 Disk Utility[531:26222] Failed to get physical whole disk: SKDisk { BSD Name: disk5 Mount point: /Volumes Role: kSKDiskRoleLegacyMacData Type: kSKDiskTypeHFS }
Aug 15 13:20:22 MacBook-Pro Unknown[495]: 2017-08-15 13:20:22.806 Disk Utility[531:26222] Failed to get physical whole disk: SKDisk { BSD Name: disk17 Mount point: /Library/Keychains Role: kSKDiskRoleLegacyMacData Type: kSKDiskTypeHFS }
Aug 15 13:20:22 MacBook-Pro Unknown[495]: 2017-08-15 13:20:22.806 Disk Utility[531:26222] Failed to get physical whole disk: SKDisk { BSD Name: disk12 Mount point: /private/var/root/Library Role: kSKDiskRoleLegacyMacData Type: kSKDiskTypeHFS }
Aug 15 13:20:22 MacBook-Pro Unknown[495]: 2017-08-15 13:20:22.807 Disk Utility[531:26222] Failed to get physical whole disk: SKDisk { BSD Name: disk4 Mount point: /private/var/log Role: kSKDiskRoleLegacyMacData Type: kSKDiskTypeHFS }
Aug 15 13:20:22 MacBook-Pro Unknown[495]: 2017-08-15 13:20:22.807 Disk Utility[531:26222] Failed to get physical whole disk: SKDisk { BSD Name: disk9 Mount point: /System/Installation Role: kSKDiskRoleLegacyMacData Type: kSKDiskTypeHFS }
Aug 15 13:20:23 MacBook-Pro Unknown[495]: 2017-08-15 13:20:23.614 Disk Utility[531:26222] Failed to get physical whole disk: SKDisk { BSD Name: disk19 Mount point: /private/var/tmp/InstallerCookies Role: kSKDiskRoleLegacyMacData Type: kSKDiskTypeHFS }
Aug 15 13:20:23 MacBook-Pro Unknown[495]: 2017-08-15 13:20:23.614 Disk Utility[531:26222] Failed to get physical whole disk: SKDisk { BSD Name: disk14 Mount point: /private/var/root/Library/Containers Role: kSKDiskRoleLegacyMacData Type: kSKDiskTypeHFS }
Aug 15 13:20:23 MacBook-Pro Unknown[495]: 2017-08-15 13:20:23.614 Disk Utility[531:26222] Failed to get physical whole disk: SKDisk { BSD Name: disk8 Mount point: /private/tmp Role: kSKDiskRoleLegacyMacData Type: kSKDiskTypeHFS }
Aug 15 13:20:23 MacBook-Pro Unknown[495]: 2017-08-15 13:20:23.614 Disk Utility[531:26222] Failed to get physical whole disk: SKDisk { BSD Name: disk16 Mount point: /Library/Preferences/SystemConfiguration Role: kSKDiskRoleLegacyMacData Type: kSKDiskTypeHFS }
Aug 15 13:20:23 MacBook-Pro Unknown[495]: 2017-08-15 13:20:23.614 Disk Utility[531:26222] Failed to get physical whole disk: SKDisk { BSD Name: disk11 Mount point: /private/var/folders Role: kSKDiskRoleLegacyMacData Type: kSKDiskTypeHFS }
Aug 15 13:20:23 MacBook-Pro Unknown[495]: 2017-08-15 13:20:23.615 Disk Utility[531:26222] Failed to get physical whole disk: SKDisk { BSD Name: disk18 Mount point: /private/var/tmp/RecoveryTemp Role: kSKDiskRoleLegacyMacData Type: kSKDiskTypeHFS }
Aug 15 13:20:23 MacBook-Pro Unknown[495]: 2017-08-15 13:20:23.615 Disk Utility[531:26222] Failed to get physical whole disk: SKDisk { BSD Name: disk7 Mount point: /private/var/run Role: kSKDiskRoleLegacyMacData Type: kSKDiskTypeHFS }
Aug 15 13:20:23 MacBook-Pro Unknown[495]: 2017-08-15 13:20:23.615 Disk Utility[531:26222] Failed to get physical whole disk: SKDisk { BSD Name: disk13 Mount point: Not Mounted Role: kSKDiskRoleLegacyMacData Type: kSKDiskTypeHFS }
Aug 15 13:20:23 MacBook-Pro Unknown[495]: 2017-08-15 13:20:23.615 Disk Utility[531:26222] Failed to get physical whole disk: SKDisk { BSD Name: disk6 Mount point: /private/var/tmp Role: kSKDiskRoleLegacyMacData Type: kSKDiskTypeHFS }
Aug 15 13:20:23 MacBook-Pro Unknown[495]: 2017-08-15 13:20:23.615 Disk Utility[531:26222] Failed to get physical whole disk: SKDisk { BSD Name: disk15 Mount point: /Library/Preferences Role: kSKDiskRoleLegacyMacData Type: kSKDiskTypeHFS }
Aug 15 13:20:23 MacBook-Pro Unknown[495]: 2017-08-15 13:20:23.615 Disk Utility[531:26222] Failed to get physical whole disk: SKDisk { BSD Name: disk10 Mount point: /private/var/db Role: kSKDiskRoleLegacyMacData Type: kSKDiskTypeHFS }
Aug 15 13:20:23 MacBook-Pro Unknown[495]: 2017-08-15 13:20:23.615 Disk Utility[531:26222] Failed to get physical whole disk: SKDisk { BSD Name: disk5 Mount point: /Volumes Role: kSKDiskRoleLegacyMacData Type: kSKDiskTypeHFS }
Aug 15 13:20:23 MacBook-Pro Unknown[495]: 2017-08-15 13:20:23.616 Disk Utility[531:26222] Failed to get physical whole disk: SKDisk { BSD Name: disk17 Mount point: /Library/Keychains Role: kSKDiskRoleLegacyMacData Type: kSKDiskTypeHFS }
Aug 15 13:20:23 MacBook-Pro Unknown[495]: 2017-08-15 13:20:23.616 Disk Utility[531:26222] Failed to get physical whole disk: SKDisk { BSD Name: disk12 Mount point: /private/var/root/Library Role: kSKDiskRoleLegacyMacData Type: kSKDiskTypeHFS }
Aug 15 13:20:23 MacBook-Pro Unknown[495]: 2017-08-15 13:20:23.616 Disk Utility[531:26222] Failed to get physical whole disk: SKDisk { BSD Name: disk4 Mount point: /private/var/log Role: kSKDiskRoleLegacyMacData Type: kSKDiskTypeHFS }
Aug 15 13:20:23 MacBook-Pro Unknown[495]: 2017-08-15 13:20:23.616 Disk Utility[531:26222] Failed to get physical whole disk: SKDisk { BSD Name: disk9 Mount point: /System/Installation Role: kSKDiskRoleLegacyMacData Type: kSKDiskTypeHFS }
Aug 15 13:20:31 MacBook-Pro Unknown[495]: 2017-08-15 13:20:31.773 Disk Utility[531:26222] Failed to get physical whole disk: SKDisk { BSD Name: disk19 Mount point: /private/var/tmp/InstallerCookies Role: kSKDiskRoleLegacyMacData Type: kSKDiskTypeHFS }
Aug 15 13:20:31 MacBook-Pro Unknown[495]: 2017-08-15 13:20:31.774 Disk Utility[531:26222] Failed to get physical whole disk: SKDisk { BSD Name: disk14 Mount point: /private/var/root/Library/Containers Role: kSKDiskRoleLegacyMacData Type: kSKDiskTypeHFS }
Aug 15 13:20:31 MacBook-Pro Unknown[495]: 2017-08-15 13:20:31.774 Disk Utility[531:26222] Failed to get physical whole disk: SKDisk { BSD Name: disk8 Mount point: /private/tmp Role: kSKDiskRoleLegacyMacData Type: kSKDiskTypeHFS }
Aug 15 13:20:31 MacBook-Pro Unknown[495]: 2017-08-15 13:20:31.774 Disk Utility[531:26222] Failed to get physical whole disk: SKDisk { BSD Name: disk16 Mount point: /Library/Preferences/SystemConfiguration Role: kSKDiskRoleLegacyMacData Type: kSKDiskTypeHFS }
Aug 15 13:20:31 MacBook-Pro Unknown[495]: 2017-08-15 13:20:31.774 Disk Utility[531:26222] Failed to get physical whole disk: SKDisk { BSD Name: disk11 Mount point: /private/var/folders Role: kSKDiskRoleLegacyMacData Type: kSKDiskTypeHFS }
Aug 15 13:20:31 MacBook-Pro Unknown[495]: 2017-08-15 13:20:31.774 Disk Utility[531:26222] Failed to get physical whole disk: SKDisk { BSD Name: disk18 Mount point: /private/var/tmp/RecoveryTemp Role: kSKDiskRoleLegacyMacData Type: kSKDiskTypeHFS }
Aug 15 13:20:31 MacBook-Pro Unknown[495]: 2017-08-15 13:20:31.774 Disk Utility[531:26222] Failed to get physical whole disk: SKDisk { BSD Name: disk7 Mount point: /private/var/run Role: kSKDiskRoleLegacyMacData Type: kSKDiskTypeHFS }
Aug 15 13:20:31 MacBook-Pro Unknown[495]: 2017-08-15 13:20:31.775 Disk Utility[531:26222] Failed to get physical whole disk: SKDisk { BSD Name: disk13 Mount point: Not Mounted Role: kSKDiskRoleLegacyMacData Type: kSKDiskTypeHFS }
Aug 15 13:20:31 MacBook-Pro Unknown[495]: 2017-08-15 13:20:31.775 Disk Utility[531:26222] Failed to get physical whole disk: SKDisk { BSD Name: disk6 Mount point: /private/var/tmp Role: kSKDiskRoleLegacyMacData Type: kSKDiskTypeHFS }
Aug 15 13:20:31 MacBook-Pro Unknown[495]: 2017-08-15 13:20:31.775 Disk Utility[531:26222] Failed to get physical whole disk: SKDisk { BSD Name: disk15 Mount point: /Library/Preferences Role: kSKDiskRoleLegacyMacData Type: kSKDiskTypeHFS }
Aug 15 13:20:31 MacBook-Pro Unknown[495]: 2017-08-15 13:20:31.775 Disk Utility[531:26222] Failed to get physical whole disk: SKDisk { BSD Name: disk10 Mount point: /private/var/db Role: kSKDiskRoleLegacyMacData Type: kSKDiskTypeHFS }
Aug 15 13:20:31 MacBook-Pro Unknown[495]: 2017-08-15 13:20:31.775 Disk Utility[531:26222] Failed to get physical whole disk: SKDisk { BSD Name: disk5 Mount point: /Volumes Role: kSKDiskRoleLegacyMacData Type: kSKDiskTypeHFS }
Aug 15 13:20:31 MacBook-Pro Unknown[495]: 2017-08-15 13:20:31.776 Disk Utility[531:26222] Failed to get physical whole disk: SKDisk { BSD Name: disk17 Mount point: /Library/Keychains Role: kSKDiskRoleLegacyMacData Type: kSKDiskTypeHFS }
Aug 15 13:20:31 MacBook-Pro Unknown[495]: 2017-08-15 13:20:31.776 Disk Utility[531:26222] Failed to get physical whole disk: SKDisk { BSD Name: disk12 Mount point: /private/var/root/Library Role: kSKDiskRoleLegacyMacData Type: kSKDiskTypeHFS }
Aug 15 13:20:31 MacBook-Pro Unknown[495]: 2017-08-15 13:20:31.776 Disk Utility[531:26222] Failed to get physical whole disk: SKDisk { BSD Name: disk4 Mount point: /private/var/log Role: kSKDiskRoleLegacyMacData Type: kSKDiskTypeHFS }
Aug 15 13:20:31 MacBook-Pro Unknown[495]: 2017-08-15 13:20:31.776 Disk Utility[531:26222] Failed to get physical whole disk: SKDisk { BSD Name: disk9 Mount point: /System/Installation Role: kSKDiskRoleLegacyMacData Type: kSKDiskTypeHFS }
Aug 15 13:20:31 MacBook-Pro Unknown[495]: 2017-08-15 13:20:31.792 Disk Utility[531:26222] Failed to get physical whole disk: SKDisk { BSD Name: disk19 Mount point: /private/var/tmp/InstallerCookies Role: kSKDiskRoleLegacyMacData Type: kSKDiskTypeHFS }
Aug 15 13:20:31 MacBook-Pro Unknown[495]: 2017-08-15 13:20:31.792 Disk Utility[531:26222] Failed to get physical whole disk: SKDisk { BSD Name: disk14 Mount point: /private/var/root/Library/Containers Role: kSKDiskRoleLegacyMacData Type: kSKDiskTypeHFS }
Aug 15 13:20:31 MacBook-Pro Unknown[495]: 2017-08-15 13:20:31.792 Disk Utility[531:26222] Failed to get physical whole disk: SKDisk { BSD Name: disk8 Mount point: /private/tmp Role: kSKDiskRoleLegacyMacData Type: kSKDiskTypeHFS }
Aug 15 13:20:31 MacBook-Pro Unknown[495]: 2017-08-15 13:20:31.792 Disk Utility[531:26222] Failed to get physical whole disk: SKDisk { BSD Name: disk16 Mount point: /Library/Preferences/SystemConfiguration Role: kSKDiskRoleLegacyMacData Type: kSKDiskTypeHFS }
Aug 15 13:20:31 MacBook-Pro Unknown[495]: 2017-08-15 13:20:31.792 Disk Utility[531:26222] Failed to get physical whole disk: SKDisk { BSD Name: disk11 Mount point: /private/var/folders Role: kSKDiskRoleLegacyMacData Type: kSKDiskTypeHFS }
Aug 15 13:20:31 MacBook-Pro Unknown[495]: 2017-08-15 13:20:31.793 Disk Utility[531:26222] Failed to get physical whole disk: SKDisk { BSD Name: disk18 Mount point: /private/var/tmp/RecoveryTemp Role: kSKDiskRoleLegacyMacData Type: kSKDiskTypeHFS }
Aug 15 13:20:31 MacBook-Pro Unknown[495]: 2017-08-15 13:20:31.793 Disk Utility[531:26222] Failed to get physical whole disk: SKDisk { BSD Name: disk7 Mount point: /private/var/run Role: kSKDiskRoleLegacyMacData Type: kSKDiskTypeHFS }
Aug 15 13:20:31 MacBook-Pro Unknown[495]: 2017-08-15 13:20:31.793 Disk Utility[531:26222] Failed to get physical whole disk: SKDisk { BSD Name: disk13 Mount point: Not Mounted Role: kSKDiskRoleLegacyMacData Type: kSKDiskTypeHFS }
Aug 15 13:20:31 MacBook-Pro Unknown[495]: 2017-08-15 13:20:31.793 Disk Utility[531:26222] Failed to get physical whole disk: SKDisk { BSD Name: disk6 Mount point: /private/var/tmp Role: kSKDiskRoleLegacyMacData Type: kSKDiskTypeHFS }
Aug 15 13:20:31 MacBook-Pro Unknown[495]: 2017-08-15 13:20:31.793 Disk Utility[531:26222] Failed to get physical whole disk: SKDisk { BSD Name: disk15 Mount point: /Library/Preferences Role: kSKDiskRoleLegacyMacData Type: kSKDiskTypeHFS }
Aug 15 13:20:31 MacBook-Pro Unknown[495]: 2017-08-15 13:20:31.793 Disk Utility[531:26222] Failed to get physical whole disk: SKDisk { BSD Name: disk10 Mount point: /private/var/db Role: kSKDiskRoleLegacyMacData Type: kSKDiskTypeHFS }
Aug 15 13:20:31 MacBook-Pro Unknown[495]: 2017-08-15 13:20:31.794 Disk Utility[531:26222] Failed to get physical whole disk: SKDisk { BSD Name: disk5 Mount point: /Volumes Role: kSKDiskRoleLegacyMacData Type: kSKDiskTypeHFS }
Aug 15 13:20:31 MacBook-Pro Unknown[495]: 2017-08-15 13:20:31.794 Disk Utility[531:26222] Failed to get physical whole disk: SKDisk { BSD Name: disk17 Mount point: /Library/Keychains Role: kSKDiskRoleLegacyMacData Type: kSKDiskTypeHFS }
Aug 15 13:20:31 MacBook-Pro Unknown[495]: 2017-08-15 13:20:31.794 Disk Utility[531:26222] Failed to get physical whole disk: SKDisk { BSD Name: disk12 Mount point: /private/var/root/Library Role: kSKDiskRoleLegacyMacData Type: kSKDiskTypeHFS }
Aug 15 13:20:31 MacBook-Pro Unknown[495]: 2017-08-15 13:20:31.794 Disk Utility[531:26222] Failed to get physical whole disk: SKDisk { BSD Name: disk4 Mount point: /private/var/log Role: kSKDiskRoleLegacyMacData Type: kSKDiskTypeHFS }
Aug 15 13:20:31 MacBook-Pro Unknown[495]: 2017-08-15 13:20:31.794 Disk Utility[531:26222] Failed to get physical whole disk: SKDisk { BSD Name: disk9 Mount point: /System/Installation Role: kSKDiskRoleLegacyMacData Type: kSKDiskTypeHFS }
Aug 15 13:20:31 MacBook-Pro storagekitd[528]: Erase Complete, Mount Point: (null)
Aug 15 13:20:31 MacBook-Pro storagekitd[528]: Recache Complete, Mount Point: (null)
Aug 15 13:20:31 MacBook-Pro Unknown[495]: 2017-08-15 13:20:31.848 Disk Utility[531:26222] Failed to get physical whole disk: SKDisk { BSD Name: disk19 Mount point: /private/var/tmp/InstallerCookies Role: kSKDiskRoleLegacyMacData Type: kSKDiskTypeHFS }
Aug 15 13:20:31 MacBook-Pro Unknown[495]: 2017-08-15 13:20:31.848 Disk Utility[531:26222] Failed to get physical whole disk: SKDisk { BSD Name: disk14 Mount point: /private/var/root/Library/Containers Role: kSKDiskRoleLegacyMacData Type: kSKDiskTypeHFS }
Aug 15 13:20:31 MacBook-Pro Unknown[495]: 2017-08-15 13:20:31.848 Disk Utility[531:26222] Failed to get physical whole disk: SKDisk { BSD Name: disk8 Mount point: /private/tmp Role: kSKDiskRoleLegacyMacData Type: kSKDiskTypeHFS }
Aug 15 13:20:31 MacBook-Pro Unknown[495]: 2017-08-15 13:20:31.849 Disk Utility[531:26222] Failed to get physical whole disk: SKDisk { BSD Name: disk16 Mount point: /Library/Preferences/SystemConfiguration Role: kSKDiskRoleLegacyMacData Type: kSKDiskTypeHFS }
Aug 15 13:20:31 MacBook-Pro Unknown[495]: 2017-08-15 13:20:31.849 Disk Utility[531:26222] Failed to get physical whole disk: SKDisk { BSD Name: disk11 Mount point: /private/var/folders Role: kSKDiskRoleLegacyMacData Type: kSKDiskTypeHFS }
Aug 15 13:20:31 MacBook-Pro Unknown[495]: 2017-08-15 13:20:31.849 Disk Utility[531:26222] Failed to get physical whole disk: SKDisk { BSD Name: disk18 Mount point: /private/var/tmp/RecoveryTemp Role: kSKDiskRoleLegacyMacData Type: kSKDiskTypeHFS }
Aug 15 13:20:31 MacBook-Pro Unknown[495]: 2017-08-15 13:20:31.849 Disk Utility[531:26222] Failed to get physical whole disk: SKDisk { BSD Name: disk7 Mount point: /private/var/run Role: kSKDiskRoleLegacyMacData Type: kSKDiskTypeHFS }
Aug 15 13:20:31 MacBook-Pro Unknown[495]: 2017-08-15 13:20:31.849 Disk Utility[531:26222] Failed to get physical whole disk: SKDisk { BSD Name: disk13 Mount point: Not Mounted Role: kSKDiskRoleLegacyMacData Type: kSKDiskTypeHFS }
Aug 15 13:20:31 MacBook-Pro Unknown[495]: 2017-08-15 13:20:31.849 Disk Utility[531:26222] Failed to get physical whole disk: SKDisk { BSD Name: disk6 Mount point: /private/var/tmp Role: kSKDiskRoleLegacyMacData Type: kSKDiskTypeHFS }
Aug 15 13:20:31 MacBook-Pro Unknown[495]: 2017-08-15 13:20:31.849 Disk Utility[531:26222] Failed to get physical whole disk: SKDisk { BSD Name: disk15 Mount point: /Library/Preferences Role: kSKDiskRoleLegacyMacData Type: kSKDiskTypeHFS }
Aug 15 13:20:31 MacBook-Pro Unknown[495]: 2017-08-15 13:20:31.850 Disk Utility[531:26222] Failed to get physical whole disk: SKDisk { BSD Name: disk10 Mount point: /private/var/db Role: kSKDiskRoleLegacyMacData Type: kSKDiskTypeHFS }
Aug 15 13:20:31 MacBook-Pro Unknown[495]: 2017-08-15 13:20:31.850 Disk Utility[531:26222] Failed to get physical whole disk: SKDisk { BSD Name: disk5 Mount point: /Volumes Role: kSKDiskRoleLegacyMacData Type: kSKDiskTypeHFS }
Aug 15 13:20:31 MacBook-Pro Unknown[495]: 2017-08-15 13:20:31.850 Disk Utility[531:26222] Failed to get physical whole disk: SKDisk { BSD Name: disk17 Mount point: /Library/Keychains Role: kSKDiskRoleLegacyMacData Type: kSKDiskTypeHFS }
Aug 15 13:20:31 MacBook-Pro Unknown[495]: 2017-08-15 13:20:31.850 Disk Utility[531:26222] Failed to get physical whole disk: SKDisk { BSD Name: disk12 Mount point: /private/var/root/Library Role: kSKDiskRoleLegacyMacData Type: kSKDiskTypeHFS }
Aug 15 13:20:31 MacBook-Pro Unknown[495]: 2017-08-15 13:20:31.850 Disk Utility[531:26222] Failed to get physical whole disk: SKDisk { BSD Name: disk4 Mount point: /private/var/log Role: kSKDiskRoleLegacyMacData Type: kSKDiskTypeHFS }
Aug 15 13:20:31 MacBook-Pro Unknown[495]: 2017-08-15 13:20:31.850 Disk Utility[531:26222] Failed to get physical whole disk: SKDisk { BSD Name: disk9 Mount point: /System/Installation Role: kSKDiskRoleLegacyMacData Type: kSKDiskTypeHFS }
Aug 15 13:20:31 MacBook-Pro Unknown[495]: 2017-08-15 13:20:31.901 Disk Utility[531:26222] Failed to get physical whole disk: SKDisk { BSD Name: disk19 Mount point: /private/var/tmp/InstallerCookies Role: kSKDiskRoleLegacyMacData Type: kSKDiskTypeHFS }
Aug 15 13:20:31 MacBook-Pro Unknown[495]: 2017-08-15 13:20:31.901 Disk Utility[531:26222] Failed to get physical whole disk: SKDisk { BSD Name: disk14 Mount point: /private/var/root/Library/Containers Role: kSKDiskRoleLegacyMacData Type: kSKDiskTypeHFS }
Aug 15 13:20:31 MacBook-Pro Unknown[495]: 2017-08-15 13:20:31.901 Disk Utility[531:26222] Failed to get physical whole disk: SKDisk { BSD Name: disk8 Mount point: /private/tmp Role: kSKDiskRoleLegacyMacData Type: kSKDiskTypeHFS }
Aug 15 13:20:31 MacBook-Pro Unknown[495]: 2017-08-15 13:20:31.902 Disk Utility[531:26222] Failed to get physical whole disk: SKDisk { BSD Name: disk16 Mount point: /Library/Preferences/SystemConfiguration Role: kSKDiskRoleLegacyMacData Type: kSKDiskTypeHFS }
Aug 15 13:20:31 MacBook-Pro Unknown[495]: 2017-08-15 13:20:31.902 Disk Utility[531:26222] Failed to get physical whole disk: SKDisk { BSD Name: disk11 Mount point: /private/var/folders Role: kSKDiskRoleLegacyMacData Type: kSKDiskTypeHFS }
Aug 15 13:20:31 MacBook-Pro Unknown[495]: 2017-08-15 13:20:31.902 Disk Utility[531:26222] Failed to get physical whole disk: SKDisk { BSD Name: disk18 Mount point: /private/var/tmp/RecoveryTemp Role: kSKDiskRoleLegacyMacData Type: kSKDiskTypeHFS }
Aug 15 13:20:31 MacBook-Pro Unknown[495]: 2017-08-15 13:20:31.902 Disk Utility[531:26222] Failed to get physical whole disk: SKDisk { BSD Name: disk7 Mount point: /private/var/run Role: kSKDiskRoleLegacyMacData Type: kSKDiskTypeHFS }
Aug 15 13:20:31 MacBook-Pro Unknown[495]: 2017-08-15 13:20:31.902 Disk Utility[531:26222] Failed to get physical whole disk: SKDisk { BSD Name: disk13 Mount point: Not Mounted Role: kSKDiskRoleLegacyMacData Type: kSKDiskTypeHFS }
Aug 15 13:20:31 MacBook-Pro Unknown[495]: 2017-08-15 13:20:31.902 Disk Utility[531:26222] Failed to get physical whole disk: SKDisk { BSD Name: disk6 Mount point: /private/var/tmp Role: kSKDiskRoleLegacyMacData Type: kSKDiskTypeHFS }
Aug 15 13:20:31 MacBook-Pro Unknown[495]: 2017-08-15 13:20:31.903 Disk Utility[531:26222] Failed to get physical whole disk: SKDisk { BSD Name: disk15 Mount point: /Library/Preferences Role: kSKDiskRoleLegacyMacData Type: kSKDiskTypeHFS }
Aug 15 13:20:31 MacBook-Pro Unknown[495]: 2017-08-15 13:20:31.903 Disk Utility[531:26222] Failed to get physical whole disk: SKDisk { BSD Name: disk10 Mount point: /private/var/db Role: kSKDiskRoleLegacyMacData Type: kSKDiskTypeHFS }
Aug 15 13:20:31 MacBook-Pro Unknown[495]: 2017-08-15 13:20:31.903 Disk Utility[531:26222] Failed to get physical whole disk: SKDisk { BSD Name: disk5 Mount point: /Volumes Role: kSKDiskRoleLegacyMacData Type: kSKDiskTypeHFS }
Aug 15 13:20:31 MacBook-Pro Unknown[495]: 2017-08-15 13:20:31.903 Disk Utility[531:26222] Failed to get physical whole disk: SKDisk { BSD Name: disk17 Mount point: /Library/Keychains Role: kSKDiskRoleLegacyMacData Type: kSKDiskTypeHFS }
Aug 15 13:20:31 MacBook-Pro Unknown[495]: 2017-08-15 13:20:31.903 Disk Utility[531:26222] Failed to get physical whole disk: SKDisk { BSD Name: disk12 Mount point: /private/var/root/Library Role: kSKDiskRoleLegacyMacData Type: kSKDiskTypeHFS }
Aug 15 13:20:31 MacBook-Pro Unknown[495]: 2017-08-15 13:20:31.904 Disk Utility[531:26222] Failed to get physical whole disk: SKDisk { BSD Name: disk4 Mount point: /private/var/log Role: kSKDiskRoleLegacyMacData Type: kSKDiskTypeHFS }
Aug 15 13:20:31 MacBook-Pro Unknown[495]: 2017-08-15 13:20:31.904 Disk Utility[531:26222] Failed to get physical whole disk: SKDisk { BSD Name: disk9 Mount point: /System/Installation Role: kSKDiskRoleLegacyMacData Type: kSKDiskTypeHFS }
Aug 15 13:20:38 MacBook-Pro diskmanagementd[529]: DM ->T-[DMToolPartitionDisk changeGUIDKeysToPartIDKeys:forDictionary:]: inPartitionsArr=(
	        {
	        Flags = 1;
	        GUID = "9A483C33-479F-40DA-8386-C9C08A6941B4";
	        Name = "EFI System Partition";
	        Offset = 48;
	        "Partition ID" = 1;
	        Size = 614400;
	        Type = EFI;
	    },
	        {
	        Flags = 9;
	        GUID = "D8A89E78-7856-49C2-9C9B-140DBDCA1B88";
	        Offset = 614448;
	        "Partition ID" = 2;
	        Size = 976228424;
	        Type = "Apple_HFS";
	    }
	) inoutDict(bef)={
	    "D8A89E78-7856-49C2-9C9B-140DBDCA1B88" =     {
	        Erase = 0;
	        Existed = 0;
	        FilesystemName = "Journaled HFS+";
	        Name = "Macintosh HD";
	        Newfs = 1;
	        Size = 0;
	    };
	}
Aug 15 13:20:38 MacBook-Pro diskmanagementd[529]: DM ..T-[DMToolPartitionDisk changeGUIDKeysToPartIDKeys:forDictionary:]: listOfKeys=(
	    "D8A89E78-7856-49C2-9C9B-140DBDCA1B88"
	)
Aug 15 13:20:38 MacBook-Pro diskmanagementd[529]: DM ..T-[DMToolPartitionDisk changeGUIDKeysToPartIDKeys:forDictionary:]: . k=D8A89E78-7856-49C2-9C9B-140DBDCA1B88 p={
	    Flags = 9;
	    GUID = "D8A89E78-7856-49C2-9C9B-140DBDCA1B88";
	    Offset = 614448;
	    "Partition ID" = 2;
	    Size = 976228424;
	    Type = "Apple_HFS";
	}
Aug 15 13:20:38 MacBook-Pro diskmanagementd[529]: DM ..T-[DMToolPartitionDisk changeGUIDKeysToPartIDKeys:forDictionary:]: . CHANGING KEY: old=D8A89E78-7856-49C2-9C9B-140DBDCA1B88 new=2
Aug 15 13:20:38 MacBook-Pro diskmanagementd[529]: DM <-T-[DMToolPartitionDisk changeGUIDKeysToPartIDKeys:forDictionary:]: retVal=0 inoutDict(aft)={
	    2 =     {
	        Erase = 0;
	        Existed = 0;
	        FilesystemName = "Journaled HFS+";
	        Name = "Macintosh HD";
	        Newfs = 1;
	        Size = 0;
	    };
	}
Aug 15 13:20:38 MacBook-Pro Unknown[495]: 2017-08-15 13:20:38.381 Disk Utility[531:26222] Failed to get physical whole disk: SKDisk { BSD Name: disk19 Mount point: /private/var/tmp/InstallerCookies Role: kSKDiskRoleLegacyMacData Type: kSKDiskTypeHFS }
Aug 15 13:20:38 MacBook-Pro Unknown[495]: 2017-08-15 13:20:38.381 Disk Utility[531:26222] Failed to get physical whole disk: SKDisk { BSD Name: disk14 Mount point: /private/var/root/Library/Containers Role: kSKDiskRoleLegacyMacData Type: kSKDiskTypeHFS }
Aug 15 13:20:38 MacBook-Pro Unknown[495]: 2017-08-15 13:20:38.381 Disk Utility[531:26222] Failed to get physical whole disk: SKDisk { BSD Name: disk8 Mount point: /private/tmp Role: kSKDiskRoleLegacyMacData Type: kSKDiskTypeHFS }
Aug 15 13:20:38 MacBook-Pro Unknown[495]: 2017-08-15 13:20:38.381 Disk Utility[531:26222] Failed to get physical whole disk: SKDisk { BSD Name: disk16 Mount point: /Library/Preferences/SystemConfiguration Role: kSKDiskRoleLegacyMacData Type: kSKDiskTypeHFS }
Aug 15 13:20:38 MacBook-Pro Unknown[495]: 2017-08-15 13:20:38.381 Disk Utility[531:26222] Failed to get physical whole disk: SKDisk { BSD Name: disk11 Mount point: /private/var/folders Role: kSKDiskRoleLegacyMacData Type: kSKDiskTypeHFS }
Aug 15 13:20:38 MacBook-Pro Unknown[495]: 2017-08-15 13:20:38.382 Disk Utility[531:26222] Failed to get physical whole disk: SKDisk { BSD Name: disk18 Mount point: /private/var/tmp/RecoveryTemp Role: kSKDiskRoleLegacyMacData Type: kSKDiskTypeHFS }
Aug 15 13:20:38 MacBook-Pro Unknown[495]: 2017-08-15 13:20:38.382 Disk Utility[531:26222] Failed to get physical whole disk: SKDisk { BSD Name: disk7 Mount point: /private/var/run Role: kSKDiskRoleLegacyMacData Type: kSKDiskTypeHFS }
Aug 15 13:20:38 MacBook-Pro Unknown[495]: 2017-08-15 13:20:38.382 Disk Utility[531:26222] Failed to get physical whole disk: SKDisk { BSD Name: disk13 Mount point: Not Mounted Role: kSKDiskRoleLegacyMacData Type: kSKDiskTypeHFS }
Aug 15 13:20:38 MacBook-Pro Unknown[495]: 2017-08-15 13:20:38.382 Disk Utility[531:26222] Failed to get physical whole disk: SKDisk { BSD Name: disk6 Mount point: /private/var/tmp Role: kSKDiskRoleLegacyMacData Type: kSKDiskTypeHFS }
Aug 15 13:20:38 MacBook-Pro Unknown[495]: 2017-08-15 13:20:38.382 Disk Utility[531:26222] Failed to get physical whole disk: SKDisk { BSD Name: disk15 Mount point: /Library/Preferences Role: kSKDiskRoleLegacyMacData Type: kSKDiskTypeHFS }
Aug 15 13:20:38 MacBook-Pro Unknown[495]: 2017-08-15 13:20:38.382 Disk Utility[531:26222] Failed to get physical whole disk: SKDisk { BSD Name: disk10 Mount point: /private/var/db Role: kSKDiskRoleLegacyMacData Type: kSKDiskTypeHFS }
Aug 15 13:20:38 MacBook-Pro Unknown[495]: 2017-08-15 13:20:38.383 Disk Utility[531:26222] Failed to get physical whole disk: SKDisk { BSD Name: disk5 Mount point: /Volumes Role: kSKDiskRoleLegacyMacData Type: kSKDiskTypeHFS }
Aug 15 13:20:38 MacBook-Pro Unknown[495]: 2017-08-15 13:20:38.383 Disk Utility[531:26222] Failed to get physical whole disk: SKDisk { BSD Name: disk17 Mount point: /Library/Keychains Role: kSKDiskRoleLegacyMacData Type: kSKDiskTypeHFS }
Aug 15 13:20:38 MacBook-Pro Unknown[495]: 2017-08-15 13:20:38.383 Disk Utility[531:26222] Failed to get physical whole disk: SKDisk { BSD Name: disk12 Mount point: /private/var/root/Library Role: kSKDiskRoleLegacyMacData Type: kSKDiskTypeHFS }
Aug 15 13:20:38 MacBook-Pro Unknown[495]: 2017-08-15 13:20:38.383 Disk Utility[531:26222] Failed to get physical whole disk: SKDisk { BSD Name: disk4 Mount point: /private/var/log Role: kSKDiskRoleLegacyMacData Type: kSKDiskTypeHFS }
Aug 15 13:20:38 MacBook-Pro Unknown[495]: 2017-08-15 13:20:38.383 Disk Utility[531:26222] Failed to get physical whole disk: SKDisk { BSD Name: disk9 Mount point: /System/Installation Role: kSKDiskRoleLegacyMacData Type: kSKDiskTypeHFS }
Aug 15 13:20:38 MacBook-Pro diskmanagementd[529]: DM ->T-[DMToolBootPreference updateBootIniFileOnDisk:newPartNum:doIt:appropriate:exists:able:needsUpdate:ensuredIt:hadToWrite:]: inDisk=0x70000b9e67b0=disk0s1=EFI inNewPartNum=1 inDoIt=1
Aug 15 13:20:38 MacBook-Pro diskmanagementd[529]: DM <-T-[DMToolBootPreference updateBootIniFileOnDisk:newPartNum:doIt:appropriate:exists:able:needsUpdate:ensuredIt:hadToWrite:]: retErr=0 outApt=0 outExists=0 outAble=0 outNeedsUpdate=0 outEnsuredIt=0 outHadToWrite=0
Aug 15 13:20:38 MacBook-Pro diskmanagementd[529]: DM ->T-[DMToolBootPreference updateBootIniFileOnDisk:newPartNum:doIt:appropriate:exists:able:needsUpdate:ensuredIt:hadToWrite:]: inDisk=0x70000b9e67b0=disk0s2=Macintosh HD inNewPartNum=2 inDoIt=1
Aug 15 13:20:38 MacBook-Pro diskmanagementd[529]: DM <-T-[DMToolBootPreference updateBootIniFileOnDisk:newPartNum:doIt:appropriate:exists:able:needsUpdate:ensuredIt:hadToWrite:]: retErr=0 outApt=0 outExists=0 outAble=0 outNeedsUpdate=0 outEnsuredIt=0 outHadToWrite=0
Aug 15 13:20:38 MacBook-Pro storagekitd[528]: Erase Complete, Mount Point: (null)
Aug 15 13:20:38 MacBook-Pro storagekitd[528]: Recache Complete, Mount Point: (null)
Aug 15 13:20:42 MacBook-Pro Unknown[495]: Connected to daemon. Language set to: English
Aug 15 13:20:42 --- last message repeated 1 time ---
Aug 15 13:20:42 MacBook-Pro storagekitd[528]: Removing client connection <SKDaemonConnection: 0x7fcdc0c11490>
Aug 15 13:20:43 MacBook-Pro NetRestore[526]: Preventing machine sleep.
Aug 15 13:20:44 MacBook-Pro NetRestore[526]: doRestore: preparing to restore /System/Installation/Packages/System.dmg to /Volumes/Macintosh HD
Aug 15 13:20:44 MacBook-Pro NetRestore[526]: Start restore (asr-413) - role: client
Aug 15 13:20:44 MacBook-Pro NetRestore[526]: restoreThread: done
Aug 15 13:20:44 --- last message repeated 1 time ---
Aug 15 13:20:44 MacBook-Pro NetRestore[526]: restoreThread: Retrieving scan information...
Aug 15 13:20:44 MacBook-Pro NetRestore[526]: restoreThread: done
Aug 15 13:20:44 MacBook-Pro NetRestore[526]: restoreThread: Validating sizes...
Aug 15 13:20:44 MacBook-Pro NetRestore[526]: restoreThread: done
Aug 15 13:28:18 MacBook-Pro powerd[152]: Assertion TimedOut. Type:UserIsActive Name:'com.apple.iohideventsystem.queue.tickle.4294968253.11' Id:0x900008001 Process:hidd [System: PrevIdle DeclUser kDisp]
Aug 15 13:30:03 MacBook-Pro powerd[152]: Display is turned off
Aug 15 13:30:03 MacBook-Pro powerd[152]: Assertion Summary. Type:NoIdleSleepAssertion Name:'com.apple.asr' Id:0x100008006 Process:asr [System: PrevIdle]
Aug 15 13:30:03 MacBook-Pro powerd[152]: Assertion Summary. Type:NoIdleSleepAssertion Name:'ASRImageRestorePane' Id:0x100008005 Process:NetRestore [System: PrevIdle]
Aug 15 13:30:20 MacBook-Pro NetRestore[526]: restoreThread: Remounting target volume...
Aug 15 13:30:21 MacBook-Pro NetRestore[526]: restoreThread: done
Aug 15 13:30:21 MacBook-Pro powerd[152]: Assertion Released. Type:NoIdleSleepAssertion Name:'com.apple.asr' Id:0x100008006 Process:asr [System: PrevIdle]
Aug 15 13:30:22 MacBook-Pro diskmanagementd[529]: DM ->T-[DMToolRecoveryPartition ensureRecoveryPartitionForVolume:]: inParams={
	    BlacklistCurrCPUDiag = 1;
	    Bless = 1;
	    DIAGDMGChunkFile = "<null>";
	    DIAGDMGFile = "<null>";
	    DonorDiskUDSW = "disk0s2 Macintosh HD";
	    OSXDMGChunkFile = "/Volumes/Image Volume/BaseSystem.chunklist";
	    OSXDMGFile = "/Volumes/Image Volume/BaseSystem.dmg";
	    RepairDonor = 0;
	    VerifyImage = 0;
	}
Aug 15 13:30:22 MacBook-Pro diskmanagementd[529]: DM ..T-[DMToolRecoveryPartition ensureRecoveryPartitionForVolume:]: donor disk's storage system is simple so it itself will be the donor
Aug 15 13:30:22 MacBook-Pro diskmanagementd[529]: DM ..T-[DMToolRecoveryPartition ensureRecoveryPartitionForVolume:]: normalized donor: logical=0x7fa72041b008=disk0s2=Macintosh HD=(iflvuuid=(null)) physical=0x70000b963b80=disk0s2=Macintosh HD=disk0s2 storage=(null)
Aug 15 13:30:22 MacBook-Pro diskmanagementd[529]: DM ..T-[DMToolRecoveryPartition ensureRecoveryPartitionForVolume:]: at DoneCheckingDontPushWindowsOSPast4
Aug 15 13:30:22 MacBook-Pro diskmanagementd[529]: DM ->T-[DMToolRecoveryPartition findDiagnosticsGivenDMG:givenCHK:searchHost:currentCPUBlacklist:foundDMG:foundCHK:hadToSearch:tmpDir:]: inGivenDIAGDMGFile=(null) inGivenDIAGDMGChkFile=(null) inHost=0x7fa72041b008=disk0s2=Macintosh HD inCurrentCPUBlacklist=1
Aug 15 13:30:22 MacBook-Pro diskmanagementd[529]: DM ..T-[DMToolRecoveryPartition findDiagnosticsGivenDMG:givenCHK:searchHost:currentCPUBlacklist:foundDMG:foundCHK:hadToSearch:tmpDir:]: at starting diags preservation attempt
Aug 15 13:30:22 MacBook-Pro diskmanagementd[529]: DM <-T-[DMToolRecoveryPartition findDiagnosticsGivenDMG:givenCHK:searchHost:currentCPUBlacklist:foundDMG:foundCHK:hadToSearch:tmpDir:]: retErr=0 outDIAGDMGFile=(null) outDIAGDMGChkFile=(null) outHadToSearch=0 outTmpDir=(null)
Aug 15 13:30:22 MacBook-Pro diskmanagementd[529]: DM ..T-[DMToolRecoveryPartition ensureRecoveryPartitionForVolume:]: aft look for Apple Diagnostics dmg+chunklist, err=(not fatal, just means no diags)=0 DMG=(null) CHK=(null)
Aug 15 13:30:22 MacBook-Pro diskmanagementd[529]: DM ..T-[DMToolRecoveryPartition ensureRecoveryPartitionForVolume:]: and did we have to look around to find it (vs. just being passed-in) = usingOldDIAG=0
Aug 15 13:30:22 MacBook-Pro diskmanagementd[529]: DM ->T-[DMRecoveryFileCopier setOSXImageFile:DIAGSImageFile:OSXChunkListFile:DIAGSChunkListFile:doCopyBootCodeFromOSXImage:doVerifyImages:badDIAGSIsSoftError:withDMTool:statusReportingDisk:]: OSXDMG=/Volumes/Image Volume/BaseSystem.dmg DIAGSDMG=(null) OSXChunkList=/Volumes/Image Volume/BaseSystem.chunklist DIAGSChunkList=(null) cpBootSW=1 doVfy=0 badDIAGSok=0 DMT=0x7fa72041ca60 statusDisk=0x7fa72041b008=disk0s2=Macintosh HD
Aug 15 13:30:22 MacBook-Pro diskmanagementd[529]: DM <-T-[DMRecoveryFileCopier setOSXImageFile:DIAGSImageFile:OSXChunkListFile:DIAGSChunkListFile:doCopyBootCodeFromOSXImage:doVerifyImages:badDIAGSIsSoftError:withDMTool:statusReportingDisk:]: err=0
Aug 15 13:30:22 MacBook-Pro diskmanagementd[529]: DM ..T-[DMToolRecoveryPartition ensureRecoveryPartitionForVolume:]: bef attaching and mounting dmg(s)
Aug 15 13:30:22 MacBook-Pro diskmanagementd[529]: DM ->T-[DMRecoveryFileCopier attachAndMountAtPercentBegin:percentEnd:]: pct=6..15 ; mode=ERP
Aug 15 13:30:23 MacBook-Pro diskmanagementd[529]: DM <-T-[DMRecoveryFileCopier attachAndMountAtPercentBegin:percentEnd:]: retErr=0
Aug 15 13:30:23 MacBook-Pro diskmanagementd[529]: DM ..T-[DMToolRecoveryPartition ensureRecoveryPartitionForVolume:]: aft attaching and mounting dmg(s) err=0 ; note that if DidDiagSearch=0 and attach err then Diags will NOT be rebuilt (preserved)
Aug 15 13:30:23 MacBook-Pro diskmanagementd[529]: DM ..T-[DMToolRecoveryPartition ensureRecoveryPartitionForVolume:]: checking for existence, and calculating sizes, of files in dmg(s)
Aug 15 13:30:23 MacBook-Pro diskmanagementd[529]: DM ->T-[DMRecoveryFileCopier calculateFilesSizeAtPercentBegin:percentEnd:filesSize:]: pct=15..15 ; mode=ERP
Aug 15 13:30:23 MacBook-Pro diskmanagementd[529]: DM ..T-[DMRecoveryFileCopier calculateFilesSizeAtPercentBegin:percentEnd:filesSize:]: chosen boot program file path=/Volumes/OS X Base System 1/System/Library/CoreServices/boot.efi size=571960
Aug 15 13:30:23 MacBook-Pro diskmanagementd[529]: DM ..T-[DMRecoveryFileCopier calculateFilesSizeAtPercentBegin:percentEnd:filesSize:]: chosen kernelcache file path=/Volumes/OS X Base System 1/System/Library/PrelinkedKernels/prelinkedkernel size=23752240
Aug 15 13:30:23 MacBook-Pro diskmanagementd[529]: DM <-T-[DMRecoveryFileCopier calculateFilesSizeAtPercentBegin:percentEnd:filesSize:]: retErr=0 outFilesSize=506423412
Aug 15 13:30:23 MacBook-Pro diskmanagementd[529]: DM ..T-[DMToolRecoveryPartition ensureRecoveryPartitionForVolume:]: CALC result phase 1/5 (after adding up logical file sizes in dmg + expected to create ourselves) requiredFileSpaceForRecoveryFilesULL=506423412 =Sbydiv=989108 =MiBbydiv=482 =MBbydiv=506
Aug 15 13:30:23 MacBook-Pro diskmanagementd[529]: DM ..T-[DMToolRecoveryPartition ensureRecoveryPartitionForVolume:]: CALC result phase 2/5 (converted to iomedia desired size) desiredMinRecoveryDiskIOMediaSizeULL=523200628 =Sbydiv=1021876 =MiBbydiv=498
Aug 15 13:30:23 MacBook-Pro diskmanagementd[529]: DM ..T-[DMToolRecoveryPartition ensureRecoveryPartitionForVolume:]: CALC result phase 3/5 (after adding BootRoot iomedia allocation) desiredMinRecoveryDiskIOMediaSizeULL=623863924 =Sbydiv=1218484 =MiBbydiv=594
Aug 15 13:30:23 MacBook-Pro diskmanagementd[529]: DM ..T-[DMToolRecoveryPartition ensureRecoveryPartitionForVolume:]: CALC result phase 4/5 (after applying minimum) desiredMinRecoveryDiskIOMediaSizeULL=650000000 =Sbydiv=1269531 =MiBbydiv=619 =MBbydiv=650
Aug 15 13:30:23 MacBook-Pro diskmanagementd[529]: DM ..T-[DMToolRecoveryPartition ensureRecoveryPartitionForVolume:]: checking against recovery partition limit MAXimum
Aug 15 13:30:23 MacBook-Pro diskmanagementd[529]: DM ..T-[DMToolRecoveryPartition ensureRecoveryPartitionForVolume:]: CALC result phase 5/5 (after applying MAXimum) desiredMinRecoveryDiskIOMediaSizeULL=650000000 =Sbydiv=1269531 =MiBbydiv=619 =MBbydiv=650
Aug 15 13:30:23 MacBook-Pro diskmanagementd[529]: DM ->T-[DMToolRecoveryPartition ensureBooter:storage:phyUDS:logUDS:phyREF:logREF:copierForRecoveryFiles:hostOSXForBootRootFiles:recBSD:percentBegin:percentEnd:]: inMinSizeB=650000000 inSTORorNOT=(null) inPhyUDS=0x70000b963b80=disk0s2=Macintosh HD inLogUDS=0x7fa72041b008=disk0s2=Macintosh HD inPhyREF=(null) inLogREF=(null) inLogMP=/Volumes/Macintosh HD inFileCopier=0x7fa7204055d0 inPct=16..95
Aug 15 13:30:23 MacBook-Pro diskmanagementd[529]: DM ..T-[DMToolRecoveryPartition ensureBooter:storage:phyUDS:logUDS:phyREF:logREF:copierForRecoveryFiles:hostOSXForBootRootFiles:recBSD:percentBegin:percentEnd:]: existing conditions right after PHY=disk0s2: usedOrNotSpaceB=134217728 hasBooter=0 booterPartID/disk=0/(null) booterLocB/SizeB=0/0
Aug 15 13:30:23 MacBook-Pro diskmanagementd[529]: DM ..T-[DMToolRecoveryPartition ensureBooter:storage:phyUDS:logUDS:phyREF:logREF:copierForRecoveryFiles:hostOSXForBootRootFiles:recBSD:percentBegin:percentEnd:]: existing booter GUID=(nil if no booter)=(null)
Aug 15 13:30:23 MacBook-Pro diskmanagementd[529]: DM ..T-[DMToolRecoveryPartition ensureBooter:storage:phyUDS:logUDS:phyREF:logREF:copierForRecoveryFiles:hostOSXForBootRootFiles:recBSD:percentBegin:percentEnd:]: existing conditions of PHY: disk0s2 loc=S=614448=B=314597376 siz=S=976228424=B=499828953088=N=499828953088
Aug 15 13:30:23 MacBook-Pro diskmanagementd[529]: DM ..T-[DMToolRecoveryPartition ensureBooter:storage:phyUDS:logUDS:phyREF:logREF:copierForRecoveryFiles:hostOSXForBootRootFiles:recBSD:percentBegin:percentEnd:]: existing conditions of LOG: disk0s2 (could be whole so no loc) siz=S=976228424=B=499828953088=N=499828953088
Aug 15 13:30:23 MacBook-Pro diskmanagementd[529]: DM ..T-[DMToolRecoveryPartition ensureBooter:storage:phyUDS:logUDS:phyREF:logREF:copierForRecoveryFiles:hostOSXForBootRootFiles:recBSD:percentBegin:percentEnd:]: READY TO DO CASE: case=Create_Carve_Simple spaceDeltaB=515784704 booterDeltaB=0 (adviceIfUnable=-69886)
Aug 15 13:30:23 MacBook-Pro diskmanagementd[529]: DM ->T-[DMToolBootPreference testBootIniFilesUpdatabilityOnWholeDisk:]: inWholeDisk=0x70000b963760=disk0
Aug 15 13:30:23 MacBook-Pro diskmanagementd[529]: DM ->T-[DMToolBootPreference updateBootIniFileOnDisk:newPartNum:doIt:appropriate:exists:able:needsUpdate:ensuredIt:hadToWrite:]: inDisk=0x70000b963260=disk0s1=EFI inNewPartNum=1 inDoIt=0
Aug 15 13:30:23 MacBook-Pro diskmanagementd[529]: DM <-T-[DMToolBootPreference updateBootIniFileOnDisk:newPartNum:doIt:appropriate:exists:able:needsUpdate:ensuredIt:hadToWrite:]: retErr=0 outApt=0 outExists=0 outAble=0 outNeedsUpdate=0 outEnsuredIt=0 outHadToWrite=0
Aug 15 13:30:23 MacBook-Pro diskmanagementd[529]: DM ..T-[DMToolBootPreference testBootIniFilesUpdatabilityOnWholeDisk:]: . did updateBootIniFileOnDisk(do=N); fileFound=0 canHandle=0 needsUpdate=0
Aug 15 13:30:23 MacBook-Pro diskmanagementd[529]: DM ->T-[DMToolBootPreference updateBootIniFileOnDisk:newPartNum:doIt:appropriate:exists:able:needsUpdate:ensuredIt:hadToWrite:]: inDisk=0x70000b963260=disk0s2=Macintosh HD inNewPartNum=2 inDoIt=0
Aug 15 13:30:23 MacBook-Pro diskmanagementd[529]: DM <-T-[DMToolBootPreference updateBootIniFileOnDisk:newPartNum:doIt:appropriate:exists:able:needsUpdate:ensuredIt:hadToWrite:]: retErr=0 outApt=0 outExists=0 outAble=0 outNeedsUpdate=0 outEnsuredIt=0 outHadToWrite=0
Aug 15 13:30:23 MacBook-Pro diskmanagementd[529]: DM ..T-[DMToolBootPreference testBootIniFilesUpdatabilityOnWholeDisk:]: . did updateBootIniFileOnDisk(do=N); fileFound=0 canHandle=0 needsUpdate=0
Aug 15 13:30:23 MacBook-Pro diskmanagementd[529]: DM <-T-[DMToolBootPreference testBootIniFilesUpdatabilityOnWholeDisk:]: retErr=0
Aug 15 13:30:35 MacBook-Pro diskmanagementd[529]: DM ..T-[DMToolRecoveryPartition ensureBooter:storage:phyUDS:logUDS:phyREF:logREF:copierForRecoveryFiles:hostOSXForBootRootFiles:recBSD:percentBegin:percentEnd:]: done fsck of donor slice; err=0
Aug 15 13:30:36 MacBook-Pro diskmanagementd[529]: DM ->T-[DMToolPartitionMap editMapAtPartition:newSize:mode:optionSize:newEntriesRequested:formatNewEntries:newEntriesCreated:lmbrOption:percentBegin:percentEnd:partitionDataDelegate:]: inSliceDisk=0x70000b963b80=disk0s2=Macintosh HD inPct=26..34 inNewSize=499313168384(B)=975221032(S) inMode=AddRecoveryEntryDuringTargetShrinkOrNoChange inOptionSize=0(B)=0(S) inNewEntriesRequested=(null) inFormatNewEntries=0 inLMBROption=(null) inDelegate=(null)
Aug 15 13:30:36 MacBook-Pro diskmanagementd[529]: DM ..T-[DMToolPartitionMap editMapAtPartition:newSize:mode:optionSize:newEntriesRequested:formatNewEntries:newEntriesCreated:lmbrOption:percentBegin:percentEnd:partitionDataDelegate:]: ensured valid mode
Aug 15 13:30:36 MacBook-Pro diskmanagementd[529]: DM ..T-[DMToolPartitionMap editMapAtPartition:newSize:mode:optionSize:newEntriesRequested:formatNewEntries:newEntriesCreated:lmbrOption:percentBegin:percentEnd:partitionDataDelegate:]: ensured not (newSize=0=GrowToFit specified together with a special mode)
Aug 15 13:30:36 MacBook-Pro diskmanagementd[529]: DM ..T-[DMToolPartitionMap editMapAtPartition:newSize:mode:optionSize:newEntriesRequested:formatNewEntries:newEntriesCreated:lmbrOption:percentBegin:percentEnd:partitionDataDelegate:]: ensured not (AddRecoveryEntry mode plus triples specified)
Aug 15 13:30:36 MacBook-Pro diskmanagementd[529]: DM ..T-[DMToolPartitionMap editMapAtPartition:newSize:mode:optionSize:newEntriesRequested:formatNewEntries:newEntriesCreated:lmbrOption:percentBegin:percentEnd:partitionDataDelegate:]: ensured target is slice; ensured scheme is GPT; parent wholeDiskBSD/UDS=disk0
Aug 15 13:30:36 MacBook-Pro diskmanagementd[529]: DM ..T-[DMToolPartitionMap editMapAtPartition:newSize:mode:optionSize:newEntriesRequested:formatNewEntries:newEntriesCreated:lmbrOption:percentBegin:percentEnd:partitionDataDelegate:]: oldsize = 499828953088 B = 976228424 S
Aug 15 13:30:36 MacBook-Pro diskmanagementd[529]: DM ..T-[DMToolPartitionMap editMapAtPartition:newSize:mode:optionSize:newEntriesRequested:formatNewEntries:newEntriesCreated:lmbrOption:percentBegin:percentEnd:partitionDataDelegate:]: newsize = 499313168384 B = 975221032 S
Aug 15 13:30:36 MacBook-Pro diskmanagementd[529]: DM ..T-[DMToolPartitionMap editMapAtPartition:newSize:mode:optionSize:newEntriesRequested:formatNewEntries:newEntriesCreated:lmbrOption:percentBegin:percentEnd:partitionDataDelegate:]: ensured not (size delta indicates grow yet shrink-specific modes are asked for)
Aug 15 13:30:36 MacBook-Pro diskmanagementd[529]: DM ..T-[DMToolPartitionMap editMapAtPartition:newSize:mode:optionSize:newEntriesRequested:formatNewEntries:newEntriesCreated:lmbrOption:percentBegin:percentEnd:partitionDataDelegate:]: ensured not (size delta indicates shrink yet a grow-specific mode was asked for)
Aug 15 13:30:36 MacBook-Pro diskmanagementd[529]: DM ..T-[DMToolPartitionMap editMapAtPartition:newSize:mode:optionSize:newEntriesRequested:formatNewEntries:newEntriesCreated:lmbrOption:percentBegin:percentEnd:partitionDataDelegate:]: targetPartID=2
Aug 15 13:30:36 MacBook-Pro diskmanagementd[529]: DM ..T-[DMToolPartitionMap editMapAtPartition:newSize:mode:optionSize:newEntriesRequested:formatNewEntries:newEntriesCreated:lmbrOption:percentBegin:percentEnd:partitionDataDelegate:]: targetHasBooterAtPartID=(nil if no booter)=(null) GUID=(null) size=(null) name=(null)
Aug 15 13:30:36 MacBook-Pro diskmanagementd[529]: DM ..T-[DMToolPartitionMap editMapAtPartition:newSize:mode:optionSize:newEntriesRequested:formatNewEntries:newEntriesCreated:lmbrOption:percentBegin:percentEnd:partitionDataDelegate:]: doing DARegisterDiskPeekCallback to avoid DA dialogs
Aug 15 13:30:36 MacBook-Pro diskmanagementd[529]: DM ..T-[DMToolPartitionMap editMapAtPartition:newSize:mode:optionSize:newEntriesRequested:formatNewEntries:newEntriesCreated:lmbrOption:percentBegin:percentEnd:partitionDataDelegate:]: bef MKMediaCreateWithPath dev=/dev/rdisk0 opts={
	    "Shared Writer" = 1;
	    Writable = 1;
	}
Aug 15 13:30:36 MacBook-Pro diskmanagementd[529]: DM ..T-[DMToolPartitionMap editMapAtPartition:newSize:mode:optionSize:newEntriesRequested:formatNewEntries:newEntriesCreated:lmbrOption:percentBegin:percentEnd:partitionDataDelegate:]: aft MKMediaCreateWithPath err=0
Aug 15 13:30:36 MacBook-Pro diskmanagementd[529]: DM ..T-[DMToolPartitionMap editMapAtPartition:newSize:mode:optionSize:newEntriesRequested:formatNewEntries:newEntriesCreated:lmbrOption:percentBegin:percentEnd:partitionDataDelegate:]: blocksize=4096 kMINALIGNMENT=4096 kSECTORSIZE=512=512 alignment=8
Aug 15 13:30:36 MacBook-Pro diskmanagementd[529]: DM ..T-[DMToolPartitionMap editMapAtPartition:newSize:mode:optionSize:newEntriesRequested:formatNewEntries:newEntriesCreated:lmbrOption:percentBegin:percentEnd:partitionDataDelegate:]: bef MKCFReadMedia device=<MKMediaRef>: /dev/rdisk0=0x7fa72043c3d0 opts={
	    "Include all" = 1;
	}
Aug 15 13:30:36 MacBook-Pro diskmanagementd[529]: DM ..T-[DMToolPartitionMap editMapAtPartition:newSize:mode:optionSize:newEntriesRequested:formatNewEntries:newEntriesCreated:lmbrOption:percentBegin:percentEnd:partitionDataDelegate:]: aft MKCFReadMedia err=0 media={
	    Schemes =     (
	                {
	            ID = GPT;
	            Name = "GPT Partition Scheme";
	            Sections =             (
	                                {
	                    GUID = "C1F0C786-90A5-48DA-9B64-524F5768D9E0";
	                    ID = MAP;
	                    "Media Block Count" = 977104968;
	                    "Media Block Size" = 4096;
	                    "Media Offset" = 48;
	                    Offset = 48;
	                    Overhead = 88;
	                    Partitions =                     (
	                                                {
	                            GUID = "9A483C33-479F-40DA-8386-C9C08A6941B4";
	                            Name = "EFI System Partition";
	                            Offset = 48;
	                            "Partition ID" = 1;
	                            Size = 614400;
	                            Type = EFI;
	                        },
	                                                {
	                            GUID = "D8A89E78-7856-49C2-9C9B-140DBDCA1B88";
	                            Offset = 614448;
	                            "Partition ID" = 2;
	                            Size = 976228424;
	                            Type = "Apple_HFS";
	                        }
	                    );
	                    Revision = 65536;
	                    "Section Block Count" = 977105056;
	                    "_Reference" = <d0cb4320 a77f0000>;
	                }
	            );
	        }
	    );
	}
Aug 15 13:30:36 MacBook-Pro diskmanagementd[529]: DM ..T-[DMToolPartitionMap editMapAtPartition:newSize:mode:optionSize:newEntriesRequested:formatNewEntries:newEntriesCreated:lmbrOption:percentBegin:percentEnd:partitionDataDelegate:]: making DEL/ADD lists: RP mode: DEL+=none; ADD+=recovery
Aug 15 13:30:36 MacBook-Pro diskmanagementd[529]: DM ..T-[DMToolPartitionMap editMapAtPartition:newSize:mode:optionSize:newEntriesRequested:formatNewEntries:newEntriesCreated:lmbrOption:percentBegin:percentEnd:partitionDataDelegate:]: booterReqB roundup for UAM: rounded-512 up by 0 ; now booterReqB=0
Aug 15 13:30:36 MacBook-Pro diskmanagementd[529]: DM ..T-[DMToolPartitionMap editMapAtPartition:newSize:mode:optionSize:newEntriesRequested:formatNewEntries:newEntriesCreated:lmbrOption:percentBegin:percentEnd:partitionDataDelegate:]: booterReqB roundup for ALIGN: rounded-4096 up by 0 ; now booterReqB=0
Aug 15 13:30:36 MacBook-Pro diskmanagementd[529]: DM ..T-[DMToolPartitionMap editMapAtPartition:newSize:mode:optionSize:newEntriesRequested:formatNewEntries:newEntriesCreated:lmbrOption:percentBegin:percentEnd:partitionDataDelegate:]: done making DEL/ADD lists: DEL=(
	) ADD=(
	        {
	        IOContent = "Apple_Boot";
	        Name = "Recovery HD";
	        Size = 0;
	    }
	) ADDOPTS=(
	        {
	        "Direct Mode" = 1;
	        "Retain existing content" = 0;
	    }
	)
Aug 15 13:30:36 MacBook-Pro diskmanagementd[529]: DM ..T-[DMToolPartitionMap editMapAtPartition:newSize:mode:optionSize:newEntriesRequested:formatNewEntries:newEntriesCreated:lmbrOption:percentBegin:percentEnd:partitionDataDelegate:]: bef doomPartitionsByPartID oldEntriesToDelArr=(
	)
Aug 15 13:30:36 MacBook-Pro diskmanagementd[529]: DM ..T-[DMToolPartitionMap editMapAtPartition:newSize:mode:optionSize:newEntriesRequested:formatNewEntries:newEntriesCreated:lmbrOption:percentBegin:percentEnd:partitionDataDelegate:]: aft doomPartitionsByPartID err=0
Aug 15 13:30:36 MacBook-Pro diskmanagementd[529]: DM ..T-[DMToolPartitionMap editMapAtPartition:newSize:mode:optionSize:newEntriesRequested:formatNewEntries:newEntriesCreated:lmbrOption:percentBegin:percentEnd:partitionDataDelegate:]: bef MKCFUpdateMedia() (del) media={
	    Schemes =     (
	                {
	            ID = GPT;
	            Name = "GPT Partition Scheme";
	            Sections =             (
	                                {
	                    GUID = "C1F0C786-90A5-48DA-9B64-524F5768D9E0";
	                    ID = MAP;
	                    "Media Block Count" = 977104968;
	                    "Media Block Size" = 4096;
	                    "Media Offset" = 48;
	                    Offset = 48;
	                    Overhead = 88;
	                    Partitions =                     (
	                                                {
	                            GUID = "9A483C33-479F-40DA-8386-C9C08A6941B4";
	                            Name = "EFI System Partition";
	                            Offset = 48;
	                            "Partition ID" = 1;
	                            Size = 614400;
	                            Type = EFI;
	                        },
	                                                {
	                            GUID = "D8A89E78-7856-49C2-9C9B-140DBDCA1B88";
	                            Offset = 614448;
	                            "Partition ID" = 2;
	                            Size = 976228424;
	                            Type = "Apple_HFS";
	                        }
	                    );
	                    Revision = 65536;
	                    "Section Block Count" = 977105056;
	                    "_Reference" = <d0cb4320 a77f0000>;
	                }
	            );
	        }
	    );
	} lib=CFBundle 0x7fa720611430 </System/Library/PrivateFrameworks/MediaKit.framework/Loaders/MKDrivers.bundle> (not loaded) align=8 opts={
	    "Flexible Allocation" = 1;
	    "Generate Freespace Records" = 1;
	    "Legacy Mode" = 0;
	    "UEFI Mode" = 0;
	}
Aug 15 13:30:36 MacBook-Pro diskmanagementd[529]: DM ..T-[DMToolPartitionMap editMapAtPartition:newSize:mode:optionSize:newEntriesRequested:formatNewEntries:newEntriesCreated:lmbrOption:percentBegin:percentEnd:partitionDataDelegate:]: aft MKCFUpdateMedia() (del) err=0 media={
	    Schemes =     (
	                {
	            Alignment = 8;
	            ID = GPT;
	            Name = "GPT Partition Scheme";
	            Sections =             (
	                                {
	                    GUID = "C1F0C786-90A5-48DA-9B64-524F5768D9E0";
	                    ID = MAP;
	                    "Media Block Count" = 977104968;
	                    "Media Block Size" = 4096;
	                    "Media Offset" = 48;
	                    Offset = 48;
	                    Overhead = 88;
	                    Partitions =                     (
	                                                {
	                            GUID = "9A483C33-479F-40DA-8386-C9C08A6941B4";
	                            Name = "EFI System Partition";
	                            Offset = 48;
	                            "Partition ID" = 1;
	                            Size = 614400;
	                            Type = EFI;
	                        },
	                                                {
	                            GUID = "D8A89E78-7856-49C2-9C9B-140DBDCA1B88";
	                            Offset = 614448;
	                            "Partition ID" = 2;
	                            Size = 976228424;
	                            Type = "Apple_HFS";
	                        }
	                    );
	                    Revision = 65536;
	                    "Section Block Count" = 977105056;
	                    "_Reference" = <d0cb4320 a77f0000>;
	                }
	            );
	        }
	    );
	}
Aug 15 13:30:36 MacBook-Pro diskmanagementd[529]: DM ..T-[DMToolPartitionMap editMapAtPartition:newSize:mode:optionSize:newEntriesRequested:formatNewEntries:newEntriesCreated:lmbrOption:percentBegin:percentEnd:partitionDataDelegate:]: bef adjustPartitionsAtPartID2 newEntriesToAddArr=(
	        {
	        IOContent = "Apple_Boot";
	        Name = "Recovery HD";
	        Size = 0;
	    }
	)
Aug 15 13:30:36 MacBook-Pro diskmanagementd[529]: DM ..T-[DMToolPartitionMap editMapAtPartition:newSize:mode:optionSize:newEntriesRequested:formatNewEntries:newEntriesCreated:lmbrOption:percentBegin:percentEnd:partitionDataDelegate:]: aft adjustPartitionsAtPartID2 err=0 updatedMediaDict={
	    Schemes =     (
	                {
	            Alignment = 8;
	            ID = GPT;
	            Name = "GPT Partition Scheme";
	            Sections =             (
	                                {
	                    GUID = "C1F0C786-90A5-48DA-9B64-524F5768D9E0";
	                    ID = MAP;
	                    "Media Block Count" = 977104968;
	                    "Media Block Size" = 4096;
	                    "Media Offset" = 48;
	                    Offset = 48;
	                    Overhead = 88;
	                    Partitions =                     (
	                                                {
	                            GUID = "9A483C33-479F-40DA-8386-C9C08A6941B4";
	                            Name = "EFI System Partition";
	                            Offset = 48;
	                            "Partition ID" = 1;
	                            Size = 614400;
	                            Type = EFI;
	                        },
	                                                {
	                            GUID = "D8A89E78-7856-49C2-9C9B-140DBDCA1B88";
	                            Offset = 614448;
	                            Options =                             {
	                                "Direct Mode" = 1;
	                                "Retain existing content" = 1;
	                            };
	                            "Partition ID" = 2;
	                            Size = 975221032;
	                            Type = "Apple_HFS";
	                        },
	                                                {
	                            GUID = "5AB378EB-404A-4CAE-92DD-8B2FD2CD63DC";
	                            Offset = 975835480;
	                            Options =                             {
	                                "Direct Mode" = 1;
	                                "Retain existing content" = 0;
	                            };
	                            Type = "Apple_Boot";
	                        }
	                    );
	                    Revision = 65536;
	                    "Section Block Count" = 977105056;
	                    "_Reference" = <d0cb4320 a77f0000>;
	                }
	            );
	        }
	    );
	} newEntriesToDiscoverDict={
	    "5AB378EB-404A-4CAE-92DD-8B2FD2CD63DC" =     {
	        IOContent = "Apple_Boot";
	        Name = "Recovery HD";
	        Size = 0;
	    };
	}
Aug 15 13:30:36 MacBook-Pro diskmanagementd[529]: DM ..T-[DMToolPartitionMap editMapAtPartition:newSize:mode:optionSize:newEntriesRequested:formatNewEntries:newEntriesCreated:lmbrOption:percentBegin:percentEnd:partitionDataDelegate:]: bef MKCFUpdateMedia() (changesize+add) media={
	    Schemes =     (
	                {
	            Alignment = 8;
	            ID = GPT;
	            Name = "GPT Partition Scheme";
	            Sections =             (
	                                {
	                    GUID = "C1F0C786-90A5-48DA-9B64-524F5768D9E0";
	                    ID = MAP;
	                    "Media Block Count" = 977104968;
	                    "Media Block Size" = 4096;
	                    "Media Offset" = 48;
	                    Offset = 48;
	                    Overhead = 88;
	                    Partitions =                     (
	                                                {
	                            GUID = "9A483C33-479F-40DA-8386-C9C08A6941B4";
	                            Name = "EFI System Partition";
	                            Offset = 48;
	                            "Partition ID" = 1;
	                            Size = 614400;
	                            Type = EFI;
	                        },
	                                                {
	                            GUID = "D8A89E78-7856-49C2-9C9B-140DBDCA1B88";
	                            Offset = 614448;
	                            Options =                             {
	                                "Direct Mode" = 1;
	                                "Retain existing content" = 1;
	                            };
	                            "Partition ID" = 2;
	                            Size = 975221032;
	                            Type = "Apple_HFS";
	                        },
	                                                {
	                            GUID = "5AB378EB-404A-4CAE-92DD-8B2FD2CD63DC";
	                            Offset = 975835480;
	                            Options =                             {
	                                "Direct Mode" = 1;
	                                "Retain existing content" = 0;
	                            };
	                            Type = "Apple_Boot";
	                        }
	                    );
	                    Revision = 65536;
	                    "Section Block Count" = 977105056;
	                    "_Reference" = <d0cb4320 a77f0000>;
	                }
	            );
	        }
	    );
	} lib=CFBundle 0x7fa720611430 </System/Library/PrivateFrameworks/MediaKit.framework/Loaders/MKDrivers.bundle> (not loaded) align=8 opts={
	    "Flexible Allocation" = 1;
	    "Generate Freespace Records" = 1;
	    "Legacy Mode" = 0;
	    "UEFI Mode" = 0;
	}
Aug 15 13:30:36 MacBook-Pro diskmanagementd[529]: DM ..T-[DMToolPartitionMap editMapAtPartition:newSize:mode:optionSize:newEntriesRequested:formatNewEntries:newEntriesCreated:lmbrOption:percentBegin:percentEnd:partitionDataDelegate:]: aft MKCFUpdateMedia() (changesize+add) err=0 media={
	    Schemes =     (
	                {
	            Alignment = 8;
	            ID = GPT;
	            Name = "GPT Partition Scheme";
	            Sections =             (
	                                {
	                    GUID = "C1F0C786-90A5-48DA-9B64-524F5768D9E0";
	                    ID = MAP;
	                    "Media Block Count" = 977104968;
	                    "Media Block Size" = 4096;
	                    "Media Offset" = 48;
	                    Offset = 48;
	                    Overhead = 88;
	                    Partitions =                     (
	                                                {
	                            GUID = "9A483C33-479F-40DA-8386-C9C08A6941B4";
	                            Name = "EFI System Partition";
	                            Offset = 48;
	                            "Partition ID" = 1;
	                            Size = 614400;
	                            Type = EFI;
	                        },
	                                                {
	                            GUID = "D8A89E78-7856-49C2-9C9B-140DBDCA1B88";
	                            Offset = 614448;
	                            Options =                             {
	                                "Direct Mode" = 1;
	                                "Retain existing content" = 1;
	                            };
	                            "Partition ID" = 2;
	                            Size = 975221032;
	                            Type = "Apple_HFS";
	                        },
	                                                {
	                            Flags = 9;
	                            GUID = "5AB378EB-404A-4CAE-92DD-8B2FD2CD63DC";
	                            Offset = 975835480;
	                            Options =                             {
	                                "Direct Mode" = 1;
	                                "Retain existing content" = 0;
	                            };
	                            Size = 1269536;
	                            Type = "Apple_Boot";
	                        }
	                    );
	                    Revision = 65536;
	                    "Section Block Count" = 977105056;
	                    "_Reference" = <d0927120 a77f0000>;
	                }
	            );
	        }
	    );
	}
Aug 15 13:30:36 MacBook-Pro diskmanagementd[529]: DM ..T-[DMToolPartitionMap editMapAtPartition:newSize:mode:optionSize:newEntriesRequested:formatNewEntries:newEntriesCreated:lmbrOption:percentBegin:percentEnd:partitionDataDelegate:]: bef MKCFWriteMedia() media={
	    Schemes =     (
	                {
	            Alignment = 8;
	            ID = GPT;
	            Name = "GPT Partition Scheme";
	            Sections =             (
	                                {
	                    GUID = "C1F0C786-90A5-48DA-9B64-524F5768D9E0";
	                    ID = MAP;
	                    "Media Block Count" = 977104968;
	                    "Media Block Size" = 4096;
	                    "Media Offset" = 48;
	                    Offset = 48;
	                    Overhead = 88;
	                    Partitions =                     (
	                                                {
	                            GUID = "9A483C33-479F-40DA-8386-C9C08A6941B4";
	                            Name = "EFI System Partition";
	                            Offset = 48;
	                            "Partition ID" = 1;
	                            Size = 614400;
	                            Type = EFI;
	                        },
	                                                {
	                            GUID = "D8A89E78-7856-49C2-9C9B-140DBDCA1B88";
	                            Offset = 614448;
	                            Options =                             {
	                                "Direct Mode" = 1;
	                                "Retain existing content" = 1;
	                            };
	                            "Partition ID" = 2;
	                            Size = 975221032;
	                            Type = "Apple_HFS";
	                        },
	                                                {
	                            Flags = 9;
	                            GUID = "5AB378EB-404A-4CAE-92DD-8B2FD2CD63DC";
	                            Offset = 975835480;
	                            Options =                             {
	                                "Direct Mode" = 1;
	                                "Retain existing content" = 0;
	                            };
	                            Size = 1269536;
	                            Type = "Apple_Boot";
	                        }
	                    );
	                    Revision = 65536;
	                    "Section Block Count" = 977105056;
	                    "_Reference" = <d0927120 a77f0000>;
	                }
	            );
	        }
	    );
	}=0x7fa72043d230 opts={
	    "Flexible Allocation" = 1;
	    "Generate Freespace Records" = 1;
	    "Legacy Mode" = 0;
	    "UEFI Mode" = 0;
	}
Aug 15 13:30:36 MacBook-Pro diskmanagementd[529]: DM ..T-[DMToolPartitionMap editMapAtPartition:newSize:mode:optionSize:newEntriesRequested:formatNewEntries:newEntriesCreated:lmbrOption:percentBegin:percentEnd:partitionDataDelegate:]: aft MKCFWriteMedia() err=0 mediaDict={
	    Schemes =     (
	                {
	            Alignment = 8;
	            ID = GPT;
	            Name = "GPT Partition Scheme";
	            Sections =             (
	                                {
	                    GUID = "C1F0C786-90A5-48DA-9B64-524F5768D9E0";
	                    ID = MAP;
	                    "Media Block Count" = 977104968;
	                    "Media Block Size" = 4096;
	                    "Media Offset" = 48;
	                    Offset = 48;
	                    Overhead = 88;
	                    Partitions =                     (
	                                                {
	                            GUID = "9A483C33-479F-40DA-8386-C9C08A6941B4";
	                            Name = "EFI System Partition";
	                            Offset = 48;
	                            "Partition ID" = 1;
	                            Size = 614400;
	                            Type = EFI;
	                        },
	                                                {
	                            GUID = "D8A89E78-7856-49C2-9C9B-140DBDCA1B88";
	                            Offset = 614448;
	                            Options =                             {
	                                "Direct Mode" = 1;
	                                "Retain existing content" = 1;
	                            };
	                            "Partition ID" = 2;
	                            Size = 975221032;
	                            Type = "Apple_HFS";
	                        },
	                                                {
	                            Flags = 9;
	                            GUID = "5AB378EB-404A-4CAE-92DD-8B2FD2CD63DC";
	                            Offset = 975835480;
	                            Options =                             {
	                                "Direct Mode" = 1;
	                                "Retain existing content" = 0;
	                            };
	                            "Partition ID" = 3;
	                            Size = 1269536;
	                            Type = "Apple_Boot";
	                        }
	                    );
	                    Revision = 65536;
	                    "Section Block Count" = 977105056;
	                    "_Reference" = <d0927120 a77f0000>;
	                }
	            );
	        }
	    );
	}
Aug 15 13:30:36 MacBook-Pro diskmanagementd[529]: DM ..T-[DMToolPartitionMap editMapAtPartition:newSize:mode:optionSize:newEntriesRequested:formatNewEntries:newEntriesCreated:lmbrOption:percentBegin:percentEnd:partitionDataDelegate:]: bef MKCFDisposeMedia()
Aug 15 13:30:36 MacBook-Pro diskmanagementd[529]: DM ..T-[DMToolPartitionMap editMapAtPartition:newSize:mode:optionSize:newEntriesRequested:formatNewEntries:newEntriesCreated:lmbrOption:percentBegin:percentEnd:partitionDataDelegate:]: aft MKCFDisposeMedia() err=0
Aug 15 13:30:36 MacBook-Pro diskmanagementd[529]: DM ..T-[DMToolPartitionMap editMapAtPartition:newSize:mode:optionSize:newEntriesRequested:formatNewEntries:newEntriesCreated:lmbrOption:percentBegin:percentEnd:partitionDataDelegate:]: did MK CFRelease; driver can open again so disks will now reappear, no BSD ordering guaranteed, so will use GUID-UUID match
Aug 15 13:30:36 MacBook-Pro diskmanagementd[529]: DM ..T-[DMToolPartitionMap editMapAtPartition:newSize:mode:optionSize:newEntriesRequested:formatNewEntries:newEntriesCreated:lmbrOption:percentBegin:percentEnd:partitionDataDelegate:]: looking for 1 new disks
Aug 15 13:30:36 MacBook-Pro diskmanagementd[529]: DM ..T-[DMToolPartitionMap editMapAtPartition:newSize:mode:optionSize:newEntriesRequested:formatNewEntries:newEntriesCreated:lmbrOption:percentBegin:percentEnd:partitionDataDelegate:]: . new iter: now newEntriesToDiscoverDict={
	    "5AB378EB-404A-4CAE-92DD-8B2FD2CD63DC" =     {
	        IOContent = "Apple_Boot";
	        Name = "Recovery HD";
	        Size = 0;
	    };
	}
Aug 15 13:30:36 MacBook-Pro diskmanagementd[529]: DM ..T-[DMToolPartitionMap editMapAtPartition:newSize:mode:optionSize:newEntriesRequested:formatNewEntries:newEntriesCreated:lmbrOption:percentBegin:percentEnd:partitionDataDelegate:]: . a (any) MK-reported new child of 0x70000b963260=disk0 is GUID=5AB378EB-404A-4CAE-92DD-8B2FD2CD63DC ; looking in IOReg
Aug 15 13:30:36 MacBook-Pro diskmanagementd[529]: DM ..T-[DMToolPartitionMap editMapAtPartition:newSize:mode:optionSize:newEntriesRequested:formatNewEntries:newEntriesCreated:lmbrOption:percentBegin:percentEnd:partitionDataDelegate:]: . MATCH: NewDisk GUID=5AB378EB-404A-4CAE-92DD-8B2FD2CD63DC appeared in IOReg
Aug 15 13:30:36 MacBook-Pro diskmanagementd[529]: DM ..T-[DMToolPartitionMap editMapAtPartition:newSize:mode:optionSize:newEntriesRequested:formatNewEntries:newEntriesCreated:lmbrOption:percentBegin:percentEnd:partitionDataDelegate:]: . got from ioreg without expecting DA to know about it yet = NewDisk=0x70000b9630c0=disk0s3
Aug 15 13:30:36 MacBook-Pro diskmanagementd[529]: DM ..T-[DMToolPartitionMap editMapAtPartition:newSize:mode:optionSize:newEntriesRequested:formatNewEntries:newEntriesCreated:lmbrOption:percentBegin:percentEnd:partitionDataDelegate:]: . NewPartition of 0x70000b963260=disk0 is GUID=5AB378EB-404A-4CAE-92DD-8B2FD2CD63DC BSD=disk0s3
Aug 15 13:30:36 MacBook-Pro diskmanagementd[529]: DM ..T-[DMToolPartitionMap editMapAtPartition:newSize:mode:optionSize:newEntriesRequested:formatNewEntries:newEntriesCreated:lmbrOption:percentBegin:percentEnd:partitionDataDelegate:]: . NewEntryDict={
	    IOContent = "Apple_Boot";
	    Name = "Recovery HD";
	    Size = 0;
	}
Aug 15 13:30:36 MacBook-Pro diskmanagementd[529]: DM ..T-[DMToolPartitionMap editMapAtPartition:newSize:mode:optionSize:newEntriesRequested:formatNewEntries:newEntriesCreated:lmbrOption:percentBegin:percentEnd:partitionDataDelegate:]: . removing 5AB378EB-404A-4CAE-92DD-8B2FD2CD63DC from to-do dict
Aug 15 13:30:36 MacBook-Pro diskmanagementd[529]: DM ..T-[DMToolPartitionMap editMapAtPartition:newSize:mode:optionSize:newEntriesRequested:formatNewEntries:newEntriesCreated:lmbrOption:percentBegin:percentEnd:partitionDataDelegate:]: . after removal, now num new entries still to do = 0
Aug 15 13:30:36 MacBook-Pro diskmanagementd[529]: DM ..T-[DMToolPartitionMap editMapAtPartition:newSize:mode:optionSize:newEntriesRequested:formatNewEntries:newEntriesCreated:lmbrOption:percentBegin:percentEnd:partitionDataDelegate:]: . retry discovery unless timeout
Aug 15 13:30:36 MacBook-Pro diskmanagementd[529]: DM ..T-[DMToolPartitionMap editMapAtPartition:newSize:mode:optionSize:newEntriesRequested:formatNewEntries:newEntriesCreated:lmbrOption:percentBegin:percentEnd:partitionDataDelegate:]: . new iter: now newEntriesToDiscoverDict={
	}
Aug 15 13:30:36 MacBook-Pro diskmanagementd[529]: DM ..T-[DMToolPartitionMap editMapAtPartition:newSize:mode:optionSize:newEntriesRequested:formatNewEntries:newEntriesCreated:lmbrOption:percentBegin:percentEnd:partitionDataDelegate:]: at FoundAllNewDisks
Aug 15 13:30:36 MacBook-Pro diskmanagementd[529]: DM ..T-[DMToolPartitionMap editMapAtPartition:newSize:mode:optionSize:newEntriesRequested:formatNewEntries:newEntriesCreated:lmbrOption:percentBegin:percentEnd:partitionDataDelegate:]: updating Windows boot.ini files as needed
Aug 15 13:30:36 MacBook-Pro diskmanagementd[529]: DM ->T-[DMToolBootPreference updateBootIniFileOnDisk:newPartNum:doIt:appropriate:exists:able:needsUpdate:ensuredIt:hadToWrite:]: inDisk=0x70000b962e20=disk0s1=EFI inNewPartNum=1 inDoIt=1
Aug 15 13:30:36 MacBook-Pro diskmanagementd[529]: DM <-T-[DMToolBootPreference updateBootIniFileOnDisk:newPartNum:doIt:appropriate:exists:able:needsUpdate:ensuredIt:hadToWrite:]: retErr=0 outApt=0 outExists=0 outAble=0 outNeedsUpdate=0 outEnsuredIt=0 outHadToWrite=0
Aug 15 13:30:36 MacBook-Pro diskmanagementd[529]: DM ->T-[DMToolBootPreference updateBootIniFileOnDisk:newPartNum:doIt:appropriate:exists:able:needsUpdate:ensuredIt:hadToWrite:]: inDisk=0x70000b962e20=disk0s2=Macintosh HD inNewPartNum=2 inDoIt=1
Aug 15 13:30:36 MacBook-Pro diskmanagementd[529]: DM <-T-[DMToolBootPreference updateBootIniFileOnDisk:newPartNum:doIt:appropriate:exists:able:needsUpdate:ensuredIt:hadToWrite:]: retErr=0 outApt=0 outExists=0 outAble=0 outNeedsUpdate=0 outEnsuredIt=0 outHadToWrite=0
Aug 15 13:30:36 MacBook-Pro diskmanagementd[529]: DM ->T-[DMToolBootPreference updateBootIniFileOnDisk:newPartNum:doIt:appropriate:exists:able:needsUpdate:ensuredIt:hadToWrite:]: inDisk=0x70000b962e20=disk0s3 inNewPartNum=3 inDoIt=1
Aug 15 13:30:36 MacBook-Pro diskmanagementd[529]: DM <-T-[DMToolBootPreference updateBootIniFileOnDisk:newPartNum:doIt:appropriate:exists:able:needsUpdate:ensuredIt:hadToWrite:]: retErr=-69846 outApt=0 outExists=0 outAble=0 outNeedsUpdate=0 outEnsuredIt=0 outHadToWrite=0
Aug 15 13:30:36 MacBook-Pro diskmanagementd[529]: DM ..T-[DMToolPartitionMap editMapAtPartition:newSize:mode:optionSize:newEntriesRequested:formatNewEntries:newEntriesCreated:lmbrOption:percentBegin:percentEnd:partitionDataDelegate:]: if=1 DAUnregisterCallback for disk peeks
Aug 15 13:30:36 MacBook-Pro diskmanagementd[529]: DM ..T-[DMToolPartitionMap editMapAtPartition:newSize:mode:optionSize:newEntriesRequested:formatNewEntries:newEntriesCreated:lmbrOption:percentBegin:percentEnd:partitionDataDelegate:]: if=1 lower the DMT interrupt level
Aug 15 13:30:36 MacBook-Pro diskmanagementd[529]: DM ..T-[DMToolPartitionMap editMapAtPartition:newSize:mode:optionSize:newEntriesRequested:formatNewEntries:newEntriesCreated:lmbrOption:percentBegin:percentEnd:partitionDataDelegate:]: releases
Aug 15 13:30:36 MacBook-Pro diskmanagementd[529]: DM <-T-[DMToolPartitionMap editMapAtPartition:newSize:mode:optionSize:newEntriesRequested:formatNewEntries:newEntriesCreated:lmbrOption:percentBegin:percentEnd:partitionDataDelegate:]: outErr=0 outNewEntriesCreated=(
	    disk0s3
	)
Aug 15 13:30:36 MacBook-Pro diskmanagementd[529]: DM ->T-[DMToolRecoveryPartition populateBooter:verifyType:verifyMinSize:clearMode:copierForRecoveryFiles:hostOSXForBootRootFiles:statusReportingDisk:percentBegin:percentEnd:]: inPartitionUDS=0x70000b963800=disk0s3 inVfyType/MinSize=Apple_Boot/650002432 inClearMode=Format inRecCopier=0x7fa7204055d0 inBRHostMP=/Volumes/Macintosh HD inStatusDisk=0x7fa72041b008=disk0s2=Macintosh HD inPct=35..87
Aug 15 13:30:36 MacBook-Pro diskmanagementd[529]: DM ..T-[DMToolRecoveryPartition populateBooter:verifyType:verifyMinSize:clearMode:copierForRecoveryFiles:hostOSXForBootRootFiles:statusReportingDisk:percentBegin:percentEnd:]: Format Mode, so arrange to newfs it
Aug 15 13:30:36 MacBook-Pro diskmanagementd[529]: DM ..T-[DMToolRecoveryPartition populateBooter:verifyType:verifyMinSize:clearMode:copierForRecoveryFiles:hostOSXForBootRootFiles:statusReportingDisk:percentBegin:percentEnd:]: successful creation of RecoverySystem directory on booter volume
Aug 15 13:30:36 MacBook-Pro diskmanagementd[529]: DM ->T-[DMRecoveryFileCopier copyFilesToPath:atPercentBegin:percentEnd:]: inFilesDstPath=/Volumes/Recovery HD/com.apple.recovery.boot pct=37..81 ; mode=ERP
Aug 15 13:30:36 MacBook-Pro diskmanagementd[529]: DM ..T__90-[DMToolBootPreference copyFileFromPath:toDirAtPath:newName:disk:percentBegin:percentEnd:]_block_invoke^: bef copyfile srcPath=/Volumes/OS X Base System 1/System/Library/CoreServices/boot.efi dstPath=/Volumes/Recovery HD/com.apple.recovery.boot/boot.efi
Aug 15 13:30:36 MacBook-Pro diskmanagementd[529]: DM ..T__90-[DMToolBootPreference copyFileFromPath:toDirAtPath:newName:disk:percentBegin:percentEnd:]_block_invoke^: aft copyfile retCode=0 errno=2
Aug 15 13:30:36 MacBook-Pro diskmanagementd[529]: DM ..T__90-[DMToolBootPreference copyFileFromPath:toDirAtPath:newName:disk:percentBegin:percentEnd:]_block_invoke^: bef copyfile srcPath=/Volumes/OS X Base System 1/System/Library/PrelinkedKernels/prelinkedkernel dstPath=/Volumes/Recovery HD/com.apple.recovery.boot/prelinkedkernel
Aug 15 13:30:38 MacBook-Pro diskmanagementd[529]: DM ..T__90-[DMToolBootPreference copyFileFromPath:toDirAtPath:newName:disk:percentBegin:percentEnd:]_block_invoke^: aft copyfile retCode=0 errno=2
Aug 15 13:30:38 MacBook-Pro diskmanagementd[529]: DM ..T__90-[DMToolBootPreference copyFileFromPath:toDirAtPath:newName:disk:percentBegin:percentEnd:]_block_invoke^: bef copyfile srcPath=/Volumes/Image Volume/BaseSystem.dmg dstPath=/Volumes/Recovery HD/com.apple.recovery.boot/BaseSystem.dmg
Aug 15 13:30:47 MacBook-Pro diskmanagementd[529]: DM ..T__90-[DMToolBootPreference copyFileFromPath:toDirAtPath:newName:disk:percentBegin:percentEnd:]_block_invoke^: aft copyfile retCode=0 errno=2
Aug 15 13:30:47 MacBook-Pro diskmanagementd[529]: DM ..T__90-[DMToolBootPreference copyFileFromPath:toDirAtPath:newName:disk:percentBegin:percentEnd:]_block_invoke^: bef copyfile srcPath=/Volumes/OS X Base System 1/System/Library/CoreServices/SystemVersion.plist dstPath=/Volumes/Recovery HD/com.apple.recovery.boot/SystemVersion.plist
Aug 15 13:30:47 MacBook-Pro diskmanagementd[529]: DM ..T__90-[DMToolBootPreference copyFileFromPath:toDirAtPath:newName:disk:percentBegin:percentEnd:]_block_invoke^: aft copyfile retCode=0 errno=2
Aug 15 13:30:47 MacBook-Pro diskmanagementd[529]: DM ..T__90-[DMToolBootPreference copyFileFromPath:toDirAtPath:newName:disk:percentBegin:percentEnd:]_block_invoke^: bef copyfile srcPath=/Volumes/OS X Base System 1/System/Library/CoreServices/com.apple.recovery.boot/PlatformSupport.plist dstPath=/Volumes/Recovery HD/com.apple.recovery.boot/PlatformSupport.plist
Aug 15 13:30:47 MacBook-Pro diskmanagementd[529]: DM ..T__90-[DMToolBootPreference copyFileFromPath:toDirAtPath:newName:disk:percentBegin:percentEnd:]_block_invoke^: aft copyfile retCode=0 errno=2
Aug 15 13:30:47 MacBook-Pro diskmanagementd[529]: DM ..T__90-[DMToolBootPreference copyFileFromPath:toDirAtPath:newName:disk:percentBegin:percentEnd:]_block_invoke^: bef copyfile srcPath=/Volumes/Image Volume/BaseSystem.chunklist dstPath=/Volumes/Recovery HD/com.apple.recovery.boot/BaseSystem.chunklist
Aug 15 13:30:47 MacBook-Pro diskmanagementd[529]: DM ..T__90-[DMToolBootPreference copyFileFromPath:toDirAtPath:newName:disk:percentBegin:percentEnd:]_block_invoke^: aft copyfile retCode=0 errno=2
Aug 15 13:30:47 MacBook-Pro diskmanagementd[529]: DM <-T-[DMRecoveryFileCopier copyFilesToPath:atPercentBegin:percentEnd:]: retErr=0
Aug 15 13:30:47 MacBook-Pro diskmanagementd[529]: DM <-T-[DMToolRecoveryPartition populateBooter:verifyType:verifyMinSize:clearMode:copierForRecoveryFiles:hostOSXForBootRootFiles:statusReportingDisk:percentBegin:percentEnd:]: retErr=0
Aug 15 13:30:47 MacBook-Pro diskmanagementd[529]: DM <-T-[DMToolRecoveryPartition ensureBooter:storage:phyUDS:logUDS:phyREF:logREF:copierForRecoveryFiles:hostOSXForBootRootFiles:recBSD:percentBegin:percentEnd:]: retErr=0 outDisk=disk0s3
Aug 15 13:30:47 MacBook-Pro diskmanagementd[529]: DM ..T-[DMToolRecoveryPartition ensureRecoveryPartitionForVolume:]: final booter=recoveryDisk=disk0s3=0x70000b963a40=disk0s3=Recovery HD
Aug 15 13:30:48 MacBook-Pro diskmanagementd[529]: DM ..T-[DMToolRecoveryPartition ensureRecoveryPartitionForVolume:]: at exit; err=0
Aug 15 13:30:48 MacBook-Pro diskmanagementd[529]: DM ..T-[DMToolRecoveryPartition ensureRecoveryPartitionForVolume:]: output recoveryDiskBSD=disk0s3 physicalDonorBSD=disk0s2
Aug 15 13:30:48 MacBook-Pro diskmanagementd[529]: DM ->T-[DMRecoveryFileCopier unmountAndDetachAtPercentBegin:percentEnd:]: pct=99..99 ; mode=ERP
Aug 15 13:30:48 MacBook-Pro diskmanagementd[529]: DM <-T-[DMRecoveryFileCopier unmountAndDetachAtPercentBegin:percentEnd:]: err=0
Aug 15 13:30:48 MacBook-Pro powerd[152]: Assertion TurnedOff. Type:PreventUserIdleSystemSleep Name:'com.apple.diskmanagementd' Id:0x100008000 Process:diskmanagementd [System: PrevIdle]
Aug 15 13:30:48 MacBook-Pro diskmanagementd[529]: DM <-T-[DMToolRecoveryPartition ensureRecoveryPartitionForVolume:]
Aug 15 13:30:48 MacBook-Pro NetRestore[526]: doInstall: preparing to install /System/Installation/Packages/Extras/postinstall/installClientHelper.sh to /Volumes/Macintosh HD
Aug 15 13:30:48 MacBook-Pro NetRestore[526]: start_copy: Client Helper
Aug 15 13:30:48 MacBook-Pro NetRestore[526]: finish: 
Aug 15 13:30:48 MacBook-Pro NetRestore[526]: doInstall: preparing to install /System/Installation/Packages/Extras/postinstall/z_preserveInstallLog.sh to /Volumes/Macintosh HD
Aug 15 13:30:48 MacBook-Pro NetRestore[526]: start_copy: Install Log
Aug 15 13:31:25 MacBook-Pro softwareupdated[195]: softwareupdated: Starting with build 10.12.6 (16G29)
Aug 15 13:31:28 MacBook-Pro softwareupdated[195]: /Library/Bundles does not exist - watching for directory creation
Aug 15 13:31:28 MacBook-Pro softwareupdated[195]: BackgroundActivity: Activity check-in with Interval 21600 
Aug 15 13:31:30 MacBook-Pro softwareupdated[195]: BackgroundActivity: Starting Background Check Activity
Aug 15 13:31:32 MacBook-Pro Installer Progress[66]: IASGetCurrentInstallPhaseList: no install phase array set
Aug 15 13:31:32 MacBook-Pro Installer Progress[66]: IASGetCurrentInstallPhase: no install phase set
Aug 15 13:31:32 MacBook-Pro Installer Progress[66]: Progress App loading...
Aug 15 13:31:32 MacBook-Pro Installer Progress[66]: Progress App is running with no progress set.
Aug 15 13:31:32 MacBook-Pro Installer Progress[66]: End progress UI called...
Aug 15 13:31:32 MacBook-Pro Installer Progress[66]: Progress App running...
Aug 15 13:31:32 MacBook-Pro Language Chooser[324]: Found primary language hint "en"
Aug 15 13:31:32 MacBook-Pro Language Chooser[324]: ISAP: hide progress UI called.
Aug 15 13:31:32 MacBook-Pro Installer Progress[66]: Sending hide progress UI to delegate.
Aug 15 13:31:37 MacBook-Pro Language Chooser[324]: Waiting for buddy to launch...
Aug 15 13:31:37 MacBook-Pro Language Chooser[324]: notify_post result: 0
Aug 15 13:31:40 MacBook-Pro storagekitd[354]: Starting SKDaemon...
Aug 15 13:31:40 MacBook-Pro storagekitd[354]: Client entitled for state-changing
Aug 15 13:31:40 MacBook-Pro storagekitd[354]: Adding client connection <NSXPCConnection: 0x7fd841401360> connection from pid 353
Aug 15 13:31:40 MacBook-Pro EmbeddedOSInstallService[353]: Connected to daemon. Language set to: English
Aug 15 13:31:41 --- last message repeated 1 time ---
Aug 15 13:31:41 MacBook-Pro EmbeddedOSInstallService[353]: Boot ((null) -> (null) ((null)), preflighted = 0, prod fused = 1, user auth = 0, retries = 0, after boot failure = 0, failing phase = 20, client = (null), uuid = 109C7B36-C7FE-40F4-BF95-57F840935B00): Error Domain=EOSErrorDomain Code=1201 "No memboot image was found in the EFI system partition." UserInfo={NSLocalizedDescription=No memboot image was found in the EFI system partition.}
Aug 15 13:32:00 MacBook-Pro softwareupdated[195]: BackgroundActivity: Finished Background Check Activity
Aug 15 13:32:13 MacBook-Pro EmbeddedOSInstallService[353]: Restore ((null) -> (null) ((null)), preflighted = 0, prod fused = 1, user auth = 0, retries = 0, after boot failure = 1, failing phase = 4, client = loginwindow, uuid = F1D1CAEC-8A13-4239-8ABA-E85C41A0CFF1): Error Domain=EOSErrorDomain Code=101 "Can't continue the restore because you are not connected to the Internet." UserInfo={NSLocalizedDescription=Can't continue the restore because you are not connected to the Internet.}
Aug 15 13:32:15 MacBook-Pro EmbeddedOSInstallService[353]: Boot ((null) -> (null) ((null)), preflighted = 0, prod fused = 1, user auth = 0, retries = 0, after boot failure = 0, failing phase = 20, client = (null), uuid = B9B9B8DB-2212-4166-B743-D258193F4087): Error Domain=EOSErrorDomain Code=1201 "No memboot image was found in the EFI system partition." UserInfo={NSLocalizedDescription=No memboot image was found in the EFI system partition.}
Aug 15 13:32:20 MacBook-Pro Setup Assistant[432]: Starting Setup Assistant with uid 248
Aug 15 13:32:20 MacBook-Pro Setup Assistant[432]: ISAP: Done with phase "Setup Assistant"
Aug 15 13:32:20 MacBook-Pro Setup Assistant[432]: ISAP: hide progress UI called.
Aug 15 13:32:21 MacBook-Pro Installer Progress[437]: IASGetCurrentInstallPhaseList: no install phase array set
Aug 15 13:32:21 MacBook-Pro Installer Progress[437]: IASGetCurrentInstallPhase: no install phase set
Aug 15 13:32:21 MacBook-Pro Installer Progress[437]: Progress App loading...
Aug 15 13:32:21 MacBook-Pro Installer Progress[437]: Progress App is running with no progress set.
Aug 15 13:32:21 MacBook-Pro Installer Progress[437]: End progress UI called...
Aug 15 13:32:21 MacBook-Pro Installer Progress[437]: Progress App running...
Aug 15 13:32:21 MacBook-Pro Installer Progress[437]: IASInstallPhaseList: can't set property
Aug 15 13:32:21 MacBook-Pro Installer Progress[437]: IASCurrentInstallPhase: can't set property
Aug 15 13:32:21 MacBook-Pro Installer Progress[437]: Ending progress UI via 100% progress.
Aug 15 13:32:21 MacBook-Pro Installer Progress[437]: Sending hide progress UI to delegate.
Aug 15 13:32:21 MacBook-Pro storagekitd[354]: Client entitled for destructive operations
Aug 15 13:32:21 MacBook-Pro storagekitd[354]: Adding client connection <NSXPCConnection: 0x7fd843301510> connection from pid 432
Aug 15 13:32:21 MacBook-Pro Setup Assistant[432]: Connected to daemon. Language set to: English
Aug 15 13:32:21 --- last message repeated 1 time ---
Aug 15 13:32:21 MacBook-Pro storagekitd[354]: Client entitled for destructive operations
Aug 15 13:32:21 MacBook-Pro storagekitd[354]: Adding client connection <NSXPCConnection: 0x7fd8416025d0> connection from pid 473
Aug 15 13:32:22 MacBook-Pro installd[478]: installd: Starting
Aug 15 13:32:22 MacBook-Pro installd[478]: installd: uid=0, euid=0
Aug 15 13:32:22 MacBook-Pro system_installd[484]: installd: Starting
Aug 15 13:32:22 MacBook-Pro system_installd[484]: installd: uid=0, euid=0
Aug 15 13:32:22 MacBook-Pro systemmigrationd[473]: Connected to daemon. Language set to: English
Aug 15 13:32:22 MacBook-Pro Installer Progress[437]: Sending quit to delegate.
Aug 15 13:32:25 MacBook-Pro Installer Progress[66]: Sending quit to delegate.
Aug 15 13:32:58 MacBook-Pro softwareupdate_firstrun_tasks[77]: Host swscan.apple.com isReachable = YES
Aug 15 13:32:59 MacBook-Pro Setup Assistant[432]: Preventing machine sleep.
Aug 15 13:32:59 MacBook-Pro mbsystemadministration[394]: IASGetCurrentInstallPhaseList: no install phase array set
Aug 15 13:32:59 MacBook-Pro mbsystemadministration[394]: IASGetCurrentInstallPhase: no install phase set
Aug 15 13:33:02 MacBook-Pro Setup Assistant[432]: ISAP: show progress UI called.
Aug 15 13:33:03 MacBook-Pro Installer Progress[537]: Current phase is: Heal
Aug 15 13:33:03 MacBook-Pro Installer Progress[537]: Progress App loading...
Aug 15 13:33:03 MacBook-Pro Installer Progress[537]: Progress App running...
Aug 15 13:33:03 MacBook-Pro Installer Progress[537]: Sending show progress UI to delegate.
Aug 15 13:33:03 MacBook-Pro Installer Progress[537]: Shield windows created.
Aug 15 13:33:03 MacBook-Pro Installer Progress[537]: Shield windows ordered front.
Aug 15 13:33:31 MacBook-Pro softwareupdate_firstrun_tasks[77]: BuildTagCache: Building tag cache if necessary using catalog host swscan.apple.com
Aug 15 13:33:31 MacBook-Pro softwareupdated[195]: Adding client SUUpdateServiceClient pid=77, uid=200, installAuth=NO rights=(), transactions=0 (/System/Library/CoreServices/Software Update.app/Contents/Resources/softwareupdate_firstrun_tasks)
Aug 15 13:33:31 MacBook-Pro softwareupdated[195]: BuildTagCache:  Cache is current
Aug 15 13:33:31 MacBook-Pro softwareupdate_firstrun_tasks[77]: BuildTagCache:  Finished
Aug 15 13:33:31 MacBook-Pro softwareupdated[195]: Removing client SUUpdateServiceClient pid=77, uid=200, installAuth=NO rights=(), transactions=0 (/System/Library/CoreServices/Software Update.app/Contents/Resources/softwareupdate_firstrun_tasks)
Aug 15 13:34:41 MacBook-Pro EmbeddedOSInstallService[353]: Restore ((null) -> 14Y618b (Customer Boot), preflighted = 0, prod fused = 1, user auth = 0, retries = 0, after boot failure = 0, failing phase = 0, client = mbsystemadministration, uuid = 1479B5DA-1507-496E-B340-B291A829D305): success
Aug 15 13:34:42 MacBook-Pro Setup Assistant[432]: Allowing machine sleep.
Aug 15 13:34:42 MacBook-Pro Setup Assistant[432]: ISAP: hide progress UI called.
Aug 15 13:34:42 MacBook-Pro Installer Progress[537]: Sending hide progress UI to delegate.
Aug 15 13:34:42 MacBook-Pro Installer Progress[537]: End progress UI called...
Aug 15 13:35:43 Ricks-MacBook-Pro UserAccountUpdater[659]: EnableKeychainSync 1
Aug 15 13:35:43 Ricks-MacBook-Pro UserAccountUpdater[659]: Cleaned up spotlight ACLs
Aug 15 13:35:45 Ricks-MacBook-Pro UserAccountUpdater[659]: No deleted users found
Aug 15 13:35:58 Ricks-MacBook-Pro EmbeddedOSInstallService[353]: Preflight (14Y618b -> 14Y618b (Customer Boot), preflighted = 0, prod fused = 1, user auth = 0, retries = 0, after boot failure = 0, failing phase = 0, client = eospreflightagent, uuid = 1CD78387-7726-4BD9-8583-C7B4865A3328): success
Aug 15 13:36:37 Ricks-MacBook-Pro softwareupdated[195]: Event handler called with flags: 103
Aug 15 13:37:43 Ricks-MacBook-Pro storagekitd[354]: Removing client connection <SKDaemonConnection: 0x7fd843301fa0>
Aug 15 13:37:43 Ricks-MacBook-Pro storagekitd[354]: Client entitled for destructive operations
Aug 15 13:37:43 Ricks-MacBook-Pro storagekitd[354]: Adding client connection <NSXPCConnection: 0x7fd8416101c0> connection from pid 394
Aug 15 13:37:43 Ricks-MacBook-Pro mbsystemadministration[394]: Connected to daemon. Language set to: English
Aug 15 13:37:43 Ricks-MacBook-Pro storagekitd[354]: Ejecting 1 disks
Aug 15 13:37:43 Ricks-MacBook-Pro storagekitd[354]: Ejecting SKDisk { BSD Name: disk1 Mount point: Not Mounted Role: kSKDiskRoleLegacyMacData Type: kSKDiskTypeHFS }
Aug 15 13:37:44 Ricks-MacBook-Pro storagekitd[354]: Ejected
Aug 15 13:37:44 Ricks-MacBook-Pro storagekitd[354]: Removing client connection <SKDaemonConnection: 0x7fd841629a60>
Aug 15 13:37:50 Ricks-MacBook-Pro softwareupdate_notify_agent[907]: Handling notification event: LoginDone
Aug 15 13:37:50 Ricks-MacBook-Pro softwareupdate_notify_agent[907]: AssertionMgr: Take com.apple.softwareupdate.NotifyAgentAssertion-LoginDone assertion with type BackgroundTask for pid 907, id 0x816E
Aug 15 13:37:50 Ricks-MacBook-Pro softwareupdated[195]: Adding client SUUpdateServiceClient pid=907, uid=501, installAuth=NO rights=(), transactions=0 (/System/Library/CoreServices/Software Update.app/Contents/Resources/softwareupdate_notify_agent)
Aug 15 13:37:50 Ricks-MacBook-Pro softwareupdate_notify_agent[907]: Notifying with params: {
	    UpdateNotificationsOnly = 1;
	}
Aug 15 13:37:50 Ricks-MacBook-Pro softwareupdate_notify_agent[907]: appstoreupdateagent notified
Aug 15 13:37:50 Ricks-MacBook-Pro softwareupdate_notify_agent[907]: AssertionMgr: Cancel com.apple.softwareupdate.NotifyAgentAssertion-LoginDone assertion for pid 907, id 0x816E
Aug 15 13:37:51 Ricks-MacBook-Pro softwareupdated[195]: Adding client SUUpdateServiceClient pid=850, uid=501, installAuth=NO rights=(), transactions=0 (/System/Library/PrivateFrameworks/CommerceKit.framework/Versions/A/Resources/storeassetd)
Aug 15 13:37:51 Ricks-MacBook-Pro storeassetd[850]: Query for available updates: FINISHED
Aug 15 13:38:13 Ricks-MacBook-Pro storagekitd[354]: Removing client connection <SKDaemonConnection: 0x7fd8416058e0>
